This file contains any messages produced by compilers while
running configure, to aid debugging if configure makes a mistake.

It was created by daq configure 2.0.6, which was
generated by GNU Autoconf 2.69.  Invocation command line was

  $ ./configure 

## --------- ##
## Platform. ##
## --------- ##

hostname = rtds-cybersec1
uname -m = x86_64
uname -r = 3.10.0-1127.13.1.el7.x86_64
uname -s = Linux
uname -v = #1 SMP Fri Jun 12 14:34:17 EDT 2020

/usr/bin/uname -p = x86_64
/bin/uname -X     = unknown

/bin/arch              = x86_64
/usr/bin/arch -k       = unknown
/usr/convex/getsysinfo = unknown
/usr/bin/hostinfo      = unknown
/bin/machine           = unknown
/usr/bin/oslevel       = unknown
/bin/universe          = unknown

PATH: /opt/Qt/5.13.1/gcc_64/bin
PATH: /opt/Qt/Tools/QtCreator/bin
PATH: /usr/local/ssl/bin
PATH: /home/rtds-cybersec/eclipse
PATH: /opt/rh/rh-python36/root/usr/bin
PATH: /opt/Qt/5.13.1/gcc_64/bin
PATH: /opt/rh/python27/root/usr/bin
PATH: /opt/rh/devtoolset-8/root/usr/bin
PATH: /opt/Qt/Tools/QtCreator/bin
PATH: /usr/local/ssl/bin
PATH: /home/rtds-cybersec/eclipse
PATH: /usr/lib64/qt-3.3/bin
PATH: /usr/local/bin
PATH: /usr/local/sbin
PATH: /usr/bin
PATH: /usr/sbin
PATH: /bin
PATH: /sbin
PATH: /var/lib/snapd/snap/bin
PATH: /home/rtds-cybersec/repos/bake
PATH: /home/rtds-cybersec/.local/bin
PATH: /home/rtds-cybersec/bin
PATH: /home/rtds-cybersec/repos/bake


## ----------- ##
## Core tests. ##
## ----------- ##

configure:2472: checking for a BSD-compatible install
configure:2540: result: /usr/bin/install -c
configure:2551: checking whether build environment is sane
configure:2606: result: yes
configure:2757: checking for a thread-safe mkdir -p
configure:2796: result: /usr/bin/mkdir -p
configure:2803: checking for gawk
configure:2819: found /usr/bin/gawk
configure:2830: result: gawk
configure:2841: checking whether make sets $(MAKE)
configure:2863: result: yes
configure:2892: checking whether make supports nested variables
configure:2909: result: yes
configure:3043: checking for gcc
configure:3059: found /opt/rh/devtoolset-8/root/usr/bin/gcc
configure:3070: result: gcc
configure:3299: checking for C compiler version
configure:3308: gcc --version >&5
gcc (GCC) 8.3.1 20190311 (Red Hat 8.3.1-3)
Copyright (C) 2018 Free Software Foundation, Inc.
This is free software; see the source for copying conditions.  There is NO
warranty; not even for MERCHANTABILITY or FITNESS FOR A PARTICULAR PURPOSE.

configure:3319: $? = 0
configure:3308: gcc -v >&5
Using built-in specs.
COLLECT_GCC=gcc
COLLECT_LTO_WRAPPER=/opt/rh/devtoolset-8/root/usr/libexec/gcc/x86_64-redhat-linux/8/lto-wrapper
Target: x86_64-redhat-linux
Configured with: ../configure --enable-bootstrap --enable-languages=c,c++,fortran,lto --prefix=/opt/rh/devtoolset-8/root/usr --mandir=/opt/rh/devtoolset-8/root/usr/share/man --infodir=/opt/rh/devtoolset-8/root/usr/share/info --with-bugurl=http://bugzilla.redhat.com/bugzilla --enable-shared --enable-threads=posix --enable-checking=release --enable-multilib --with-system-zlib --enable-__cxa_atexit --disable-libunwind-exceptions --enable-gnu-unique-object --enable-linker-build-id --with-gcc-major-version-only --with-linker-hash-style=gnu --with-default-libstdcxx-abi=gcc4-compatible --enable-plugin --enable-initfini-array --with-isl=/builddir/build/BUILD/gcc-8.3.1-20190311/obj-x86_64-redhat-linux/isl-install --disable-libmpx --enable-gnu-indirect-function --with-tune=generic --with-arch_32=x86-64 --build=x86_64-redhat-linux
Thread model: posix
gcc version 8.3.1 20190311 (Red Hat 8.3.1-3) (GCC) 
configure:3319: $? = 0
configure:3308: gcc -V >&5
gcc: error: unrecognized command line option '-V'
gcc: fatal error: no input files
compilation terminated.
configure:3319: $? = 1
configure:3308: gcc -qversion >&5
gcc: error: unrecognized command line option '-qversion'; did you mean '--version'?
gcc: fatal error: no input files
compilation terminated.
configure:3319: $? = 1
configure:3339: checking whether the C compiler works
configure:3361: gcc    conftest.c  >&5
configure:3365: $? = 0
configure:3413: result: yes
configure:3416: checking for C compiler default output file name
configure:3418: result: a.out
configure:3424: checking for suffix of executables
configure:3431: gcc -o conftest    conftest.c  >&5
configure:3435: $? = 0
configure:3457: result: 
configure:3479: checking whether we are cross compiling
configure:3487: gcc -o conftest    conftest.c  >&5
configure:3491: $? = 0
configure:3498: ./conftest
configure:3502: $? = 0
configure:3517: result: no
configure:3522: checking for suffix of object files
configure:3544: gcc -c   conftest.c >&5
configure:3548: $? = 0
configure:3569: result: o
configure:3573: checking whether we are using the GNU C compiler
configure:3592: gcc -c   conftest.c >&5
configure:3592: $? = 0
configure:3601: result: yes
configure:3610: checking whether gcc accepts -g
configure:3630: gcc -c -g  conftest.c >&5
configure:3630: $? = 0
configure:3671: result: yes
configure:3688: checking for gcc option to accept ISO C89
configure:3751: gcc  -c -g -O2  conftest.c >&5
configure:3751: $? = 0
configure:3764: result: none needed
configure:3795: checking for style of include used by make
configure:3823: result: GNU
configure:3849: checking dependency style of gcc
configure:3960: result: gcc3
configure:4004: checking build system type
configure:4018: result: x86_64-unknown-linux-gnu
configure:4038: checking host system type
configure:4051: result: x86_64-unknown-linux-gnu
configure:4092: checking how to print strings
configure:4119: result: printf
configure:4140: checking for a sed that does not truncate output
configure:4204: result: /usr/bin/sed
configure:4222: checking for grep that handles long lines and -e
configure:4280: result: /usr/bin/grep
configure:4285: checking for egrep
configure:4347: result: /usr/bin/grep -E
configure:4352: checking for fgrep
configure:4414: result: /usr/bin/grep -F
configure:4449: checking for ld used by gcc
configure:4516: result: /opt/rh/devtoolset-8/root/usr/libexec/gcc/x86_64-redhat-linux/8/ld
configure:4523: checking if the linker (/opt/rh/devtoolset-8/root/usr/libexec/gcc/x86_64-redhat-linux/8/ld) is GNU ld
configure:4538: result: yes
configure:4550: checking for BSD- or MS-compatible name lister (nm)
configure:4599: result: /opt/rh/devtoolset-8/root/usr/bin/nm -B
configure:4729: checking the name lister (/opt/rh/devtoolset-8/root/usr/bin/nm -B) interface
configure:4736: gcc -c -g -O2  conftest.c >&5
configure:4739: /opt/rh/devtoolset-8/root/usr/bin/nm -B "conftest.o"
configure:4742: output
0000000000000000 B some_variable
configure:4749: result: BSD nm
configure:4752: checking whether ln -s works
configure:4756: result: yes
configure:4764: checking the maximum length of command line arguments
configure:4894: result: 1572864
configure:4911: checking whether the shell understands some XSI constructs
configure:4921: result: yes
configure:4925: checking whether the shell understands "+="
configure:4931: result: yes
configure:4966: checking how to convert x86_64-unknown-linux-gnu file names to x86_64-unknown-linux-gnu format
configure:5006: result: func_convert_file_noop
configure:5013: checking how to convert x86_64-unknown-linux-gnu file names to toolchain format
configure:5033: result: func_convert_file_noop
configure:5040: checking for /opt/rh/devtoolset-8/root/usr/libexec/gcc/x86_64-redhat-linux/8/ld option to reload object files
configure:5047: result: -r
configure:5121: checking for objdump
configure:5137: found /opt/rh/devtoolset-8/root/usr/bin/objdump
configure:5148: result: objdump
configure:5180: checking how to recognize dependent libraries
configure:5382: result: pass_all
configure:5467: checking for dlltool
configure:5497: result: no
configure:5527: checking how to associate runtime and link libraries
configure:5554: result: printf %s\n
configure:5615: checking for ar
configure:5631: found /opt/rh/devtoolset-8/root/usr/bin/ar
configure:5642: result: ar
configure:5679: checking for archiver @FILE support
configure:5696: gcc -c -g -O2  conftest.c >&5
configure:5696: $? = 0
configure:5699: ar cru libconftest.a @conftest.lst >&5
configure:5702: $? = 0
configure:5707: ar cru libconftest.a @conftest.lst >&5
ar: conftest.o: No such file or directory
configure:5710: $? = 1
configure:5722: result: @
configure:5780: checking for strip
configure:5796: found /opt/rh/devtoolset-8/root/usr/bin/strip
configure:5807: result: strip
configure:5879: checking for ranlib
configure:5895: found /opt/rh/devtoolset-8/root/usr/bin/ranlib
configure:5906: result: ranlib
configure:6008: checking command to parse /opt/rh/devtoolset-8/root/usr/bin/nm -B output from gcc object
configure:6128: gcc -c -g -O2  conftest.c >&5
configure:6131: $? = 0
configure:6135: /opt/rh/devtoolset-8/root/usr/bin/nm -B conftest.o \| sed -n -e 's/^.*[ ]\([ABCDGIRSTW][ABCDGIRSTW]*\)[ ][ ]*\([_A-Za-z][_A-Za-z0-9]*\)$/\1 \2 \2/p' | sed '/ __gnu_lto/d' \> conftest.nm
configure:6138: $? = 0
configure:6204: gcc -o conftest -g -O2   conftest.c conftstm.o >&5
configure:6207: $? = 0
configure:6245: result: ok
configure:6282: checking for sysroot
configure:6312: result: no
configure:6389: gcc -c -g -O2  conftest.c >&5
configure:6392: $? = 0
configure:6568: checking for mt
configure:6598: result: no
configure:6618: checking if : is a manifest tool
configure:6624: : '-?'
configure:6632: result: no
configure:7274: checking how to run the C preprocessor
configure:7305: gcc -E  conftest.c
configure:7305: $? = 0
configure:7319: gcc -E  conftest.c
conftest.c:11:10: fatal error: ac_nonexistent.h: No such file or directory
 #include <ac_nonexistent.h>
          ^~~~~~~~~~~~~~~~~~
compilation terminated.
configure:7319: $? = 1
configure: failed program was:
| /* confdefs.h */
| #define PACKAGE_NAME "daq"
| #define PACKAGE_TARNAME "daq"
| #define PACKAGE_VERSION "2.0.6"
| #define PACKAGE_STRING "daq 2.0.6"
| #define PACKAGE_BUGREPORT "snort-team@sourcefire.com"
| #define PACKAGE_URL ""
| #define PACKAGE "daq"
| #define VERSION "2.0.6"
| /* end confdefs.h.  */
| #include <ac_nonexistent.h>
configure:7344: result: gcc -E
configure:7364: gcc -E  conftest.c
configure:7364: $? = 0
configure:7378: gcc -E  conftest.c
conftest.c:11:10: fatal error: ac_nonexistent.h: No such file or directory
 #include <ac_nonexistent.h>
          ^~~~~~~~~~~~~~~~~~
compilation terminated.
configure:7378: $? = 1
configure: failed program was:
| /* confdefs.h */
| #define PACKAGE_NAME "daq"
| #define PACKAGE_TARNAME "daq"
| #define PACKAGE_VERSION "2.0.6"
| #define PACKAGE_STRING "daq 2.0.6"
| #define PACKAGE_BUGREPORT "snort-team@sourcefire.com"
| #define PACKAGE_URL ""
| #define PACKAGE "daq"
| #define VERSION "2.0.6"
| /* end confdefs.h.  */
| #include <ac_nonexistent.h>
configure:7407: checking for ANSI C header files
configure:7427: gcc -c -g -O2  conftest.c >&5
configure:7427: $? = 0
configure:7500: gcc -o conftest -g -O2   conftest.c  >&5
configure:7500: $? = 0
configure:7500: ./conftest
configure:7500: $? = 0
configure:7511: result: yes
configure:7524: checking for sys/types.h
configure:7524: gcc -c -g -O2  conftest.c >&5
configure:7524: $? = 0
configure:7524: result: yes
configure:7524: checking for sys/stat.h
configure:7524: gcc -c -g -O2  conftest.c >&5
configure:7524: $? = 0
configure:7524: result: yes
configure:7524: checking for stdlib.h
configure:7524: gcc -c -g -O2  conftest.c >&5
configure:7524: $? = 0
configure:7524: result: yes
configure:7524: checking for string.h
configure:7524: gcc -c -g -O2  conftest.c >&5
configure:7524: $? = 0
configure:7524: result: yes
configure:7524: checking for memory.h
configure:7524: gcc -c -g -O2  conftest.c >&5
configure:7524: $? = 0
configure:7524: result: yes
configure:7524: checking for strings.h
configure:7524: gcc -c -g -O2  conftest.c >&5
configure:7524: $? = 0
configure:7524: result: yes
configure:7524: checking for inttypes.h
configure:7524: gcc -c -g -O2  conftest.c >&5
configure:7524: $? = 0
configure:7524: result: yes
configure:7524: checking for stdint.h
configure:7524: gcc -c -g -O2  conftest.c >&5
configure:7524: $? = 0
configure:7524: result: yes
configure:7524: checking for unistd.h
configure:7524: gcc -c -g -O2  conftest.c >&5
configure:7524: $? = 0
configure:7524: result: yes
configure:7538: checking for dlfcn.h
configure:7538: gcc -c -g -O2  conftest.c >&5
configure:7538: $? = 0
configure:7538: result: yes
configure:7744: checking for objdir
configure:7759: result: .libs
configure:8030: checking if gcc supports -fno-rtti -fno-exceptions
configure:8048: gcc -c -g -O2  -fno-rtti -fno-exceptions conftest.c >&5
cc1: warning: command line option '-fno-rtti' is valid for C++/ObjC++ but not for C
configure:8052: $? = 0
configure:8065: result: no
configure:8392: checking for gcc option to produce PIC
configure:8399: result: -fPIC -DPIC
configure:8407: checking if gcc PIC flag -fPIC -DPIC works
configure:8425: gcc -c -g -O2  -fPIC -DPIC -DPIC conftest.c >&5
configure:8429: $? = 0
configure:8442: result: yes
configure:8471: checking if gcc static flag -static works
configure:8499: result: no
configure:8514: checking if gcc supports -c -o file.o
configure:8535: gcc -c -g -O2  -o out/conftest2.o conftest.c >&5
configure:8539: $? = 0
configure:8561: result: yes
configure:8569: checking if gcc supports -c -o file.o
configure:8616: result: yes
configure:8649: checking whether the gcc linker (/opt/rh/devtoolset-8/root/usr/libexec/gcc/x86_64-redhat-linux/8/ld -m elf_x86_64) supports shared libraries
configure:9802: result: yes
configure:9839: checking whether -lc should be explicitly linked in
configure:9847: gcc -c -g -O2  conftest.c >&5
configure:9850: $? = 0
configure:9865: gcc -shared  -fPIC -DPIC conftest.o  -v -Wl,-soname -Wl,conftest -o conftest 2\>\&1 \| /usr/bin/grep  -lc  \>/dev/null 2\>\&1
configure:9868: $? = 0
configure:9882: result: no
configure:10042: checking dynamic linker characteristics
configure:10553: gcc -o conftest -g -O2   -Wl,-rpath -Wl,/foo conftest.c  >&5
configure:10553: $? = 0
configure:10779: result: GNU/Linux ld.so
configure:10886: checking how to hardcode library paths into programs
configure:10911: result: immediate
configure:11451: checking whether stripping libraries is possible
configure:11456: result: yes
configure:11491: checking if libtool supports shared libraries
configure:11493: result: yes
configure:11496: checking whether to build shared libraries
configure:11517: result: yes
configure:11520: checking whether to build static libraries
configure:11524: result: yes
configure:11565: checking for visibility support
configure:11590: gcc -c -g -O2 -Werror -fvisibility=hidden  conftest.c >&5
configure:11590: $? = 0
configure:11599: result: yes
configure:11630: checking CFLAGS for gcc -Wall
configure:11657: gcc -c -g -O2 -fvisibility=hidden -pedantic -Werror  -Wall  conftest.c >&5
configure:11657: $? = 0
configure:11671: result: -Wall
configure:11684: : CFLAGS="$CFLAGS $var"
configure:11687: $? = 0
configure:11694: checking CFLAGS for gcc -Wwrite-strings
configure:11721: gcc -c -g -O2 -fvisibility=hidden -Wall -pedantic -Werror  -Wwrite-strings  conftest.c >&5
configure:11721: $? = 0
configure:11735: result: -Wwrite-strings
configure:11748: : CFLAGS="$CFLAGS $var"
configure:11751: $? = 0
configure:11758: checking CFLAGS for gcc -Wsign-compare
configure:11785: gcc -c -g -O2 -fvisibility=hidden -Wall -Wwrite-strings -pedantic -Werror  -Wsign-compare  conftest.c >&5
configure:11785: $? = 0
configure:11799: result: -Wsign-compare
configure:11812: : CFLAGS="$CFLAGS $var"
configure:11815: $? = 0
configure:11822: checking CFLAGS for gcc -Wcast-align
configure:11849: gcc -c -g -O2 -fvisibility=hidden -Wall -Wwrite-strings -Wsign-compare -pedantic -Werror  -Wcast-align  conftest.c >&5
configure:11849: $? = 0
configure:11863: result: -Wcast-align
configure:11876: : CFLAGS="$CFLAGS $var"
configure:11879: $? = 0
configure:11886: checking CFLAGS for gcc -Wextra
configure:11913: gcc -c -g -O2 -fvisibility=hidden -Wall -Wwrite-strings -Wsign-compare -Wcast-align -pedantic -Werror  -Wextra  conftest.c >&5
configure:11913: $? = 0
configure:11927: result: -Wextra
configure:11940: : CFLAGS="$CFLAGS $var"
configure:11943: $? = 0
configure:11950: checking CFLAGS for gcc -Wformat
configure:11977: gcc -c -g -O2 -fvisibility=hidden -Wall -Wwrite-strings -Wsign-compare -Wcast-align -Wextra -pedantic -Werror  -Wformat  conftest.c >&5
configure:11977: $? = 0
configure:11991: result: -Wformat
configure:12004: : CFLAGS="$CFLAGS $var"
configure:12007: $? = 0
configure:12014: checking CFLAGS for gcc -Wformat-security
configure:12041: gcc -c -g -O2 -fvisibility=hidden -Wall -Wwrite-strings -Wsign-compare -Wcast-align -Wextra -Wformat -pedantic -Werror  -Wformat-security  conftest.c >&5
configure:12041: $? = 0
configure:12055: result: -Wformat-security
configure:12068: : CFLAGS="$CFLAGS $var"
configure:12071: $? = 0
configure:12078: checking CFLAGS for gcc -Wno-unused-parameter
configure:12105: gcc -c -g -O2 -fvisibility=hidden -Wall -Wwrite-strings -Wsign-compare -Wcast-align -Wextra -Wformat -Wformat-security -pedantic -Werror  -Wno-unused-parameter  conftest.c >&5
configure:12105: $? = 0
configure:12119: result: -Wno-unused-parameter
configure:12132: : CFLAGS="$CFLAGS $var"
configure:12135: $? = 0
configure:12142: checking CFLAGS for gcc -fno-strict-aliasing
configure:12169: gcc -c -g -O2 -fvisibility=hidden -Wall -Wwrite-strings -Wsign-compare -Wcast-align -Wextra -Wformat -Wformat-security -Wno-unused-parameter -pedantic -Werror  -fno-strict-aliasing  conftest.c >&5
configure:12169: $? = 0
configure:12183: result: -fno-strict-aliasing
configure:12196: : CFLAGS="$CFLAGS $var"
configure:12199: $? = 0
configure:12206: checking CFLAGS for gcc -fdiagnostics-show-option
configure:12233: gcc -c -g -O2 -fvisibility=hidden -Wall -Wwrite-strings -Wsign-compare -Wcast-align -Wextra -Wformat -Wformat-security -Wno-unused-parameter -fno-strict-aliasing -pedantic -Werror  -fdiagnostics-show-option  conftest.c >&5
configure:12233: $? = 0
configure:12247: result: -fdiagnostics-show-option
configure:12260: : CFLAGS="$CFLAGS $var"
configure:12263: $? = 0
configure:12270: checking CFLAGS for gcc -pedantic -std=c99 -D_GNU_SOURCE
configure:12297: gcc -c -g -O2 -fvisibility=hidden -Wall -Wwrite-strings -Wsign-compare -Wcast-align -Wextra -Wformat -Wformat-security -Wno-unused-parameter -fno-strict-aliasing -fdiagnostics-show-option -pedantic -Werror  -pedantic -std=c99 -D_GNU_SOURCE  conftest.c >&5
configure:12297: $? = 0
configure:12311: result: -pedantic -std=c99 -D_GNU_SOURCE
configure:12324: : CFLAGS="$CFLAGS $var"
configure:12327: $? = 0
configure:12346: checking for getaddrinfo
configure:12346: gcc -o conftest -g -O2 -fvisibility=hidden -Wall -Wwrite-strings -Wsign-compare -Wcast-align -Wextra -Wformat -Wformat-security -Wno-unused-parameter -fno-strict-aliasing -fdiagnostics-show-option -pedantic -std=c99 -D_GNU_SOURCE   conftest.c  >&5
configure:12346: $? = 0
configure:12346: result: yes
configure:12386: checking for flex
configure:12402: found /usr/bin/flex
configure:12413: result: flex
configure:12428: checking for flex 2.4 or higher
configure:12440: result: yes
configure:12456: checking for bison
configure:12472: found /usr/bin/bison
configure:12483: result: bison
configure:12635: checking linux/if_ether.h usability
configure:12635: gcc -c -g -O2 -fvisibility=hidden -Wall -Wwrite-strings -Wsign-compare -Wcast-align -Wextra -Wformat -Wformat-security -Wno-unused-parameter -fno-strict-aliasing -fdiagnostics-show-option -pedantic -std=c99 -D_GNU_SOURCE  -I/usr/local/include conftest.c >&5
configure:12635: $? = 0
configure:12635: result: yes
configure:12635: checking linux/if_ether.h presence
configure:12635: gcc -E  -I/usr/local/include conftest.c
configure:12635: $? = 0
configure:12635: result: yes
configure:12635: checking for linux/if_ether.h
configure:12635: result: yes
configure:12635: checking linux/if_packet.h usability
configure:12635: gcc -c -g -O2 -fvisibility=hidden -Wall -Wwrite-strings -Wsign-compare -Wcast-align -Wextra -Wformat -Wformat-security -Wno-unused-parameter -fno-strict-aliasing -fdiagnostics-show-option -pedantic -std=c99 -D_GNU_SOURCE  -I/usr/local/include conftest.c >&5
configure:12635: $? = 0
configure:12635: result: yes
configure:12635: checking linux/if_packet.h presence
configure:12635: gcc -E  -I/usr/local/include conftest.c
configure:12635: $? = 0
configure:12635: result: yes
configure:12635: checking for linux/if_packet.h
configure:12635: result: yes
configure:12647: checking whether TPACKET2_HDRLEN is declared
configure:12647: gcc -c -g -O2 -fvisibility=hidden -Wall -Wwrite-strings -Wsign-compare -Wcast-align -Wextra -Wformat -Wformat-security -Wno-unused-parameter -fno-strict-aliasing -fdiagnostics-show-option -pedantic -std=c99 -D_GNU_SOURCE  -I/usr/local/include conftest.c >&5
configure:12647: $? = 0
configure:12647: result: yes
configure:12663: checking whether PACKET_TX_RING is declared
configure:12663: gcc -c -g -O2 -fvisibility=hidden -Wall -Wwrite-strings -Wsign-compare -Wcast-align -Wextra -Wformat -Wformat-security -Wno-unused-parameter -fno-strict-aliasing -fdiagnostics-show-option -pedantic -std=c99 -D_GNU_SOURCE  -I/usr/local/include conftest.c >&5
configure:12663: $? = 0
configure:12663: result: yes
configure:12702: checking pcap.h usability
configure:12702: gcc -c -g -O2 -fvisibility=hidden -Wall -Wwrite-strings -Wsign-compare -Wcast-align -Wextra -Wformat -Wformat-security -Wno-unused-parameter -fno-strict-aliasing -fdiagnostics-show-option -pedantic -std=c99 -D_GNU_SOURCE  -I/usr/local/include conftest.c >&5
configure:12702: $? = 0
configure:12702: result: yes
configure:12702: checking pcap.h presence
configure:12702: gcc -E  -I/usr/local/include conftest.c
configure:12702: $? = 0
configure:12702: result: yes
configure:12702: checking for pcap.h
configure:12702: result: yes
configure:12710: checking for pcap_lib_version in -lpcap
configure:12735: gcc -o conftest -g -O2 -fvisibility=hidden -Wall -Wwrite-strings -Wsign-compare -Wcast-align -Wextra -Wformat -Wformat-security -Wno-unused-parameter -fno-strict-aliasing -fdiagnostics-show-option -pedantic -std=c99 -D_GNU_SOURCE  -I/usr/local/include  conftest.c -lpcap   >&5
configure:12735: $? = 0
configure:12744: result: yes
configure:12802: checking netinet/in.h usability
configure:12802: gcc -c -g -O2 -fvisibility=hidden -Wall -Wwrite-strings -Wsign-compare -Wcast-align -Wextra -Wformat -Wformat-security -Wno-unused-parameter -fno-strict-aliasing -fdiagnostics-show-option -pedantic -std=c99 -D_GNU_SOURCE  -I/usr/local/include conftest.c >&5
configure:12802: $? = 0
configure:12802: result: yes
configure:12802: checking netinet/in.h presence
configure:12802: gcc -E  -I/usr/local/include conftest.c
configure:12802: $? = 0
configure:12802: result: yes
configure:12802: checking for netinet/in.h
configure:12802: result: yes
configure:12802: checking libipq.h usability
configure:12802: gcc -c -g -O2 -fvisibility=hidden -Wall -Wwrite-strings -Wsign-compare -Wcast-align -Wextra -Wformat -Wformat-security -Wno-unused-parameter -fno-strict-aliasing -fdiagnostics-show-option -pedantic -std=c99 -D_GNU_SOURCE  -I/usr/local/include conftest.c >&5
conftest.c:64:10: fatal error: libipq.h: No such file or directory
 #include <libipq.h>
          ^~~~~~~~~~
compilation terminated.
configure:12802: $? = 1
configure: failed program was:
| /* confdefs.h */
| #define PACKAGE_NAME "daq"
| #define PACKAGE_TARNAME "daq"
| #define PACKAGE_VERSION "2.0.6"
| #define PACKAGE_STRING "daq 2.0.6"
| #define PACKAGE_BUGREPORT "snort-team@sourcefire.com"
| #define PACKAGE_URL ""
| #define PACKAGE "daq"
| #define VERSION "2.0.6"
| #define STDC_HEADERS 1
| #define HAVE_SYS_TYPES_H 1
| #define HAVE_SYS_STAT_H 1
| #define HAVE_STDLIB_H 1
| #define HAVE_STRING_H 1
| #define HAVE_MEMORY_H 1
| #define HAVE_STRINGS_H 1
| #define HAVE_INTTYPES_H 1
| #define HAVE_STDINT_H 1
| #define HAVE_UNISTD_H 1
| #define HAVE_DLFCN_H 1
| #define LT_OBJDIR ".libs/"
| #define HAVE_VISIBILITY 1
| #define INET6 1
| #define HAVE_LINUX_IF_ETHER_H 1
| #define HAVE_LINUX_IF_PACKET_H 1
| #define HAVE_DECL_TPACKET2_HDRLEN 1
| #define HAVE_DECL_PACKET_TX_RING 1
| #define HAVE_LIBPCAP 1
| #define HAVE_NETINET_IN_H 1
| /* end confdefs.h.  */
| #include <stdio.h>
| #ifdef HAVE_SYS_TYPES_H
| # include <sys/types.h>
| #endif
| #ifdef HAVE_SYS_STAT_H
| # include <sys/stat.h>
| #endif
| #ifdef STDC_HEADERS
| # include <stdlib.h>
| # include <stddef.h>
| #else
| # ifdef HAVE_STDLIB_H
| #  include <stdlib.h>
| # endif
| #endif
| #ifdef HAVE_STRING_H
| # if !defined STDC_HEADERS && defined HAVE_MEMORY_H
| #  include <memory.h>
| # endif
| # include <string.h>
| #endif
| #ifdef HAVE_STRINGS_H
| # include <strings.h>
| #endif
| #ifdef HAVE_INTTYPES_H
| # include <inttypes.h>
| #endif
| #ifdef HAVE_STDINT_H
| # include <stdint.h>
| #endif
| #ifdef HAVE_UNISTD_H
| # include <unistd.h>
| #endif
| #include <libipq.h>
configure:12802: result: no
configure:12802: checking libipq.h presence
configure:12802: gcc -E  -I/usr/local/include conftest.c
conftest.c:31:10: fatal error: libipq.h: No such file or directory
 #include <libipq.h>
          ^~~~~~~~~~
compilation terminated.
configure:12802: $? = 1
configure: failed program was:
| /* confdefs.h */
| #define PACKAGE_NAME "daq"
| #define PACKAGE_TARNAME "daq"
| #define PACKAGE_VERSION "2.0.6"
| #define PACKAGE_STRING "daq 2.0.6"
| #define PACKAGE_BUGREPORT "snort-team@sourcefire.com"
| #define PACKAGE_URL ""
| #define PACKAGE "daq"
| #define VERSION "2.0.6"
| #define STDC_HEADERS 1
| #define HAVE_SYS_TYPES_H 1
| #define HAVE_SYS_STAT_H 1
| #define HAVE_STDLIB_H 1
| #define HAVE_STRING_H 1
| #define HAVE_MEMORY_H 1
| #define HAVE_STRINGS_H 1
| #define HAVE_INTTYPES_H 1
| #define HAVE_STDINT_H 1
| #define HAVE_UNISTD_H 1
| #define HAVE_DLFCN_H 1
| #define LT_OBJDIR ".libs/"
| #define HAVE_VISIBILITY 1
| #define INET6 1
| #define HAVE_LINUX_IF_ETHER_H 1
| #define HAVE_LINUX_IF_PACKET_H 1
| #define HAVE_DECL_TPACKET2_HDRLEN 1
| #define HAVE_DECL_PACKET_TX_RING 1
| #define HAVE_LIBPCAP 1
| #define HAVE_NETINET_IN_H 1
| /* end confdefs.h.  */
| #include <libipq.h>
configure:12802: result: no
configure:12802: checking for libipq.h
configure:12802: result: no
configure:12814: checking for linux/netfilter.h
configure:12814: gcc -c -g -O2 -fvisibility=hidden -Wall -Wwrite-strings -Wsign-compare -Wcast-align -Wextra -Wformat -Wformat-security -Wno-unused-parameter -fno-strict-aliasing -fdiagnostics-show-option -pedantic -std=c99 -D_GNU_SOURCE  -I/usr/local/include conftest.c >&5
configure:12814: $? = 0
configure:12814: result: yes
configure:12850: checking for netinet/in.h
configure:12850: result: yes
configure:12850: checking libnetfilter_queue/libnetfilter_queue.h usability
configure:12850: gcc -c -g -O2 -fvisibility=hidden -Wall -Wwrite-strings -Wsign-compare -Wcast-align -Wextra -Wformat -Wformat-security -Wno-unused-parameter -fno-strict-aliasing -fdiagnostics-show-option -pedantic -std=c99 -D_GNU_SOURCE  -I/usr/local/include conftest.c >&5
configure:12850: $? = 0
configure:12850: result: yes
configure:12850: checking libnetfilter_queue/libnetfilter_queue.h presence
configure:12850: gcc -E  -I/usr/local/include conftest.c
configure:12850: $? = 0
configure:12850: result: yes
configure:12850: checking for libnetfilter_queue/libnetfilter_queue.h
configure:12850: result: yes
configure:12862: checking for linux/netfilter.h
configure:12862: result: yes
configure:12895: checking for pcap.h
configure:12895: result: yes
configure:12905: checking for pcap_lib_version
configure:12907: checking for pcap_lib_version in -lpcap
configure:12941: result: yes
configure:12956: checking for libpcap version >= "1.0.0"
configure:12986: gcc -o conftest -g -O2 -fvisibility=hidden -Wall -Wwrite-strings -Wsign-compare -Wcast-align -Wextra -Wformat -Wformat-security -Wno-unused-parameter -fno-strict-aliasing -fdiagnostics-show-option -pedantic -std=c99 -D_GNU_SOURCE  -I/usr/local/include  conftest.c -lpcap -lpcap  >&5
configure:12986: $? = 0
configure:12986: ./conftest
configure:12986: $? = 0
configure:12996: result: yes
configure:13031: checking for net/netmap.h
configure:13031: gcc -c -g -O2 -fvisibility=hidden -Wall -Wwrite-strings -Wsign-compare -Wcast-align -Wextra -Wformat -Wformat-security -Wno-unused-parameter -fno-strict-aliasing -fdiagnostics-show-option -pedantic -std=c99 -D_GNU_SOURCE  -I/usr/local/include conftest.c >&5
configure:13031: $? = 0
configure:13031: result: yes
configure:13031: checking for net/netmap_user.h
configure:13031: gcc -c -g -O2 -fvisibility=hidden -Wall -Wwrite-strings -Wsign-compare -Wcast-align -Wextra -Wformat -Wformat-security -Wno-unused-parameter -fno-strict-aliasing -fdiagnostics-show-option -pedantic -std=c99 -D_GNU_SOURCE  -I/usr/local/include conftest.c >&5
configure:13031: $? = 0
configure:13031: result: yes
configure:13048: checking whether NETMAP_API is declared
configure:13048: gcc -c -g -O2 -fvisibility=hidden -Wall -Wwrite-strings -Wsign-compare -Wcast-align -Wextra -Wformat -Wformat-security -Wno-unused-parameter -fno-strict-aliasing -fdiagnostics-show-option -pedantic -std=c99 -D_GNU_SOURCE  -I/usr/local/include conftest.c >&5
configure:13048: $? = 0
configure:13048: result: yes
configure:13077: checking dnet.h usability
configure:13077: gcc -c -g -O2 -fvisibility=hidden -Wall -Wwrite-strings -Wsign-compare -Wcast-align -Wextra -Wformat -Wformat-security -Wno-unused-parameter -fno-strict-aliasing -fdiagnostics-show-option -pedantic -std=c99 -D_GNU_SOURCE  -I/usr/local/include conftest.c >&5
configure:13077: $? = 0
configure:13077: result: yes
configure:13077: checking dnet.h presence
configure:13077: gcc -E  -I/usr/local/include conftest.c
configure:13077: $? = 0
configure:13077: result: yes
configure:13077: checking for dnet.h
configure:13077: result: yes
configure:13091: checking dumbnet.h usability
configure:13091: gcc -c -g -O2 -fvisibility=hidden -Wall -Wwrite-strings -Wsign-compare -Wcast-align -Wextra -Wformat -Wformat-security -Wno-unused-parameter -fno-strict-aliasing -fdiagnostics-show-option -pedantic -std=c99 -D_GNU_SOURCE  -I/usr/local/include conftest.c >&5
conftest.c:69:10: fatal error: dumbnet.h: No such file or directory
 #include <dumbnet.h>
          ^~~~~~~~~~~
compilation terminated.
configure:13091: $? = 1
configure: failed program was:
| /* confdefs.h */
| #define PACKAGE_NAME "daq"
| #define PACKAGE_TARNAME "daq"
| #define PACKAGE_VERSION "2.0.6"
| #define PACKAGE_STRING "daq 2.0.6"
| #define PACKAGE_BUGREPORT "snort-team@sourcefire.com"
| #define PACKAGE_URL ""
| #define PACKAGE "daq"
| #define VERSION "2.0.6"
| #define STDC_HEADERS 1
| #define HAVE_SYS_TYPES_H 1
| #define HAVE_SYS_STAT_H 1
| #define HAVE_STDLIB_H 1
| #define HAVE_STRING_H 1
| #define HAVE_MEMORY_H 1
| #define HAVE_STRINGS_H 1
| #define HAVE_INTTYPES_H 1
| #define HAVE_STDINT_H 1
| #define HAVE_UNISTD_H 1
| #define HAVE_DLFCN_H 1
| #define LT_OBJDIR ".libs/"
| #define HAVE_VISIBILITY 1
| #define INET6 1
| #define HAVE_LINUX_IF_ETHER_H 1
| #define HAVE_LINUX_IF_PACKET_H 1
| #define HAVE_DECL_TPACKET2_HDRLEN 1
| #define HAVE_DECL_PACKET_TX_RING 1
| #define HAVE_LIBPCAP 1
| #define HAVE_NETINET_IN_H 1
| #define HAVE_NETINET_IN_H 1
| #define HAVE_LIBNETFILTER_QUEUE_LIBNETFILTER_QUEUE_H 1
| #define HAVE_NET_NETMAP_H 1
| #define HAVE_NET_NETMAP_USER_H 1
| #define HAVE_DNET_H 1
| /* end confdefs.h.  */
| #include <stdio.h>
| #ifdef HAVE_SYS_TYPES_H
| # include <sys/types.h>
| #endif
| #ifdef HAVE_SYS_STAT_H
| # include <sys/stat.h>
| #endif
| #ifdef STDC_HEADERS
| # include <stdlib.h>
| # include <stddef.h>
| #else
| # ifdef HAVE_STDLIB_H
| #  include <stdlib.h>
| # endif
| #endif
| #ifdef HAVE_STRING_H
| # if !defined STDC_HEADERS && defined HAVE_MEMORY_H
| #  include <memory.h>
| # endif
| # include <string.h>
| #endif
| #ifdef HAVE_STRINGS_H
| # include <strings.h>
| #endif
| #ifdef HAVE_INTTYPES_H
| # include <inttypes.h>
| #endif
| #ifdef HAVE_STDINT_H
| # include <stdint.h>
| #endif
| #ifdef HAVE_UNISTD_H
| # include <unistd.h>
| #endif
| #include <dumbnet.h>
configure:13091: result: no
configure:13091: checking dumbnet.h presence
configure:13091: gcc -E  -I/usr/local/include conftest.c
conftest.c:36:10: fatal error: dumbnet.h: No such file or directory
 #include <dumbnet.h>
          ^~~~~~~~~~~
compilation terminated.
configure:13091: $? = 1
configure: failed program was:
| /* confdefs.h */
| #define PACKAGE_NAME "daq"
| #define PACKAGE_TARNAME "daq"
| #define PACKAGE_VERSION "2.0.6"
| #define PACKAGE_STRING "daq 2.0.6"
| #define PACKAGE_BUGREPORT "snort-team@sourcefire.com"
| #define PACKAGE_URL ""
| #define PACKAGE "daq"
| #define VERSION "2.0.6"
| #define STDC_HEADERS 1
| #define HAVE_SYS_TYPES_H 1
| #define HAVE_SYS_STAT_H 1
| #define HAVE_STDLIB_H 1
| #define HAVE_STRING_H 1
| #define HAVE_MEMORY_H 1
| #define HAVE_STRINGS_H 1
| #define HAVE_INTTYPES_H 1
| #define HAVE_STDINT_H 1
| #define HAVE_UNISTD_H 1
| #define HAVE_DLFCN_H 1
| #define LT_OBJDIR ".libs/"
| #define HAVE_VISIBILITY 1
| #define INET6 1
| #define HAVE_LINUX_IF_ETHER_H 1
| #define HAVE_LINUX_IF_PACKET_H 1
| #define HAVE_DECL_TPACKET2_HDRLEN 1
| #define HAVE_DECL_PACKET_TX_RING 1
| #define HAVE_LIBPCAP 1
| #define HAVE_NETINET_IN_H 1
| #define HAVE_NETINET_IN_H 1
| #define HAVE_LIBNETFILTER_QUEUE_LIBNETFILTER_QUEUE_H 1
| #define HAVE_NET_NETMAP_H 1
| #define HAVE_NET_NETMAP_USER_H 1
| #define HAVE_DNET_H 1
| /* end confdefs.h.  */
| #include <dumbnet.h>
configure:13091: result: no
configure:13091: checking for dumbnet.h
configure:13091: result: no
configure:13114: checking for eth_set in -ldnet
configure:13139: gcc -o conftest -g -O2 -fvisibility=hidden -Wall -Wwrite-strings -Wsign-compare -Wcast-align -Wextra -Wformat -Wformat-security -Wno-unused-parameter -fno-strict-aliasing -fdiagnostics-show-option -pedantic -std=c99 -D_GNU_SOURCE  -I/usr/local/include  conftest.c -ldnet  -L/usr/local/lib -ldnet -lpcap -lpcap  >&5
configure:13139: $? = 0
configure:13148: result: yes
configure:13161: checking for eth_set in -ldumbnet
configure:13186: gcc -o conftest -g -O2 -fvisibility=hidden -Wall -Wwrite-strings -Wsign-compare -Wcast-align -Wextra -Wformat -Wformat-security -Wno-unused-parameter -fno-strict-aliasing -fdiagnostics-show-option -pedantic -std=c99 -D_GNU_SOURCE  -I/usr/local/include  conftest.c -ldumbnet  -L/usr/local/lib -ldnet -ldnet -lpcap -lpcap  >&5
/opt/rh/devtoolset-8/root/usr/libexec/gcc/x86_64-redhat-linux/8/ld: cannot find -ldumbnet
collect2: error: ld returned 1 exit status
configure:13186: $? = 1
configure: failed program was:
| /* confdefs.h */
| #define PACKAGE_NAME "daq"
| #define PACKAGE_TARNAME "daq"
| #define PACKAGE_VERSION "2.0.6"
| #define PACKAGE_STRING "daq 2.0.6"
| #define PACKAGE_BUGREPORT "snort-team@sourcefire.com"
| #define PACKAGE_URL ""
| #define PACKAGE "daq"
| #define VERSION "2.0.6"
| #define STDC_HEADERS 1
| #define HAVE_SYS_TYPES_H 1
| #define HAVE_SYS_STAT_H 1
| #define HAVE_STDLIB_H 1
| #define HAVE_STRING_H 1
| #define HAVE_MEMORY_H 1
| #define HAVE_STRINGS_H 1
| #define HAVE_INTTYPES_H 1
| #define HAVE_STDINT_H 1
| #define HAVE_UNISTD_H 1
| #define HAVE_DLFCN_H 1
| #define LT_OBJDIR ".libs/"
| #define HAVE_VISIBILITY 1
| #define INET6 1
| #define HAVE_LINUX_IF_ETHER_H 1
| #define HAVE_LINUX_IF_PACKET_H 1
| #define HAVE_DECL_TPACKET2_HDRLEN 1
| #define HAVE_DECL_PACKET_TX_RING 1
| #define HAVE_LIBPCAP 1
| #define HAVE_NETINET_IN_H 1
| #define HAVE_NETINET_IN_H 1
| #define HAVE_LIBNETFILTER_QUEUE_LIBNETFILTER_QUEUE_H 1
| #define HAVE_NET_NETMAP_H 1
| #define HAVE_NET_NETMAP_USER_H 1
| #define HAVE_DNET_H 1
| #define HAVE_LIBDNET 1
| /* end confdefs.h.  */
| 
| /* Override any GCC internal prototype to avoid an error.
|    Use char because int might match the return type of a GCC
|    builtin and then its argument prototype would still apply.  */
| #ifdef __cplusplus
| extern "C"
| #endif
| char eth_set ();
| int
| main ()
| {
| return eth_set ();
|   ;
|   return 0;
| }
configure:13195: result: no
configure:13248: checking for dlopen in -ldl
configure:13273: gcc -o conftest -g -O2 -fvisibility=hidden -Wall -Wwrite-strings -Wsign-compare -Wcast-align -Wextra -Wformat -Wformat-security -Wno-unused-parameter -fno-strict-aliasing -fdiagnostics-show-option -pedantic -std=c99 -D_GNU_SOURCE  -I/usr/local/include  conftest.c -ldl   >&5
configure:13273: $? = 0
configure:13282: result: yes
configure:13302: checking for inttypes.h
configure:13302: result: yes
configure:13302: checking for memory.h
configure:13302: result: yes
configure:13302: checking netdb.h usability
configure:13302: gcc -c -g -O2 -fvisibility=hidden -Wall -Wwrite-strings -Wsign-compare -Wcast-align -Wextra -Wformat -Wformat-security -Wno-unused-parameter -fno-strict-aliasing -fdiagnostics-show-option -pedantic -std=c99 -D_GNU_SOURCE  -I/usr/local/include conftest.c >&5
configure:13302: $? = 0
configure:13302: result: yes
configure:13302: checking netdb.h presence
configure:13302: gcc -E  -I/usr/local/include conftest.c
configure:13302: $? = 0
configure:13302: result: yes
configure:13302: checking for netdb.h
configure:13302: result: yes
configure:13302: checking for netinet/in.h
configure:13302: result: yes
configure:13302: checking for stdint.h
configure:13302: result: yes
configure:13302: checking for stdlib.h
configure:13302: result: yes
configure:13302: checking for string.h
configure:13302: result: yes
configure:13302: checking sys/ioctl.h usability
configure:13302: gcc -c -g -O2 -fvisibility=hidden -Wall -Wwrite-strings -Wsign-compare -Wcast-align -Wextra -Wformat -Wformat-security -Wno-unused-parameter -fno-strict-aliasing -fdiagnostics-show-option -pedantic -std=c99 -D_GNU_SOURCE  -I/usr/local/include conftest.c >&5
configure:13302: $? = 0
configure:13302: result: yes
configure:13302: checking sys/ioctl.h presence
configure:13302: gcc -E  -I/usr/local/include conftest.c
configure:13302: $? = 0
configure:13302: result: yes
configure:13302: checking for sys/ioctl.h
configure:13302: result: yes
configure:13302: checking sys/param.h usability
configure:13302: gcc -c -g -O2 -fvisibility=hidden -Wall -Wwrite-strings -Wsign-compare -Wcast-align -Wextra -Wformat -Wformat-security -Wno-unused-parameter -fno-strict-aliasing -fdiagnostics-show-option -pedantic -std=c99 -D_GNU_SOURCE  -I/usr/local/include conftest.c >&5
configure:13302: $? = 0
configure:13302: result: yes
configure:13302: checking sys/param.h presence
configure:13302: gcc -E  -I/usr/local/include conftest.c
configure:13302: $? = 0
configure:13302: result: yes
configure:13302: checking for sys/param.h
configure:13302: result: yes
configure:13302: checking sys/socket.h usability
configure:13302: gcc -c -g -O2 -fvisibility=hidden -Wall -Wwrite-strings -Wsign-compare -Wcast-align -Wextra -Wformat -Wformat-security -Wno-unused-parameter -fno-strict-aliasing -fdiagnostics-show-option -pedantic -std=c99 -D_GNU_SOURCE  -I/usr/local/include conftest.c >&5
configure:13302: $? = 0
configure:13302: result: yes
configure:13302: checking sys/socket.h presence
configure:13302: gcc -E  -I/usr/local/include conftest.c
configure:13302: $? = 0
configure:13302: result: yes
configure:13302: checking for sys/socket.h
configure:13302: result: yes
configure:13302: checking sys/time.h usability
configure:13302: gcc -c -g -O2 -fvisibility=hidden -Wall -Wwrite-strings -Wsign-compare -Wcast-align -Wextra -Wformat -Wformat-security -Wno-unused-parameter -fno-strict-aliasing -fdiagnostics-show-option -pedantic -std=c99 -D_GNU_SOURCE  -I/usr/local/include conftest.c >&5
configure:13302: $? = 0
configure:13302: result: yes
configure:13302: checking sys/time.h presence
configure:13302: gcc -E  -I/usr/local/include conftest.c
configure:13302: $? = 0
configure:13302: result: yes
configure:13302: checking for sys/time.h
configure:13302: result: yes
configure:13302: checking for unistd.h
configure:13302: result: yes
configure:13314: checking for inline
configure:13330: gcc -c -g -O2 -fvisibility=hidden -Wall -Wwrite-strings -Wsign-compare -Wcast-align -Wextra -Wformat -Wformat-security -Wno-unused-parameter -fno-strict-aliasing -fdiagnostics-show-option -pedantic -std=c99 -D_GNU_SOURCE  -I/usr/local/include conftest.c >&5
configure:13330: $? = 0
configure:13338: result: inline
configure:13356: checking for size_t
configure:13356: gcc -c -g -O2 -fvisibility=hidden -Wall -Wwrite-strings -Wsign-compare -Wcast-align -Wextra -Wformat -Wformat-security -Wno-unused-parameter -fno-strict-aliasing -fdiagnostics-show-option -pedantic -std=c99 -D_GNU_SOURCE  -I/usr/local/include conftest.c >&5
configure:13356: $? = 0
configure:13356: gcc -c -g -O2 -fvisibility=hidden -Wall -Wwrite-strings -Wsign-compare -Wcast-align -Wextra -Wformat -Wformat-security -Wno-unused-parameter -fno-strict-aliasing -fdiagnostics-show-option -pedantic -std=c99 -D_GNU_SOURCE  -I/usr/local/include conftest.c >&5
conftest.c: In function 'main':
conftest.c:85:21: error: expected expression before ')' token
 if (sizeof ((size_t)))
                     ^
configure:13356: $? = 1
configure: failed program was:
| /* confdefs.h */
| #define PACKAGE_NAME "daq"
| #define PACKAGE_TARNAME "daq"
| #define PACKAGE_VERSION "2.0.6"
| #define PACKAGE_STRING "daq 2.0.6"
| #define PACKAGE_BUGREPORT "snort-team@sourcefire.com"
| #define PACKAGE_URL ""
| #define PACKAGE "daq"
| #define VERSION "2.0.6"
| #define STDC_HEADERS 1
| #define HAVE_SYS_TYPES_H 1
| #define HAVE_SYS_STAT_H 1
| #define HAVE_STDLIB_H 1
| #define HAVE_STRING_H 1
| #define HAVE_MEMORY_H 1
| #define HAVE_STRINGS_H 1
| #define HAVE_INTTYPES_H 1
| #define HAVE_STDINT_H 1
| #define HAVE_UNISTD_H 1
| #define HAVE_DLFCN_H 1
| #define LT_OBJDIR ".libs/"
| #define HAVE_VISIBILITY 1
| #define INET6 1
| #define HAVE_LINUX_IF_ETHER_H 1
| #define HAVE_LINUX_IF_PACKET_H 1
| #define HAVE_DECL_TPACKET2_HDRLEN 1
| #define HAVE_DECL_PACKET_TX_RING 1
| #define HAVE_LIBPCAP 1
| #define HAVE_NETINET_IN_H 1
| #define HAVE_NETINET_IN_H 1
| #define HAVE_LIBNETFILTER_QUEUE_LIBNETFILTER_QUEUE_H 1
| #define HAVE_NET_NETMAP_H 1
| #define HAVE_NET_NETMAP_USER_H 1
| #define HAVE_DNET_H 1
| #define HAVE_LIBDNET 1
| #define HAVE_INTTYPES_H 1
| #define HAVE_MEMORY_H 1
| #define HAVE_NETDB_H 1
| #define HAVE_NETINET_IN_H 1
| #define HAVE_STDINT_H 1
| #define HAVE_STDLIB_H 1
| #define HAVE_STRING_H 1
| #define HAVE_SYS_IOCTL_H 1
| #define HAVE_SYS_PARAM_H 1
| #define HAVE_SYS_SOCKET_H 1
| #define HAVE_SYS_TIME_H 1
| #define HAVE_UNISTD_H 1
| /* end confdefs.h.  */
| #include <stdio.h>
| #ifdef HAVE_SYS_TYPES_H
| # include <sys/types.h>
| #endif
| #ifdef HAVE_SYS_STAT_H
| # include <sys/stat.h>
| #endif
| #ifdef STDC_HEADERS
| # include <stdlib.h>
| # include <stddef.h>
| #else
| # ifdef HAVE_STDLIB_H
| #  include <stdlib.h>
| # endif
| #endif
| #ifdef HAVE_STRING_H
| # if !defined STDC_HEADERS && defined HAVE_MEMORY_H
| #  include <memory.h>
| # endif
| # include <string.h>
| #endif
| #ifdef HAVE_STRINGS_H
| # include <strings.h>
| #endif
| #ifdef HAVE_INTTYPES_H
| # include <inttypes.h>
| #endif
| #ifdef HAVE_STDINT_H
| # include <stdint.h>
| #endif
| #ifdef HAVE_UNISTD_H
| # include <unistd.h>
| #endif
| int
| main ()
| {
| if (sizeof ((size_t)))
| 	    return 0;
|   ;
|   return 0;
| }
configure:13356: result: yes
configure:13367: checking for uint16_t
configure:13367: gcc -c -g -O2 -fvisibility=hidden -Wall -Wwrite-strings -Wsign-compare -Wcast-align -Wextra -Wformat -Wformat-security -Wno-unused-parameter -fno-strict-aliasing -fdiagnostics-show-option -pedantic -std=c99 -D_GNU_SOURCE  -I/usr/local/include conftest.c >&5
configure:13367: $? = 0
configure:13367: result: yes
configure:13379: checking for uint32_t
configure:13379: gcc -c -g -O2 -fvisibility=hidden -Wall -Wwrite-strings -Wsign-compare -Wcast-align -Wextra -Wformat -Wformat-security -Wno-unused-parameter -fno-strict-aliasing -fdiagnostics-show-option -pedantic -std=c99 -D_GNU_SOURCE  -I/usr/local/include conftest.c >&5
configure:13379: $? = 0
configure:13379: result: yes
configure:13393: checking for uint64_t
configure:13393: gcc -c -g -O2 -fvisibility=hidden -Wall -Wwrite-strings -Wsign-compare -Wcast-align -Wextra -Wformat -Wformat-security -Wno-unused-parameter -fno-strict-aliasing -fdiagnostics-show-option -pedantic -std=c99 -D_GNU_SOURCE  -I/usr/local/include conftest.c >&5
configure:13393: $? = 0
configure:13393: result: yes
configure:13407: checking for uint8_t
configure:13407: gcc -c -g -O2 -fvisibility=hidden -Wall -Wwrite-strings -Wsign-compare -Wcast-align -Wextra -Wformat -Wformat-security -Wno-unused-parameter -fno-strict-aliasing -fdiagnostics-show-option -pedantic -std=c99 -D_GNU_SOURCE  -I/usr/local/include conftest.c >&5
configure:13407: $? = 0
configure:13407: result: yes
configure:13425: checking for stdlib.h
configure:13425: result: yes
configure:13435: checking for GNU libc compatible malloc
configure:13459: gcc -o conftest -g -O2 -fvisibility=hidden -Wall -Wwrite-strings -Wsign-compare -Wcast-align -Wextra -Wformat -Wformat-security -Wno-unused-parameter -fno-strict-aliasing -fdiagnostics-show-option -pedantic -std=c99 -D_GNU_SOURCE  -I/usr/local/include  conftest.c  >&5
configure:13459: $? = 0
configure:13459: ./conftest
configure:13459: $? = 0
configure:13469: result: yes
configure:13496: checking for stdlib.h
configure:13496: result: yes
configure:13496: checking for unistd.h
configure:13496: result: yes
configure:13496: checking for sys/param.h
configure:13496: result: yes
configure:13516: checking for getpagesize
configure:13516: gcc -o conftest -g -O2 -fvisibility=hidden -Wall -Wwrite-strings -Wsign-compare -Wcast-align -Wextra -Wformat -Wformat-security -Wno-unused-parameter -fno-strict-aliasing -fdiagnostics-show-option -pedantic -std=c99 -D_GNU_SOURCE  -I/usr/local/include  conftest.c  >&5
configure:13516: $? = 0
configure:13516: result: yes
configure:13525: checking for working mmap
configure:13672: gcc -o conftest -g -O2 -fvisibility=hidden -Wall -Wwrite-strings -Wsign-compare -Wcast-align -Wextra -Wformat -Wformat-security -Wno-unused-parameter -fno-strict-aliasing -fdiagnostics-show-option -pedantic -std=c99 -D_GNU_SOURCE  -I/usr/local/include  conftest.c  >&5
configure:13672: $? = 0
configure:13672: ./conftest
configure:13672: $? = 0
configure:13682: result: yes
configure:13694: checking for gethostbyname
configure:13694: gcc -o conftest -g -O2 -fvisibility=hidden -Wall -Wwrite-strings -Wsign-compare -Wcast-align -Wextra -Wformat -Wformat-security -Wno-unused-parameter -fno-strict-aliasing -fdiagnostics-show-option -pedantic -std=c99 -D_GNU_SOURCE  -I/usr/local/include  conftest.c  >&5
configure:13694: $? = 0
configure:13694: result: yes
configure:13694: checking for getpagesize
configure:13694: result: yes
configure:13694: checking for memset
configure:13694: gcc -o conftest -g -O2 -fvisibility=hidden -Wall -Wwrite-strings -Wsign-compare -Wcast-align -Wextra -Wformat -Wformat-security -Wno-unused-parameter -fno-strict-aliasing -fdiagnostics-show-option -pedantic -std=c99 -D_GNU_SOURCE  -I/usr/local/include  conftest.c  >&5
conftest.c:81:6: warning: conflicting types for built-in function 'memset' [-Wbuiltin-declaration-mismatch]
 char memset ();
      ^~~~~~
configure:13694: $? = 0
configure:13694: result: yes
configure:13694: checking for munmap
configure:13694: gcc -o conftest -g -O2 -fvisibility=hidden -Wall -Wwrite-strings -Wsign-compare -Wcast-align -Wextra -Wformat -Wformat-security -Wno-unused-parameter -fno-strict-aliasing -fdiagnostics-show-option -pedantic -std=c99 -D_GNU_SOURCE  -I/usr/local/include  conftest.c  >&5
configure:13694: $? = 0
configure:13694: result: yes
configure:13694: checking for socket
configure:13694: gcc -o conftest -g -O2 -fvisibility=hidden -Wall -Wwrite-strings -Wsign-compare -Wcast-align -Wextra -Wformat -Wformat-security -Wno-unused-parameter -fno-strict-aliasing -fdiagnostics-show-option -pedantic -std=c99 -D_GNU_SOURCE  -I/usr/local/include  conftest.c  >&5
configure:13694: $? = 0
configure:13694: result: yes
configure:13694: checking for strchr
configure:13694: gcc -o conftest -g -O2 -fvisibility=hidden -Wall -Wwrite-strings -Wsign-compare -Wcast-align -Wextra -Wformat -Wformat-security -Wno-unused-parameter -fno-strict-aliasing -fdiagnostics-show-option -pedantic -std=c99 -D_GNU_SOURCE  -I/usr/local/include  conftest.c  >&5
conftest.c:84:6: warning: conflicting types for built-in function 'strchr' [-Wbuiltin-declaration-mismatch]
 char strchr ();
      ^~~~~~
configure:13694: $? = 0
configure:13694: result: yes
configure:13694: checking for strcspn
configure:13694: gcc -o conftest -g -O2 -fvisibility=hidden -Wall -Wwrite-strings -Wsign-compare -Wcast-align -Wextra -Wformat -Wformat-security -Wno-unused-parameter -fno-strict-aliasing -fdiagnostics-show-option -pedantic -std=c99 -D_GNU_SOURCE  -I/usr/local/include  conftest.c  >&5
conftest.c:85:6: warning: conflicting types for built-in function 'strcspn' [-Wbuiltin-declaration-mismatch]
 char strcspn ();
      ^~~~~~~
configure:13694: $? = 0
configure:13694: result: yes
configure:13694: checking for strdup
configure:13694: gcc -o conftest -g -O2 -fvisibility=hidden -Wall -Wwrite-strings -Wsign-compare -Wcast-align -Wextra -Wformat -Wformat-security -Wno-unused-parameter -fno-strict-aliasing -fdiagnostics-show-option -pedantic -std=c99 -D_GNU_SOURCE  -I/usr/local/include  conftest.c  >&5
configure:13694: $? = 0
configure:13694: result: yes
configure:13694: checking for strerror
configure:13694: gcc -o conftest -g -O2 -fvisibility=hidden -Wall -Wwrite-strings -Wsign-compare -Wcast-align -Wextra -Wformat -Wformat-security -Wno-unused-parameter -fno-strict-aliasing -fdiagnostics-show-option -pedantic -std=c99 -D_GNU_SOURCE  -I/usr/local/include  conftest.c  >&5
configure:13694: $? = 0
configure:13694: result: yes
configure:13694: checking for strrchr
configure:13694: gcc -o conftest -g -O2 -fvisibility=hidden -Wall -Wwrite-strings -Wsign-compare -Wcast-align -Wextra -Wformat -Wformat-security -Wno-unused-parameter -fno-strict-aliasing -fdiagnostics-show-option -pedantic -std=c99 -D_GNU_SOURCE  -I/usr/local/include  conftest.c  >&5
conftest.c:88:6: warning: conflicting types for built-in function 'strrchr' [-Wbuiltin-declaration-mismatch]
 char strrchr ();
      ^~~~~~~
configure:13694: $? = 0
configure:13694: result: yes
configure:13694: checking for strstr
configure:13694: gcc -o conftest -g -O2 -fvisibility=hidden -Wall -Wwrite-strings -Wsign-compare -Wcast-align -Wextra -Wformat -Wformat-security -Wno-unused-parameter -fno-strict-aliasing -fdiagnostics-show-option -pedantic -std=c99 -D_GNU_SOURCE  -I/usr/local/include  conftest.c  >&5
conftest.c:89:6: warning: conflicting types for built-in function 'strstr' [-Wbuiltin-declaration-mismatch]
 char strstr ();
      ^~~~~~
configure:13694: $? = 0
configure:13694: result: yes
configure:13694: checking for strtoul
configure:13694: gcc -o conftest -g -O2 -fvisibility=hidden -Wall -Wwrite-strings -Wsign-compare -Wcast-align -Wextra -Wformat -Wformat-security -Wno-unused-parameter -fno-strict-aliasing -fdiagnostics-show-option -pedantic -std=c99 -D_GNU_SOURCE  -I/usr/local/include  conftest.c  >&5
configure:13694: $? = 0
configure:13694: result: yes
configure:13821: checking that generated files are newer than configure
configure:13827: result: done
configure:13886: creating ./config.status

## ---------------------- ##
## Running config.status. ##
## ---------------------- ##

This file was extended by daq config.status 2.0.6, which was
generated by GNU Autoconf 2.69.  Invocation command line was

  CONFIG_FILES    = 
  CONFIG_HEADERS  = 
  CONFIG_LINKS    = 
  CONFIG_COMMANDS = 
  $ ./config.status 

on rtds-cybersec1

config.status:1154: creating Makefile
config.status:1154: creating api/Makefile
config.status:1154: creating os-daq-modules/Makefile
config.status:1154: creating os-daq-modules/daq-modules-config
config.status:1154: creating sfbpf/Makefile
config.status:1154: creating config.h
config.status:1335: config.h is unchanged
config.status:1383: executing depfiles commands
config.status:1383: executing libtool commands

## ---------------- ##
## Cache variables. ##
## ---------------- ##

ac_cv_build=x86_64-unknown-linux-gnu
ac_cv_c_compiler_gnu=yes
ac_cv_c_inline=inline
ac_cv_c_uint16_t=yes
ac_cv_c_uint32_t=yes
ac_cv_c_uint64_t=yes
ac_cv_c_uint8_t=yes
ac_cv_env_CC_set=
ac_cv_env_CC_value=
ac_cv_env_CFLAGS_set=
ac_cv_env_CFLAGS_value=
ac_cv_env_CPPFLAGS_set=
ac_cv_env_CPPFLAGS_value=
ac_cv_env_CPP_set=
ac_cv_env_CPP_value=
ac_cv_env_LDFLAGS_set=
ac_cv_env_LDFLAGS_value=
ac_cv_env_LIBS_set=
ac_cv_env_LIBS_value=
ac_cv_env_build_alias_set=
ac_cv_env_build_alias_value=
ac_cv_env_host_alias_set=
ac_cv_env_host_alias_value=
ac_cv_env_target_alias_set=
ac_cv_env_target_alias_value=
ac_cv_func_getaddrinfo=yes
ac_cv_func_gethostbyname=yes
ac_cv_func_getpagesize=yes
ac_cv_func_malloc_0_nonnull=yes
ac_cv_func_memset=yes
ac_cv_func_mmap_fixed_mapped=yes
ac_cv_func_munmap=yes
ac_cv_func_socket=yes
ac_cv_func_strchr=yes
ac_cv_func_strcspn=yes
ac_cv_func_strdup=yes
ac_cv_func_strerror=yes
ac_cv_func_strrchr=yes
ac_cv_func_strstr=yes
ac_cv_func_strtoul=yes
ac_cv_have_decl_NETMAP_API=yes
ac_cv_have_decl_PACKET_TX_RING=yes
ac_cv_have_decl_TPACKET2_HDRLEN=yes
ac_cv_header_dlfcn_h=yes
ac_cv_header_dnet_h=yes
ac_cv_header_dumbnet_h=no
ac_cv_header_inttypes_h=yes
ac_cv_header_libipq_h=no
ac_cv_header_libnetfilter_queue_libnetfilter_queue_h=yes
ac_cv_header_linux_if_ether_h=yes
ac_cv_header_linux_if_packet_h=yes
ac_cv_header_linux_netfilter_h=yes
ac_cv_header_memory_h=yes
ac_cv_header_net_netmap_h=yes
ac_cv_header_net_netmap_user_h=yes
ac_cv_header_netdb_h=yes
ac_cv_header_netinet_in_h=yes
ac_cv_header_pcap_h=yes
ac_cv_header_stdc=yes
ac_cv_header_stdint_h=yes
ac_cv_header_stdlib_h=yes
ac_cv_header_string_h=yes
ac_cv_header_strings_h=yes
ac_cv_header_sys_ioctl_h=yes
ac_cv_header_sys_param_h=yes
ac_cv_header_sys_socket_h=yes
ac_cv_header_sys_stat_h=yes
ac_cv_header_sys_time_h=yes
ac_cv_header_sys_types_h=yes
ac_cv_header_unistd_h=yes
ac_cv_host=x86_64-unknown-linux-gnu
ac_cv_lbl_flex_v24=yes
ac_cv_lib_dl_dlopen=yes
ac_cv_lib_dnet_eth_set=yes
ac_cv_lib_dumbnet_eth_set=no
ac_cv_lib_pcap_pcap_lib_version=yes
ac_cv_objext=o
ac_cv_path_EGREP='/usr/bin/grep -E'
ac_cv_path_FGREP='/usr/bin/grep -F'
ac_cv_path_GREP=/usr/bin/grep
ac_cv_path_SED=/usr/bin/sed
ac_cv_path_install='/usr/bin/install -c'
ac_cv_path_mkdir=/usr/bin/mkdir
ac_cv_prog_AWK=gawk
ac_cv_prog_CPP='gcc -E'
ac_cv_prog_V_LEX=flex
ac_cv_prog_V_YACC=bison
ac_cv_prog_ac_ct_AR=ar
ac_cv_prog_ac_ct_CC=gcc
ac_cv_prog_ac_ct_OBJDUMP=objdump
ac_cv_prog_ac_ct_RANLIB=ranlib
ac_cv_prog_ac_ct_STRIP=strip
ac_cv_prog_cc_c89=
ac_cv_prog_cc_g=yes
ac_cv_prog_make_make_set=yes
ac_cv_type_size_t=yes
am_cv_CC_dependencies_compiler_type=gcc3
am_cv_make_support_nested_variables=yes
ax_cv_cflags_gcc_option__Wall=-Wall
ax_cv_cflags_gcc_option__Wcast_align=-Wcast-align
ax_cv_cflags_gcc_option__Wextra=-Wextra
ax_cv_cflags_gcc_option__Wformat=-Wformat
ax_cv_cflags_gcc_option__Wformat_security=-Wformat-security
ax_cv_cflags_gcc_option__Wno_unused_parameter=-Wno-unused-parameter
ax_cv_cflags_gcc_option__Wsign_compare=-Wsign-compare
ax_cv_cflags_gcc_option__Wwrite_strings=-Wwrite-strings
ax_cv_cflags_gcc_option__fdiagnostics_show_option=-fdiagnostics-show-option
ax_cv_cflags_gcc_option__fno_strict_aliasing=-fno-strict-aliasing
ax_cv_cflags_gcc_option__pedantic__std_c99__D_GNU_SOURCE='-pedantic -std=c99 -D_GNU_SOURCE'
daq_cv_libpcap_version_1x=yes
gl_cv_cc_visibility=yes
lt_cv_ar_at_file=@
lt_cv_archive_cmds_need_lc=no
lt_cv_deplibs_check_method=pass_all
lt_cv_file_magic_cmd='$MAGIC_CMD'
lt_cv_file_magic_test_file=
lt_cv_ld_reload_flag=-r
lt_cv_nm_interface='BSD nm'
lt_cv_objdir=.libs
lt_cv_path_LD=/opt/rh/devtoolset-8/root/usr/libexec/gcc/x86_64-redhat-linux/8/ld
lt_cv_path_NM='/opt/rh/devtoolset-8/root/usr/bin/nm -B'
lt_cv_path_mainfest_tool=no
lt_cv_prog_compiler_c_o=yes
lt_cv_prog_compiler_pic='-fPIC -DPIC'
lt_cv_prog_compiler_pic_works=yes
lt_cv_prog_compiler_rtti_exceptions=no
lt_cv_prog_compiler_static_works=no
lt_cv_prog_gnu_ld=yes
lt_cv_sharedlib_from_linklib_cmd='printf %s\n'
lt_cv_shlibpath_overrides_runpath=no
lt_cv_sys_global_symbol_pipe='sed -n -e '\''s/^.*[	 ]\([ABCDGIRSTW][ABCDGIRSTW]*\)[	 ][	 ]*\([_A-Za-z][_A-Za-z0-9]*\)$/\1 \2 \2/p'\'' | sed '\''/ __gnu_lto/d'\'''
lt_cv_sys_global_symbol_to_c_name_address='sed -n -e '\''s/^: \([^ ]*\)[ ]*$/  {\"\1\", (void *) 0},/p'\'' -e '\''s/^[ABCDGIRSTW]* \([^ ]*\) \([^ ]*\)$/  {"\2", (void *) \&\2},/p'\'''
lt_cv_sys_global_symbol_to_c_name_address_lib_prefix='sed -n -e '\''s/^: \([^ ]*\)[ ]*$/  {\"\1\", (void *) 0},/p'\'' -e '\''s/^[ABCDGIRSTW]* \([^ ]*\) \(lib[^ ]*\)$/  {"\2", (void *) \&\2},/p'\'' -e '\''s/^[ABCDGIRSTW]* \([^ ]*\) \([^ ]*\)$/  {"lib\2", (void *) \&\2},/p'\'''
lt_cv_sys_global_symbol_to_cdecl='sed -n -e '\''s/^T .* \(.*\)$/extern int \1();/p'\'' -e '\''s/^[ABCDGIRSTW]* .* \(.*\)$/extern char \1;/p'\'''
lt_cv_sys_max_cmd_len=1572864
lt_cv_to_host_file_cmd=func_convert_file_noop
lt_cv_to_tool_file_cmd=func_convert_file_noop

## ----------------- ##
## Output variables. ##
## ----------------- ##

ACLOCAL='${SHELL} /home/rtds-cybersec/repos/snort/snort-2.9_RTDS/daq-2.0.6/missing aclocal-1.13'
AMDEPBACKSLASH='\'
AMDEP_FALSE='#'
AMDEP_TRUE=''
AMTAR='$${TAR-tar}'
AM_BACKSLASH='\'
AM_DEFAULT_V='$(AM_DEFAULT_VERBOSITY)'
AM_DEFAULT_VERBOSITY='1'
AM_V='$(V)'
AR='ar'
AUTOCONF='${SHELL} /home/rtds-cybersec/repos/snort/snort-2.9_RTDS/daq-2.0.6/missing autoconf'
AUTOHEADER='${SHELL} /home/rtds-cybersec/repos/snort/snort-2.9_RTDS/daq-2.0.6/missing autoheader'
AUTOMAKE='${SHELL} /home/rtds-cybersec/repos/snort/snort-2.9_RTDS/daq-2.0.6/missing automake-1.13'
AWK='gawk'
BUILD_AFPACKET_MODULE_FALSE='#'
BUILD_AFPACKET_MODULE_TRUE=''
BUILD_DUMP_MODULE_FALSE='#'
BUILD_DUMP_MODULE_TRUE=''
BUILD_IPFW_MODULE_FALSE='#'
BUILD_IPFW_MODULE_TRUE=''
BUILD_IPQ_MODULE_FALSE=''
BUILD_IPQ_MODULE_TRUE='#'
BUILD_MODULES_FALSE='#'
BUILD_MODULES_TRUE=''
BUILD_NETMAP_MODULE_FALSE='#'
BUILD_NETMAP_MODULE_TRUE=''
BUILD_NFQ_MODULE_FALSE='#'
BUILD_NFQ_MODULE_TRUE=''
BUILD_PCAP_MODULE_FALSE='#'
BUILD_PCAP_MODULE_TRUE=''
BUILD_SHARED_MODULES_FALSE='#'
BUILD_SHARED_MODULES_TRUE=''
CC='gcc'
CCDEPMODE='depmode=gcc3'
CFLAGS='-g -O2 -fvisibility=hidden -Wall -Wwrite-strings -Wsign-compare -Wcast-align -Wextra -Wformat -Wformat-security -Wno-unused-parameter -fno-strict-aliasing -fdiagnostics-show-option -pedantic -std=c99 -D_GNU_SOURCE'
CPP='gcc -E'
CPPFLAGS=' -I/usr/local/include'
CYGPATH_W='echo'
DEFS='-DHAVE_CONFIG_H'
DEPDIR='.deps'
DLLTOOL='false'
DNET_LDFLAGS='-L/usr/local/lib -ldnet'
DSYMUTIL=''
DUMPBIN=''
ECHO_C=''
ECHO_N='-n'
ECHO_T=''
EGREP='/usr/bin/grep -E'
EXEEXT=''
FGREP='/usr/bin/grep -F'
GREP='/usr/bin/grep'
INSTALL_DATA='${INSTALL} -m 644'
INSTALL_PROGRAM='${INSTALL}'
INSTALL_SCRIPT='${INSTALL}'
INSTALL_STRIP_PROGRAM='$(install_sh) -c -s'
LD='/opt/rh/devtoolset-8/root/usr/libexec/gcc/x86_64-redhat-linux/8/ld -m elf_x86_64'
LDFLAGS=''
LIBDL='-ldl'
LIBOBJS=''
LIBS=''
LIBTOOL='$(SHELL) $(top_builddir)/libtool'
LIPO=''
LN_S='ln -s'
LTLIBOBJS=''
MAKEINFO='${SHELL} /home/rtds-cybersec/repos/snort/snort-2.9_RTDS/daq-2.0.6/missing makeinfo'
MANIFEST_TOOL=':'
MKDIR_P='/usr/bin/mkdir -p'
NM='/opt/rh/devtoolset-8/root/usr/bin/nm -B'
NMEDIT=''
OBJDUMP='objdump'
OBJEXT='o'
OTOOL64=''
OTOOL=''
PACKAGE='daq'
PACKAGE_BUGREPORT='snort-team@sourcefire.com'
PACKAGE_NAME='daq'
PACKAGE_STRING='daq 2.0.6'
PACKAGE_TARNAME='daq'
PACKAGE_URL=''
PACKAGE_VERSION='2.0.6'
PATH_SEPARATOR=':'
RANLIB='ranlib'
SED='/usr/bin/sed'
SET_MAKE=''
SHELL='/bin/sh'
STATIC_LIBS=' -lsfbpf -lpcap -lsfbpf -lnfnetlink -lnetfilter_queue -lsfbpf -lpcap -lsfbpf -L/usr/local/lib -ldnet'
STRIP='strip'
VERSION='2.0.6'
V_LEX='flex -Psfbpf_'
V_YACC='bison -y -p sfbpf_'
XCCFLAGS=''
ac_ct_AR='ar'
ac_ct_CC='gcc'
ac_ct_DUMPBIN=''
am__EXEEXT_FALSE=''
am__EXEEXT_TRUE='#'
am__fastdepCC_FALSE='#'
am__fastdepCC_TRUE=''
am__include='include'
am__isrc=''
am__leading_dot='.'
am__nodep='_no'
am__quote=''
am__tar='$${TAR-tar} chof - "$$tardir"'
am__untar='$${TAR-tar} xf -'
bindir='${exec_prefix}/bin'
build='x86_64-unknown-linux-gnu'
build_alias=''
build_cpu='x86_64'
build_os='linux-gnu'
build_vendor='unknown'
datadir='${datarootdir}'
datarootdir='${prefix}/share'
docdir='${datarootdir}/doc/${PACKAGE_TARNAME}'
dvidir='${docdir}'
exec_prefix='${prefix}'
host='x86_64-unknown-linux-gnu'
host_alias=''
host_cpu='x86_64'
host_os='linux-gnu'
host_vendor='unknown'
htmldir='${docdir}'
includedir='${prefix}/include'
infodir='${datarootdir}/info'
install_sh='${SHELL} /home/rtds-cybersec/repos/snort/snort-2.9_RTDS/daq-2.0.6/install-sh'
libdir='${exec_prefix}/lib'
libexecdir='${exec_prefix}/libexec'
localedir='${datarootdir}/locale'
localstatedir='${prefix}/var'
mandir='${datarootdir}/man'
mkdir_p='$(MKDIR_P)'
oldincludedir='/usr/include'
pdfdir='${docdir}'
prefix='/usr/local'
program_transform_name='s,x,x,'
psdir='${docdir}'
sbindir='${exec_prefix}/sbin'
sharedstatedir='${prefix}/com'
sysconfdir='${prefix}/etc'
target_alias=''

## ----------- ##
## confdefs.h. ##
## ----------- ##

/* confdefs.h */
#define PACKAGE_NAME "daq"
#define PACKAGE_TARNAME "daq"
#define PACKAGE_VERSION "2.0.6"
#define PACKAGE_STRING "daq 2.0.6"
#define PACKAGE_BUGREPORT "snort-team@sourcefire.com"
#define PACKAGE_URL ""
#define PACKAGE "daq"
#define VERSION "2.0.6"
#define STDC_HEADERS 1
#define HAVE_SYS_TYPES_H 1
#define HAVE_SYS_STAT_H 1
#define HAVE_STDLIB_H 1
#define HAVE_STRING_H 1
#define HAVE_MEMORY_H 1
#define HAVE_STRINGS_H 1
#define HAVE_INTTYPES_H 1
#define HAVE_STDINT_H 1
#define HAVE_UNISTD_H 1
#define HAVE_DLFCN_H 1
#define LT_OBJDIR ".libs/"
#define HAVE_VISIBILITY 1
#define INET6 1
#define HAVE_LINUX_IF_ETHER_H 1
#define HAVE_LINUX_IF_PACKET_H 1
#define HAVE_DECL_TPACKET2_HDRLEN 1
#define HAVE_DECL_PACKET_TX_RING 1
#define HAVE_LIBPCAP 1
#define HAVE_NETINET_IN_H 1
#define HAVE_NETINET_IN_H 1
#define HAVE_LIBNETFILTER_QUEUE_LIBNETFILTER_QUEUE_H 1
#define HAVE_NET_NETMAP_H 1
#define HAVE_NET_NETMAP_USER_H 1
#define HAVE_DNET_H 1
#define HAVE_LIBDNET 1
#define HAVE_INTTYPES_H 1
#define HAVE_MEMORY_H 1
#define HAVE_NETDB_H 1
#define HAVE_NETINET_IN_H 1
#define HAVE_STDINT_H 1
#define HAVE_STDLIB_H 1
#define HAVE_STRING_H 1
#define HAVE_SYS_IOCTL_H 1
#define HAVE_SYS_PARAM_H 1
#define HAVE_SYS_SOCKET_H 1
#define HAVE_SYS_TIME_H 1
#define HAVE_UNISTD_H 1
#define HAVE_STDLIB_H 1
#define HAVE_MALLOC 1
#define HAVE_STDLIB_H 1
#define HAVE_UNISTD_H 1
#define HAVE_SYS_PARAM_H 1
#define HAVE_GETPAGESIZE 1
#define HAVE_MMAP 1
#define HAVE_GETHOSTBYNAME 1
#define HAVE_GETPAGESIZE 1
#define HAVE_MEMSET 1
#define HAVE_MUNMAP 1
#define HAVE_SOCKET 1
#define HAVE_STRCHR 1
#define HAVE_STRCSPN 1
#define HAVE_STRDUP 1
#define HAVE_STRERROR 1
#define HAVE_STRRCHR 1
#define HAVE_STRSTR 1
#define HAVE_STRTOUL 1

configure: exit 0
