This file contains any messages produced by compilers while
running configure, to aid debugging if configure makes a mistake.

It was created by dpx configure 1.7, which was
generated by GNU Autoconf 2.69.  Invocation command line was

  $ ./configure --with-dpx-includes=/home/rtds-cybersec/repos/snort/snort-2.9.14.1/snort-2.9/src/dynamic-examples/include --prefix=/home/rtds-cybersec/repos/snort/snort-2.9.14.1/dpx-1.7

## --------- ##
## Platform. ##
## --------- ##

hostname = rtds-cybersec1
uname -m = x86_64
uname -r = 3.10.0-1062.el7.x86_64
uname -s = Linux
uname -v = #1 SMP Thu Jul 18 20:25:13 UTC 2019

/usr/bin/uname -p = x86_64
/bin/uname -X     = unknown

/bin/arch              = x86_64
/usr/bin/arch -k       = unknown
/usr/convex/getsysinfo = unknown
/usr/bin/hostinfo      = unknown
/bin/machine           = unknown
/usr/bin/oslevel       = unknown
/bin/universe          = unknown

PATH: /home/rtds-cybersec/eclipse
PATH: /opt/rh/rh-python36/root/usr/bin
PATH: /opt/rh/devtoolset-8/root/usr/bin
PATH: /home/rtds-cybersec/eclipse
PATH: /usr/lib64/qt-3.3/bin
PATH: /usr/local/bin
PATH: /usr/local/sbin
PATH: /usr/bin
PATH: /usr/sbin
PATH: /bin
PATH: /sbin
PATH: /home/rtds-cybersec/repos/bake
PATH: /home/rtds-cybersec/.local/bin
PATH: /home/rtds-cybersec/bin
PATH: /home/rtds-cybersec/repos/bake


## ----------- ##
## Core tests. ##
## ----------- ##

configure:2495: checking for a BSD-compatible install
configure:2563: result: /usr/bin/install -c
configure:2574: checking whether build environment is sane
configure:2629: result: yes
configure:2780: checking for a thread-safe mkdir -p
configure:2819: result: /usr/bin/mkdir -p
configure:2826: checking for gawk
configure:2842: found /usr/bin/gawk
configure:2853: result: gawk
configure:2864: checking whether make sets $(MAKE)
configure:2886: result: yes
configure:2915: checking whether make supports nested variables
configure:2932: result: yes
configure:3069: checking for gcc
configure:3085: found /opt/rh/devtoolset-8/root/usr/bin/gcc
configure:3096: result: gcc
configure:3325: checking for C compiler version
configure:3334: gcc --version >&5
gcc (GCC) 8.3.1 20190311 (Red Hat 8.3.1-3)
Copyright (C) 2018 Free Software Foundation, Inc.
This is free software; see the source for copying conditions.  There is NO
warranty; not even for MERCHANTABILITY or FITNESS FOR A PARTICULAR PURPOSE.

configure:3345: $? = 0
configure:3334: gcc -v >&5
Using built-in specs.
COLLECT_GCC=gcc
COLLECT_LTO_WRAPPER=/opt/rh/devtoolset-8/root/usr/libexec/gcc/x86_64-redhat-linux/8/lto-wrapper
Target: x86_64-redhat-linux
Configured with: ../configure --enable-bootstrap --enable-languages=c,c++,fortran,lto --prefix=/opt/rh/devtoolset-8/root/usr --mandir=/opt/rh/devtoolset-8/root/usr/share/man --infodir=/opt/rh/devtoolset-8/root/usr/share/info --with-bugurl=http://bugzilla.redhat.com/bugzilla --enable-shared --enable-threads=posix --enable-checking=release --enable-multilib --with-system-zlib --enable-__cxa_atexit --disable-libunwind-exceptions --enable-gnu-unique-object --enable-linker-build-id --with-gcc-major-version-only --with-linker-hash-style=gnu --with-default-libstdcxx-abi=gcc4-compatible --enable-plugin --enable-initfini-array --with-isl=/builddir/build/BUILD/gcc-8.3.1-20190311/obj-x86_64-redhat-linux/isl-install --disable-libmpx --enable-gnu-indirect-function --with-tune=generic --with-arch_32=x86-64 --build=x86_64-redhat-linux
Thread model: posix
gcc version 8.3.1 20190311 (Red Hat 8.3.1-3) (GCC) 
configure:3345: $? = 0
configure:3334: gcc -V >&5
gcc: error: unrecognized command line option '-V'
gcc: fatal error: no input files
compilation terminated.
configure:3345: $? = 1
configure:3334: gcc -qversion >&5
gcc: error: unrecognized command line option '-qversion'; did you mean '--version'?
gcc: fatal error: no input files
compilation terminated.
configure:3345: $? = 1
configure:3365: checking whether the C compiler works
configure:3387: gcc    conftest.c  >&5
configure:3391: $? = 0
configure:3439: result: yes
configure:3442: checking for C compiler default output file name
configure:3444: result: a.out
configure:3450: checking for suffix of executables
configure:3457: gcc -o conftest    conftest.c  >&5
configure:3461: $? = 0
configure:3483: result: 
configure:3505: checking whether we are cross compiling
configure:3513: gcc -o conftest    conftest.c  >&5
configure:3517: $? = 0
configure:3524: ./conftest
configure:3528: $? = 0
configure:3543: result: no
configure:3548: checking for suffix of object files
configure:3570: gcc -c   conftest.c >&5
configure:3574: $? = 0
configure:3595: result: o
configure:3599: checking whether we are using the GNU C compiler
configure:3618: gcc -c   conftest.c >&5
configure:3618: $? = 0
configure:3627: result: yes
configure:3636: checking whether gcc accepts -g
configure:3656: gcc -c -g  conftest.c >&5
configure:3656: $? = 0
configure:3697: result: yes
configure:3714: checking for gcc option to accept ISO C89
configure:3777: gcc  -c -g -O2  conftest.c >&5
configure:3777: $? = 0
configure:3790: result: none needed
configure:3821: checking for style of include used by make
configure:3849: result: GNU
configure:3875: checking dependency style of gcc
configure:3986: result: none
configure:4030: checking build system type
configure:4044: result: x86_64-unknown-linux-gnu
configure:4064: checking host system type
configure:4077: result: x86_64-unknown-linux-gnu
configure:4118: checking how to print strings
configure:4145: result: printf
configure:4166: checking for a sed that does not truncate output
configure:4230: result: /usr/bin/sed
configure:4248: checking for grep that handles long lines and -e
configure:4306: result: /usr/bin/grep
configure:4311: checking for egrep
configure:4373: result: /usr/bin/grep -E
configure:4378: checking for fgrep
configure:4440: result: /usr/bin/grep -F
configure:4475: checking for ld used by gcc
configure:4542: result: /opt/rh/devtoolset-8/root/usr/libexec/gcc/x86_64-redhat-linux/8/ld
configure:4549: checking if the linker (/opt/rh/devtoolset-8/root/usr/libexec/gcc/x86_64-redhat-linux/8/ld) is GNU ld
configure:4564: result: yes
configure:4576: checking for BSD- or MS-compatible name lister (nm)
configure:4625: result: /opt/rh/devtoolset-8/root/usr/bin/nm -B
configure:4755: checking the name lister (/opt/rh/devtoolset-8/root/usr/bin/nm -B) interface
configure:4762: gcc -c -g -O2  conftest.c >&5
configure:4765: /opt/rh/devtoolset-8/root/usr/bin/nm -B "conftest.o"
configure:4768: output
0000000000000000 B some_variable
configure:4775: result: BSD nm
configure:4778: checking whether ln -s works
configure:4782: result: yes
configure:4790: checking the maximum length of command line arguments
configure:4920: result: 1572864
configure:4937: checking whether the shell understands some XSI constructs
configure:4947: result: yes
configure:4951: checking whether the shell understands "+="
configure:4957: result: yes
configure:4992: checking how to convert x86_64-unknown-linux-gnu file names to x86_64-unknown-linux-gnu format
configure:5032: result: func_convert_file_noop
configure:5039: checking how to convert x86_64-unknown-linux-gnu file names to toolchain format
configure:5059: result: func_convert_file_noop
configure:5066: checking for /opt/rh/devtoolset-8/root/usr/libexec/gcc/x86_64-redhat-linux/8/ld option to reload object files
configure:5073: result: -r
configure:5147: checking for objdump
configure:5163: found /opt/rh/devtoolset-8/root/usr/bin/objdump
configure:5174: result: objdump
configure:5206: checking how to recognize dependent libraries
configure:5408: result: pass_all
configure:5493: checking for dlltool
configure:5523: result: no
configure:5553: checking how to associate runtime and link libraries
configure:5580: result: printf %s\n
configure:5641: checking for ar
configure:5657: found /opt/rh/devtoolset-8/root/usr/bin/ar
configure:5668: result: ar
configure:5705: checking for archiver @FILE support
configure:5722: gcc -c -g -O2  conftest.c >&5
configure:5722: $? = 0
configure:5725: ar cru libconftest.a @conftest.lst >&5
configure:5728: $? = 0
configure:5733: ar cru libconftest.a @conftest.lst >&5
ar: conftest.o: No such file or directory
configure:5736: $? = 1
configure:5748: result: @
configure:5806: checking for strip
configure:5822: found /opt/rh/devtoolset-8/root/usr/bin/strip
configure:5833: result: strip
configure:5905: checking for ranlib
configure:5921: found /opt/rh/devtoolset-8/root/usr/bin/ranlib
configure:5932: result: ranlib
configure:6034: checking command to parse /opt/rh/devtoolset-8/root/usr/bin/nm -B output from gcc object
configure:6154: gcc -c -g -O2  conftest.c >&5
configure:6157: $? = 0
configure:6161: /opt/rh/devtoolset-8/root/usr/bin/nm -B conftest.o \| sed -n -e 's/^.*[ ]\([ABCDGIRSTW][ABCDGIRSTW]*\)[ ][ ]*\([_A-Za-z][_A-Za-z0-9]*\)$/\1 \2 \2/p' | sed '/ __gnu_lto/d' \> conftest.nm
configure:6164: $? = 0
configure:6230: gcc -o conftest -g -O2   conftest.c conftstm.o >&5
configure:6233: $? = 0
configure:6271: result: ok
configure:6308: checking for sysroot
configure:6338: result: no
configure:6415: gcc -c -g -O2  conftest.c >&5
configure:6418: $? = 0
configure:6594: checking for mt
configure:6624: result: no
configure:6644: checking if : is a manifest tool
configure:6650: : '-?'
configure:6658: result: no
configure:7300: checking how to run the C preprocessor
configure:7331: gcc -E  conftest.c
configure:7331: $? = 0
configure:7345: gcc -E  conftest.c
conftest.c:11:10: fatal error: ac_nonexistent.h: No such file or directory
 #include <ac_nonexistent.h>
          ^~~~~~~~~~~~~~~~~~
compilation terminated.
configure:7345: $? = 1
configure: failed program was:
| /* confdefs.h */
| #define PACKAGE_NAME "dpx"
| #define PACKAGE_TARNAME "dpx"
| #define PACKAGE_VERSION "1.7"
| #define PACKAGE_STRING "dpx 1.7"
| #define PACKAGE_BUGREPORT "snort-team@sourcefire.com"
| #define PACKAGE_URL ""
| #define PACKAGE "dpx"
| #define VERSION "1.7"
| /* end confdefs.h.  */
| #include <ac_nonexistent.h>
configure:7370: result: gcc -E
configure:7390: gcc -E  conftest.c
configure:7390: $? = 0
configure:7404: gcc -E  conftest.c
conftest.c:11:10: fatal error: ac_nonexistent.h: No such file or directory
 #include <ac_nonexistent.h>
          ^~~~~~~~~~~~~~~~~~
compilation terminated.
configure:7404: $? = 1
configure: failed program was:
| /* confdefs.h */
| #define PACKAGE_NAME "dpx"
| #define PACKAGE_TARNAME "dpx"
| #define PACKAGE_VERSION "1.7"
| #define PACKAGE_STRING "dpx 1.7"
| #define PACKAGE_BUGREPORT "snort-team@sourcefire.com"
| #define PACKAGE_URL ""
| #define PACKAGE "dpx"
| #define VERSION "1.7"
| /* end confdefs.h.  */
| #include <ac_nonexistent.h>
configure:7433: checking for ANSI C header files
configure:7453: gcc -c -g -O2  conftest.c >&5
configure:7453: $? = 0
configure:7526: gcc -o conftest -g -O2   conftest.c  >&5
configure:7526: $? = 0
configure:7526: ./conftest
configure:7526: $? = 0
configure:7537: result: yes
configure:7550: checking for sys/types.h
configure:7550: gcc -c -g -O2  conftest.c >&5
configure:7550: $? = 0
configure:7550: result: yes
configure:7550: checking for sys/stat.h
configure:7550: gcc -c -g -O2  conftest.c >&5
configure:7550: $? = 0
configure:7550: result: yes
configure:7550: checking for stdlib.h
configure:7550: gcc -c -g -O2  conftest.c >&5
configure:7550: $? = 0
configure:7550: result: yes
configure:7550: checking for string.h
configure:7550: gcc -c -g -O2  conftest.c >&5
configure:7550: $? = 0
configure:7550: result: yes
configure:7550: checking for memory.h
configure:7550: gcc -c -g -O2  conftest.c >&5
configure:7550: $? = 0
configure:7550: result: yes
configure:7550: checking for strings.h
configure:7550: gcc -c -g -O2  conftest.c >&5
configure:7550: $? = 0
configure:7550: result: yes
configure:7550: checking for inttypes.h
configure:7550: gcc -c -g -O2  conftest.c >&5
configure:7550: $? = 0
configure:7550: result: yes
configure:7550: checking for stdint.h
configure:7550: gcc -c -g -O2  conftest.c >&5
configure:7550: $? = 0
configure:7550: result: yes
configure:7550: checking for unistd.h
configure:7550: gcc -c -g -O2  conftest.c >&5
configure:7550: $? = 0
configure:7550: result: yes
configure:7564: checking for dlfcn.h
configure:7564: gcc -c -g -O2  conftest.c >&5
configure:7564: $? = 0
configure:7564: result: yes
configure:7770: checking for objdir
configure:7785: result: .libs
configure:8056: checking if gcc supports -fno-rtti -fno-exceptions
configure:8074: gcc -c -g -O2  -fno-rtti -fno-exceptions conftest.c >&5
cc1: warning: command line option '-fno-rtti' is valid for C++/ObjC++ but not for C
configure:8078: $? = 0
configure:8091: result: no
configure:8418: checking for gcc option to produce PIC
configure:8425: result: -fPIC -DPIC
configure:8433: checking if gcc PIC flag -fPIC -DPIC works
configure:8451: gcc -c -g -O2  -fPIC -DPIC -DPIC conftest.c >&5
configure:8455: $? = 0
configure:8468: result: yes
configure:8497: checking if gcc static flag -static works
configure:8525: result: no
configure:8540: checking if gcc supports -c -o file.o
configure:8561: gcc -c -g -O2  -o out/conftest2.o conftest.c >&5
configure:8565: $? = 0
configure:8587: result: yes
configure:8595: checking if gcc supports -c -o file.o
configure:8642: result: yes
configure:8675: checking whether the gcc linker (/opt/rh/devtoolset-8/root/usr/libexec/gcc/x86_64-redhat-linux/8/ld -m elf_x86_64) supports shared libraries
configure:9828: result: yes
configure:9865: checking whether -lc should be explicitly linked in
configure:9873: gcc -c -g -O2  conftest.c >&5
configure:9876: $? = 0
configure:9891: gcc -shared  -fPIC -DPIC conftest.o  -v -Wl,-soname -Wl,conftest -o conftest 2\>\&1 \| /usr/bin/grep  -lc  \>/dev/null 2\>\&1
configure:9894: $? = 0
configure:9908: result: no
configure:10068: checking dynamic linker characteristics
configure:10579: gcc -o conftest -g -O2   -Wl,-rpath -Wl,/foo conftest.c  >&5
configure:10579: $? = 0
configure:10805: result: GNU/Linux ld.so
configure:10912: checking how to hardcode library paths into programs
configure:10937: result: immediate
configure:11477: checking whether stripping libraries is possible
configure:11482: result: yes
configure:11517: checking if libtool supports shared libraries
configure:11519: result: yes
configure:11522: checking whether to build shared libraries
configure:11543: result: yes
configure:11546: checking whether to build static libraries
configure:11550: result: yes
configure:11601: checking for visibility support
configure:11626: gcc -c -g -O0 -m64 -DSF_VISIBILITY -fvisibility=hidden -ggdb -Wall -DLZMA -DGRE -DMPLS -DPPM_MGR -DINLINE_FAILOPEN -DDEBUG -DSOURCEFIRE -DENABLE_REACT -DENABLE_RESPOND -DENABLE_RESPONSE3 -DSF_WCHAR -DTARGET_BASED -DPERF_PROFILING -DSNORT_RELOAD -DNO_NON_ETHER_DECODER -DNORMALIZER -DACTIVE_RESPONSE -DFEAT_OPEN_APPID -DHAVE_LIBLUAJIT -I/usr/local/include   -Werror -fvisibility=hidden  conftest.c >&5
configure:11626: $? = 0
configure:11635: result: yes
configure:11679: checking for inttypes.h
configure:11679: result: yes
configure:11679: checking for memory.h
configure:11679: result: yes
configure:11679: checking netdb.h usability
configure:11679: gcc -c -g -O0 -m64 -DSF_VISIBILITY -fvisibility=hidden -ggdb -Wall -DLZMA -DGRE -DMPLS -DPPM_MGR -DINLINE_FAILOPEN -DDEBUG -DSOURCEFIRE -DENABLE_REACT -DENABLE_RESPOND -DENABLE_RESPONSE3 -DSF_WCHAR -DTARGET_BASED -DPERF_PROFILING -DSNORT_RELOAD -DNO_NON_ETHER_DECODER -DNORMALIZER -DACTIVE_RESPONSE -DFEAT_OPEN_APPID -DHAVE_LIBLUAJIT -I/usr/local/include   -fvisibility=hidden  -I/home/rtds-cybersec/repos/snort/snort-2.9.14.1/snort-2.9/src/dynamic-examples/include conftest.c >&5
configure:11679: $? = 0
configure:11679: result: yes
configure:11679: checking netdb.h presence
configure:11679: gcc -E  -I/home/rtds-cybersec/repos/snort/snort-2.9.14.1/snort-2.9/src/dynamic-examples/include conftest.c
configure:11679: $? = 0
configure:11679: result: yes
configure:11679: checking for netdb.h
configure:11679: result: yes
configure:11679: checking netinet/in.h usability
configure:11679: gcc -c -g -O0 -m64 -DSF_VISIBILITY -fvisibility=hidden -ggdb -Wall -DLZMA -DGRE -DMPLS -DPPM_MGR -DINLINE_FAILOPEN -DDEBUG -DSOURCEFIRE -DENABLE_REACT -DENABLE_RESPOND -DENABLE_RESPONSE3 -DSF_WCHAR -DTARGET_BASED -DPERF_PROFILING -DSNORT_RELOAD -DNO_NON_ETHER_DECODER -DNORMALIZER -DACTIVE_RESPONSE -DFEAT_OPEN_APPID -DHAVE_LIBLUAJIT -I/usr/local/include   -fvisibility=hidden  -I/home/rtds-cybersec/repos/snort/snort-2.9.14.1/snort-2.9/src/dynamic-examples/include conftest.c >&5
configure:11679: $? = 0
configure:11679: result: yes
configure:11679: checking netinet/in.h presence
configure:11679: gcc -E  -I/home/rtds-cybersec/repos/snort/snort-2.9.14.1/snort-2.9/src/dynamic-examples/include conftest.c
configure:11679: $? = 0
configure:11679: result: yes
configure:11679: checking for netinet/in.h
configure:11679: result: yes
configure:11679: checking for stdint.h
configure:11679: result: yes
configure:11679: checking for stdlib.h
configure:11679: result: yes
configure:11679: checking for string.h
configure:11679: result: yes
configure:11679: checking sys/ioctl.h usability
configure:11679: gcc -c -g -O0 -m64 -DSF_VISIBILITY -fvisibility=hidden -ggdb -Wall -DLZMA -DGRE -DMPLS -DPPM_MGR -DINLINE_FAILOPEN -DDEBUG -DSOURCEFIRE -DENABLE_REACT -DENABLE_RESPOND -DENABLE_RESPONSE3 -DSF_WCHAR -DTARGET_BASED -DPERF_PROFILING -DSNORT_RELOAD -DNO_NON_ETHER_DECODER -DNORMALIZER -DACTIVE_RESPONSE -DFEAT_OPEN_APPID -DHAVE_LIBLUAJIT -I/usr/local/include   -fvisibility=hidden  -I/home/rtds-cybersec/repos/snort/snort-2.9.14.1/snort-2.9/src/dynamic-examples/include conftest.c >&5
configure:11679: $? = 0
configure:11679: result: yes
configure:11679: checking sys/ioctl.h presence
configure:11679: gcc -E  -I/home/rtds-cybersec/repos/snort/snort-2.9.14.1/snort-2.9/src/dynamic-examples/include conftest.c
configure:11679: $? = 0
configure:11679: result: yes
configure:11679: checking for sys/ioctl.h
configure:11679: result: yes
configure:11679: checking sys/param.h usability
configure:11679: gcc -c -g -O0 -m64 -DSF_VISIBILITY -fvisibility=hidden -ggdb -Wall -DLZMA -DGRE -DMPLS -DPPM_MGR -DINLINE_FAILOPEN -DDEBUG -DSOURCEFIRE -DENABLE_REACT -DENABLE_RESPOND -DENABLE_RESPONSE3 -DSF_WCHAR -DTARGET_BASED -DPERF_PROFILING -DSNORT_RELOAD -DNO_NON_ETHER_DECODER -DNORMALIZER -DACTIVE_RESPONSE -DFEAT_OPEN_APPID -DHAVE_LIBLUAJIT -I/usr/local/include   -fvisibility=hidden  -I/home/rtds-cybersec/repos/snort/snort-2.9.14.1/snort-2.9/src/dynamic-examples/include conftest.c >&5
configure:11679: $? = 0
configure:11679: result: yes
configure:11679: checking sys/param.h presence
configure:11679: gcc -E  -I/home/rtds-cybersec/repos/snort/snort-2.9.14.1/snort-2.9/src/dynamic-examples/include conftest.c
configure:11679: $? = 0
configure:11679: result: yes
configure:11679: checking for sys/param.h
configure:11679: result: yes
configure:11679: checking sys/socket.h usability
configure:11679: gcc -c -g -O0 -m64 -DSF_VISIBILITY -fvisibility=hidden -ggdb -Wall -DLZMA -DGRE -DMPLS -DPPM_MGR -DINLINE_FAILOPEN -DDEBUG -DSOURCEFIRE -DENABLE_REACT -DENABLE_RESPOND -DENABLE_RESPONSE3 -DSF_WCHAR -DTARGET_BASED -DPERF_PROFILING -DSNORT_RELOAD -DNO_NON_ETHER_DECODER -DNORMALIZER -DACTIVE_RESPONSE -DFEAT_OPEN_APPID -DHAVE_LIBLUAJIT -I/usr/local/include   -fvisibility=hidden  -I/home/rtds-cybersec/repos/snort/snort-2.9.14.1/snort-2.9/src/dynamic-examples/include conftest.c >&5
configure:11679: $? = 0
configure:11679: result: yes
configure:11679: checking sys/socket.h presence
configure:11679: gcc -E  -I/home/rtds-cybersec/repos/snort/snort-2.9.14.1/snort-2.9/src/dynamic-examples/include conftest.c
configure:11679: $? = 0
configure:11679: result: yes
configure:11679: checking for sys/socket.h
configure:11679: result: yes
configure:11679: checking sys/time.h usability
configure:11679: gcc -c -g -O0 -m64 -DSF_VISIBILITY -fvisibility=hidden -ggdb -Wall -DLZMA -DGRE -DMPLS -DPPM_MGR -DINLINE_FAILOPEN -DDEBUG -DSOURCEFIRE -DENABLE_REACT -DENABLE_RESPOND -DENABLE_RESPONSE3 -DSF_WCHAR -DTARGET_BASED -DPERF_PROFILING -DSNORT_RELOAD -DNO_NON_ETHER_DECODER -DNORMALIZER -DACTIVE_RESPONSE -DFEAT_OPEN_APPID -DHAVE_LIBLUAJIT -I/usr/local/include   -fvisibility=hidden  -I/home/rtds-cybersec/repos/snort/snort-2.9.14.1/snort-2.9/src/dynamic-examples/include conftest.c >&5
configure:11679: $? = 0
configure:11679: result: yes
configure:11679: checking sys/time.h presence
configure:11679: gcc -E  -I/home/rtds-cybersec/repos/snort/snort-2.9.14.1/snort-2.9/src/dynamic-examples/include conftest.c
configure:11679: $? = 0
configure:11679: result: yes
configure:11679: checking for sys/time.h
configure:11679: result: yes
configure:11679: checking for unistd.h
configure:11679: result: yes
configure:11695: checking size of char
configure:11700: gcc -o conftest -g -O0 -m64 -DSF_VISIBILITY -fvisibility=hidden -ggdb -Wall -DLZMA -DGRE -DMPLS -DPPM_MGR -DINLINE_FAILOPEN -DDEBUG -DSOURCEFIRE -DENABLE_REACT -DENABLE_RESPOND -DENABLE_RESPONSE3 -DSF_WCHAR -DTARGET_BASED -DPERF_PROFILING -DSNORT_RELOAD -DNO_NON_ETHER_DECODER -DNORMALIZER -DACTIVE_RESPONSE -DFEAT_OPEN_APPID -DHAVE_LIBLUAJIT -I/usr/local/include   -fvisibility=hidden  -I/home/rtds-cybersec/repos/snort/snort-2.9.14.1/snort-2.9/src/dynamic-examples/include  conftest.c  >&5
configure:11700: $? = 0
configure:11700: ./conftest
configure:11700: $? = 0
configure:11714: result: 1
configure:11728: checking size of short
configure:11733: gcc -o conftest -g -O0 -m64 -DSF_VISIBILITY -fvisibility=hidden -ggdb -Wall -DLZMA -DGRE -DMPLS -DPPM_MGR -DINLINE_FAILOPEN -DDEBUG -DSOURCEFIRE -DENABLE_REACT -DENABLE_RESPOND -DENABLE_RESPONSE3 -DSF_WCHAR -DTARGET_BASED -DPERF_PROFILING -DSNORT_RELOAD -DNO_NON_ETHER_DECODER -DNORMALIZER -DACTIVE_RESPONSE -DFEAT_OPEN_APPID -DHAVE_LIBLUAJIT -I/usr/local/include   -fvisibility=hidden  -I/home/rtds-cybersec/repos/snort/snort-2.9.14.1/snort-2.9/src/dynamic-examples/include  conftest.c  >&5
configure:11733: $? = 0
configure:11733: ./conftest
configure:11733: $? = 0
configure:11747: result: 2
configure:11761: checking size of int
configure:11766: gcc -o conftest -g -O0 -m64 -DSF_VISIBILITY -fvisibility=hidden -ggdb -Wall -DLZMA -DGRE -DMPLS -DPPM_MGR -DINLINE_FAILOPEN -DDEBUG -DSOURCEFIRE -DENABLE_REACT -DENABLE_RESPOND -DENABLE_RESPONSE3 -DSF_WCHAR -DTARGET_BASED -DPERF_PROFILING -DSNORT_RELOAD -DNO_NON_ETHER_DECODER -DNORMALIZER -DACTIVE_RESPONSE -DFEAT_OPEN_APPID -DHAVE_LIBLUAJIT -I/usr/local/include   -fvisibility=hidden  -I/home/rtds-cybersec/repos/snort/snort-2.9.14.1/snort-2.9/src/dynamic-examples/include  conftest.c  >&5
configure:11766: $? = 0
configure:11766: ./conftest
configure:11766: $? = 0
configure:11780: result: 4
configure:11794: checking size of long int
configure:11799: gcc -o conftest -g -O0 -m64 -DSF_VISIBILITY -fvisibility=hidden -ggdb -Wall -DLZMA -DGRE -DMPLS -DPPM_MGR -DINLINE_FAILOPEN -DDEBUG -DSOURCEFIRE -DENABLE_REACT -DENABLE_RESPOND -DENABLE_RESPONSE3 -DSF_WCHAR -DTARGET_BASED -DPERF_PROFILING -DSNORT_RELOAD -DNO_NON_ETHER_DECODER -DNORMALIZER -DACTIVE_RESPONSE -DFEAT_OPEN_APPID -DHAVE_LIBLUAJIT -I/usr/local/include   -fvisibility=hidden  -I/home/rtds-cybersec/repos/snort/snort-2.9.14.1/snort-2.9/src/dynamic-examples/include  conftest.c  >&5
configure:11799: $? = 0
configure:11799: ./conftest
configure:11799: $? = 0
configure:11813: result: 8
configure:11827: checking size of long long int
configure:11832: gcc -o conftest -g -O0 -m64 -DSF_VISIBILITY -fvisibility=hidden -ggdb -Wall -DLZMA -DGRE -DMPLS -DPPM_MGR -DINLINE_FAILOPEN -DDEBUG -DSOURCEFIRE -DENABLE_REACT -DENABLE_RESPOND -DENABLE_RESPONSE3 -DSF_WCHAR -DTARGET_BASED -DPERF_PROFILING -DSNORT_RELOAD -DNO_NON_ETHER_DECODER -DNORMALIZER -DACTIVE_RESPONSE -DFEAT_OPEN_APPID -DHAVE_LIBLUAJIT -I/usr/local/include   -fvisibility=hidden  -I/home/rtds-cybersec/repos/snort/snort-2.9.14.1/snort-2.9/src/dynamic-examples/include  conftest.c  >&5
configure:11832: $? = 0
configure:11832: ./conftest
configure:11832: $? = 0
configure:11846: result: 8
configure:11860: checking size of unsigned int
configure:11865: gcc -o conftest -g -O0 -m64 -DSF_VISIBILITY -fvisibility=hidden -ggdb -Wall -DLZMA -DGRE -DMPLS -DPPM_MGR -DINLINE_FAILOPEN -DDEBUG -DSOURCEFIRE -DENABLE_REACT -DENABLE_RESPOND -DENABLE_RESPONSE3 -DSF_WCHAR -DTARGET_BASED -DPERF_PROFILING -DSNORT_RELOAD -DNO_NON_ETHER_DECODER -DNORMALIZER -DACTIVE_RESPONSE -DFEAT_OPEN_APPID -DHAVE_LIBLUAJIT -I/usr/local/include   -fvisibility=hidden  -I/home/rtds-cybersec/repos/snort/snort-2.9.14.1/snort-2.9/src/dynamic-examples/include  conftest.c  >&5
configure:11865: $? = 0
configure:11865: ./conftest
configure:11865: $? = 0
configure:11879: result: 4
configure:11893: checking size of unsigned long int
configure:11898: gcc -o conftest -g -O0 -m64 -DSF_VISIBILITY -fvisibility=hidden -ggdb -Wall -DLZMA -DGRE -DMPLS -DPPM_MGR -DINLINE_FAILOPEN -DDEBUG -DSOURCEFIRE -DENABLE_REACT -DENABLE_RESPOND -DENABLE_RESPONSE3 -DSF_WCHAR -DTARGET_BASED -DPERF_PROFILING -DSNORT_RELOAD -DNO_NON_ETHER_DECODER -DNORMALIZER -DACTIVE_RESPONSE -DFEAT_OPEN_APPID -DHAVE_LIBLUAJIT -I/usr/local/include   -fvisibility=hidden  -I/home/rtds-cybersec/repos/snort/snort-2.9.14.1/snort-2.9/src/dynamic-examples/include  conftest.c  >&5
configure:11898: $? = 0
configure:11898: ./conftest
configure:11898: $? = 0
configure:11912: result: 8
configure:11926: checking size of unsigned long long int
configure:11931: gcc -o conftest -g -O0 -m64 -DSF_VISIBILITY -fvisibility=hidden -ggdb -Wall -DLZMA -DGRE -DMPLS -DPPM_MGR -DINLINE_FAILOPEN -DDEBUG -DSOURCEFIRE -DENABLE_REACT -DENABLE_RESPOND -DENABLE_RESPONSE3 -DSF_WCHAR -DTARGET_BASED -DPERF_PROFILING -DSNORT_RELOAD -DNO_NON_ETHER_DECODER -DNORMALIZER -DACTIVE_RESPONSE -DFEAT_OPEN_APPID -DHAVE_LIBLUAJIT -I/usr/local/include   -fvisibility=hidden  -I/home/rtds-cybersec/repos/snort/snort-2.9.14.1/snort-2.9/src/dynamic-examples/include  conftest.c  >&5
configure:11931: $? = 0
configure:11931: ./conftest
configure:11931: $? = 0
configure:11945: result: 8
configure:11957: checking for u_int8_t
configure:11957: gcc -c -g -O0 -m64 -DSF_VISIBILITY -fvisibility=hidden -ggdb -Wall -DLZMA -DGRE -DMPLS -DPPM_MGR -DINLINE_FAILOPEN -DDEBUG -DSOURCEFIRE -DENABLE_REACT -DENABLE_RESPOND -DENABLE_RESPONSE3 -DSF_WCHAR -DTARGET_BASED -DPERF_PROFILING -DSNORT_RELOAD -DNO_NON_ETHER_DECODER -DNORMALIZER -DACTIVE_RESPONSE -DFEAT_OPEN_APPID -DHAVE_LIBLUAJIT -I/usr/local/include   -fvisibility=hidden  -I/home/rtds-cybersec/repos/snort/snort-2.9.14.1/snort-2.9/src/dynamic-examples/include conftest.c >&5
configure:11957: $? = 0
configure:11957: gcc -c -g -O0 -m64 -DSF_VISIBILITY -fvisibility=hidden -ggdb -Wall -DLZMA -DGRE -DMPLS -DPPM_MGR -DINLINE_FAILOPEN -DDEBUG -DSOURCEFIRE -DENABLE_REACT -DENABLE_RESPOND -DENABLE_RESPONSE3 -DSF_WCHAR -DTARGET_BASED -DPERF_PROFILING -DSNORT_RELOAD -DNO_NON_ETHER_DECODER -DNORMALIZER -DACTIVE_RESPONSE -DFEAT_OPEN_APPID -DHAVE_LIBLUAJIT -I/usr/local/include   -fvisibility=hidden  -I/home/rtds-cybersec/repos/snort/snort-2.9.14.1/snort-2.9/src/dynamic-examples/include conftest.c >&5
conftest.c: In function 'main':
conftest.c:80:23: error: expected expression before ')' token
 if (sizeof ((u_int8_t)))
                       ^
configure:11957: $? = 1
configure: failed program was:
| /* confdefs.h */
| #define PACKAGE_NAME "dpx"
| #define PACKAGE_TARNAME "dpx"
| #define PACKAGE_VERSION "1.7"
| #define PACKAGE_STRING "dpx 1.7"
| #define PACKAGE_BUGREPORT "snort-team@sourcefire.com"
| #define PACKAGE_URL ""
| #define PACKAGE "dpx"
| #define VERSION "1.7"
| #define STDC_HEADERS 1
| #define HAVE_SYS_TYPES_H 1
| #define HAVE_SYS_STAT_H 1
| #define HAVE_STDLIB_H 1
| #define HAVE_STRING_H 1
| #define HAVE_MEMORY_H 1
| #define HAVE_STRINGS_H 1
| #define HAVE_INTTYPES_H 1
| #define HAVE_STDINT_H 1
| #define HAVE_UNISTD_H 1
| #define HAVE_DLFCN_H 1
| #define LT_OBJDIR ".libs/"
| #define HAVE_VISIBILITY 1
| #define HAVE_INTTYPES_H 1
| #define HAVE_MEMORY_H 1
| #define HAVE_NETDB_H 1
| #define HAVE_NETINET_IN_H 1
| #define HAVE_STDINT_H 1
| #define HAVE_STDLIB_H 1
| #define HAVE_STRING_H 1
| #define HAVE_SYS_IOCTL_H 1
| #define HAVE_SYS_PARAM_H 1
| #define HAVE_SYS_SOCKET_H 1
| #define HAVE_SYS_TIME_H 1
| #define HAVE_UNISTD_H 1
| #define SIZEOF_CHAR 1
| #define SIZEOF_SHORT 2
| #define SIZEOF_INT 4
| #define SIZEOF_LONG_INT 8
| #define SIZEOF_LONG_LONG_INT 8
| #define SIZEOF_UNSIGNED_INT 4
| #define SIZEOF_UNSIGNED_LONG_INT 8
| #define SIZEOF_UNSIGNED_LONG_LONG_INT 8
| /* end confdefs.h.  */
| #include <stdio.h>
| #ifdef HAVE_SYS_TYPES_H
| # include <sys/types.h>
| #endif
| #ifdef HAVE_SYS_STAT_H
| # include <sys/stat.h>
| #endif
| #ifdef STDC_HEADERS
| # include <stdlib.h>
| # include <stddef.h>
| #else
| # ifdef HAVE_STDLIB_H
| #  include <stdlib.h>
| # endif
| #endif
| #ifdef HAVE_STRING_H
| # if !defined STDC_HEADERS && defined HAVE_MEMORY_H
| #  include <memory.h>
| # endif
| # include <string.h>
| #endif
| #ifdef HAVE_STRINGS_H
| # include <strings.h>
| #endif
| #ifdef HAVE_INTTYPES_H
| # include <inttypes.h>
| #endif
| #ifdef HAVE_STDINT_H
| # include <stdint.h>
| #endif
| #ifdef HAVE_UNISTD_H
| # include <unistd.h>
| #endif
| int
| main ()
| {
| if (sizeof ((u_int8_t)))
| 	    return 0;
|   ;
|   return 0;
| }
configure:11957: result: yes
configure:11966: checking for u_int16_t
configure:11966: gcc -c -g -O0 -m64 -DSF_VISIBILITY -fvisibility=hidden -ggdb -Wall -DLZMA -DGRE -DMPLS -DPPM_MGR -DINLINE_FAILOPEN -DDEBUG -DSOURCEFIRE -DENABLE_REACT -DENABLE_RESPOND -DENABLE_RESPONSE3 -DSF_WCHAR -DTARGET_BASED -DPERF_PROFILING -DSNORT_RELOAD -DNO_NON_ETHER_DECODER -DNORMALIZER -DACTIVE_RESPONSE -DFEAT_OPEN_APPID -DHAVE_LIBLUAJIT -I/usr/local/include   -fvisibility=hidden  -I/home/rtds-cybersec/repos/snort/snort-2.9.14.1/snort-2.9/src/dynamic-examples/include conftest.c >&5
configure:11966: $? = 0
configure:11966: gcc -c -g -O0 -m64 -DSF_VISIBILITY -fvisibility=hidden -ggdb -Wall -DLZMA -DGRE -DMPLS -DPPM_MGR -DINLINE_FAILOPEN -DDEBUG -DSOURCEFIRE -DENABLE_REACT -DENABLE_RESPOND -DENABLE_RESPONSE3 -DSF_WCHAR -DTARGET_BASED -DPERF_PROFILING -DSNORT_RELOAD -DNO_NON_ETHER_DECODER -DNORMALIZER -DACTIVE_RESPONSE -DFEAT_OPEN_APPID -DHAVE_LIBLUAJIT -I/usr/local/include   -fvisibility=hidden  -I/home/rtds-cybersec/repos/snort/snort-2.9.14.1/snort-2.9/src/dynamic-examples/include conftest.c >&5
conftest.c: In function 'main':
conftest.c:81:24: error: expected expression before ')' token
 if (sizeof ((u_int16_t)))
                        ^
configure:11966: $? = 1
configure: failed program was:
| /* confdefs.h */
| #define PACKAGE_NAME "dpx"
| #define PACKAGE_TARNAME "dpx"
| #define PACKAGE_VERSION "1.7"
| #define PACKAGE_STRING "dpx 1.7"
| #define PACKAGE_BUGREPORT "snort-team@sourcefire.com"
| #define PACKAGE_URL ""
| #define PACKAGE "dpx"
| #define VERSION "1.7"
| #define STDC_HEADERS 1
| #define HAVE_SYS_TYPES_H 1
| #define HAVE_SYS_STAT_H 1
| #define HAVE_STDLIB_H 1
| #define HAVE_STRING_H 1
| #define HAVE_MEMORY_H 1
| #define HAVE_STRINGS_H 1
| #define HAVE_INTTYPES_H 1
| #define HAVE_STDINT_H 1
| #define HAVE_UNISTD_H 1
| #define HAVE_DLFCN_H 1
| #define LT_OBJDIR ".libs/"
| #define HAVE_VISIBILITY 1
| #define HAVE_INTTYPES_H 1
| #define HAVE_MEMORY_H 1
| #define HAVE_NETDB_H 1
| #define HAVE_NETINET_IN_H 1
| #define HAVE_STDINT_H 1
| #define HAVE_STDLIB_H 1
| #define HAVE_STRING_H 1
| #define HAVE_SYS_IOCTL_H 1
| #define HAVE_SYS_PARAM_H 1
| #define HAVE_SYS_SOCKET_H 1
| #define HAVE_SYS_TIME_H 1
| #define HAVE_UNISTD_H 1
| #define SIZEOF_CHAR 1
| #define SIZEOF_SHORT 2
| #define SIZEOF_INT 4
| #define SIZEOF_LONG_INT 8
| #define SIZEOF_LONG_LONG_INT 8
| #define SIZEOF_UNSIGNED_INT 4
| #define SIZEOF_UNSIGNED_LONG_INT 8
| #define SIZEOF_UNSIGNED_LONG_LONG_INT 8
| #define HAVE_U_INT8_T 1
| /* end confdefs.h.  */
| #include <stdio.h>
| #ifdef HAVE_SYS_TYPES_H
| # include <sys/types.h>
| #endif
| #ifdef HAVE_SYS_STAT_H
| # include <sys/stat.h>
| #endif
| #ifdef STDC_HEADERS
| # include <stdlib.h>
| # include <stddef.h>
| #else
| # ifdef HAVE_STDLIB_H
| #  include <stdlib.h>
| # endif
| #endif
| #ifdef HAVE_STRING_H
| # if !defined STDC_HEADERS && defined HAVE_MEMORY_H
| #  include <memory.h>
| # endif
| # include <string.h>
| #endif
| #ifdef HAVE_STRINGS_H
| # include <strings.h>
| #endif
| #ifdef HAVE_INTTYPES_H
| # include <inttypes.h>
| #endif
| #ifdef HAVE_STDINT_H
| # include <stdint.h>
| #endif
| #ifdef HAVE_UNISTD_H
| # include <unistd.h>
| #endif
| int
| main ()
| {
| if (sizeof ((u_int16_t)))
| 	    return 0;
|   ;
|   return 0;
| }
configure:11966: result: yes
configure:11975: checking for u_int32_t
configure:11975: gcc -c -g -O0 -m64 -DSF_VISIBILITY -fvisibility=hidden -ggdb -Wall -DLZMA -DGRE -DMPLS -DPPM_MGR -DINLINE_FAILOPEN -DDEBUG -DSOURCEFIRE -DENABLE_REACT -DENABLE_RESPOND -DENABLE_RESPONSE3 -DSF_WCHAR -DTARGET_BASED -DPERF_PROFILING -DSNORT_RELOAD -DNO_NON_ETHER_DECODER -DNORMALIZER -DACTIVE_RESPONSE -DFEAT_OPEN_APPID -DHAVE_LIBLUAJIT -I/usr/local/include   -fvisibility=hidden  -I/home/rtds-cybersec/repos/snort/snort-2.9.14.1/snort-2.9/src/dynamic-examples/include conftest.c >&5
configure:11975: $? = 0
configure:11975: gcc -c -g -O0 -m64 -DSF_VISIBILITY -fvisibility=hidden -ggdb -Wall -DLZMA -DGRE -DMPLS -DPPM_MGR -DINLINE_FAILOPEN -DDEBUG -DSOURCEFIRE -DENABLE_REACT -DENABLE_RESPOND -DENABLE_RESPONSE3 -DSF_WCHAR -DTARGET_BASED -DPERF_PROFILING -DSNORT_RELOAD -DNO_NON_ETHER_DECODER -DNORMALIZER -DACTIVE_RESPONSE -DFEAT_OPEN_APPID -DHAVE_LIBLUAJIT -I/usr/local/include   -fvisibility=hidden  -I/home/rtds-cybersec/repos/snort/snort-2.9.14.1/snort-2.9/src/dynamic-examples/include conftest.c >&5
conftest.c: In function 'main':
conftest.c:82:24: error: expected expression before ')' token
 if (sizeof ((u_int32_t)))
                        ^
configure:11975: $? = 1
configure: failed program was:
| /* confdefs.h */
| #define PACKAGE_NAME "dpx"
| #define PACKAGE_TARNAME "dpx"
| #define PACKAGE_VERSION "1.7"
| #define PACKAGE_STRING "dpx 1.7"
| #define PACKAGE_BUGREPORT "snort-team@sourcefire.com"
| #define PACKAGE_URL ""
| #define PACKAGE "dpx"
| #define VERSION "1.7"
| #define STDC_HEADERS 1
| #define HAVE_SYS_TYPES_H 1
| #define HAVE_SYS_STAT_H 1
| #define HAVE_STDLIB_H 1
| #define HAVE_STRING_H 1
| #define HAVE_MEMORY_H 1
| #define HAVE_STRINGS_H 1
| #define HAVE_INTTYPES_H 1
| #define HAVE_STDINT_H 1
| #define HAVE_UNISTD_H 1
| #define HAVE_DLFCN_H 1
| #define LT_OBJDIR ".libs/"
| #define HAVE_VISIBILITY 1
| #define HAVE_INTTYPES_H 1
| #define HAVE_MEMORY_H 1
| #define HAVE_NETDB_H 1
| #define HAVE_NETINET_IN_H 1
| #define HAVE_STDINT_H 1
| #define HAVE_STDLIB_H 1
| #define HAVE_STRING_H 1
| #define HAVE_SYS_IOCTL_H 1
| #define HAVE_SYS_PARAM_H 1
| #define HAVE_SYS_SOCKET_H 1
| #define HAVE_SYS_TIME_H 1
| #define HAVE_UNISTD_H 1
| #define SIZEOF_CHAR 1
| #define SIZEOF_SHORT 2
| #define SIZEOF_INT 4
| #define SIZEOF_LONG_INT 8
| #define SIZEOF_LONG_LONG_INT 8
| #define SIZEOF_UNSIGNED_INT 4
| #define SIZEOF_UNSIGNED_LONG_INT 8
| #define SIZEOF_UNSIGNED_LONG_LONG_INT 8
| #define HAVE_U_INT8_T 1
| #define HAVE_U_INT16_T 1
| /* end confdefs.h.  */
| #include <stdio.h>
| #ifdef HAVE_SYS_TYPES_H
| # include <sys/types.h>
| #endif
| #ifdef HAVE_SYS_STAT_H
| # include <sys/stat.h>
| #endif
| #ifdef STDC_HEADERS
| # include <stdlib.h>
| # include <stddef.h>
| #else
| # ifdef HAVE_STDLIB_H
| #  include <stdlib.h>
| # endif
| #endif
| #ifdef HAVE_STRING_H
| # if !defined STDC_HEADERS && defined HAVE_MEMORY_H
| #  include <memory.h>
| # endif
| # include <string.h>
| #endif
| #ifdef HAVE_STRINGS_H
| # include <strings.h>
| #endif
| #ifdef HAVE_INTTYPES_H
| # include <inttypes.h>
| #endif
| #ifdef HAVE_STDINT_H
| # include <stdint.h>
| #endif
| #ifdef HAVE_UNISTD_H
| # include <unistd.h>
| #endif
| int
| main ()
| {
| if (sizeof ((u_int32_t)))
| 	    return 0;
|   ;
|   return 0;
| }
configure:11975: result: yes
configure:11984: checking for u_int64_t
configure:11984: gcc -c -g -O0 -m64 -DSF_VISIBILITY -fvisibility=hidden -ggdb -Wall -DLZMA -DGRE -DMPLS -DPPM_MGR -DINLINE_FAILOPEN -DDEBUG -DSOURCEFIRE -DENABLE_REACT -DENABLE_RESPOND -DENABLE_RESPONSE3 -DSF_WCHAR -DTARGET_BASED -DPERF_PROFILING -DSNORT_RELOAD -DNO_NON_ETHER_DECODER -DNORMALIZER -DACTIVE_RESPONSE -DFEAT_OPEN_APPID -DHAVE_LIBLUAJIT -I/usr/local/include   -fvisibility=hidden  -I/home/rtds-cybersec/repos/snort/snort-2.9.14.1/snort-2.9/src/dynamic-examples/include conftest.c >&5
configure:11984: $? = 0
configure:11984: gcc -c -g -O0 -m64 -DSF_VISIBILITY -fvisibility=hidden -ggdb -Wall -DLZMA -DGRE -DMPLS -DPPM_MGR -DINLINE_FAILOPEN -DDEBUG -DSOURCEFIRE -DENABLE_REACT -DENABLE_RESPOND -DENABLE_RESPONSE3 -DSF_WCHAR -DTARGET_BASED -DPERF_PROFILING -DSNORT_RELOAD -DNO_NON_ETHER_DECODER -DNORMALIZER -DACTIVE_RESPONSE -DFEAT_OPEN_APPID -DHAVE_LIBLUAJIT -I/usr/local/include   -fvisibility=hidden  -I/home/rtds-cybersec/repos/snort/snort-2.9.14.1/snort-2.9/src/dynamic-examples/include conftest.c >&5
conftest.c: In function 'main':
conftest.c:83:24: error: expected expression before ')' token
 if (sizeof ((u_int64_t)))
                        ^
configure:11984: $? = 1
configure: failed program was:
| /* confdefs.h */
| #define PACKAGE_NAME "dpx"
| #define PACKAGE_TARNAME "dpx"
| #define PACKAGE_VERSION "1.7"
| #define PACKAGE_STRING "dpx 1.7"
| #define PACKAGE_BUGREPORT "snort-team@sourcefire.com"
| #define PACKAGE_URL ""
| #define PACKAGE "dpx"
| #define VERSION "1.7"
| #define STDC_HEADERS 1
| #define HAVE_SYS_TYPES_H 1
| #define HAVE_SYS_STAT_H 1
| #define HAVE_STDLIB_H 1
| #define HAVE_STRING_H 1
| #define HAVE_MEMORY_H 1
| #define HAVE_STRINGS_H 1
| #define HAVE_INTTYPES_H 1
| #define HAVE_STDINT_H 1
| #define HAVE_UNISTD_H 1
| #define HAVE_DLFCN_H 1
| #define LT_OBJDIR ".libs/"
| #define HAVE_VISIBILITY 1
| #define HAVE_INTTYPES_H 1
| #define HAVE_MEMORY_H 1
| #define HAVE_NETDB_H 1
| #define HAVE_NETINET_IN_H 1
| #define HAVE_STDINT_H 1
| #define HAVE_STDLIB_H 1
| #define HAVE_STRING_H 1
| #define HAVE_SYS_IOCTL_H 1
| #define HAVE_SYS_PARAM_H 1
| #define HAVE_SYS_SOCKET_H 1
| #define HAVE_SYS_TIME_H 1
| #define HAVE_UNISTD_H 1
| #define SIZEOF_CHAR 1
| #define SIZEOF_SHORT 2
| #define SIZEOF_INT 4
| #define SIZEOF_LONG_INT 8
| #define SIZEOF_LONG_LONG_INT 8
| #define SIZEOF_UNSIGNED_INT 4
| #define SIZEOF_UNSIGNED_LONG_INT 8
| #define SIZEOF_UNSIGNED_LONG_LONG_INT 8
| #define HAVE_U_INT8_T 1
| #define HAVE_U_INT16_T 1
| #define HAVE_U_INT32_T 1
| /* end confdefs.h.  */
| #include <stdio.h>
| #ifdef HAVE_SYS_TYPES_H
| # include <sys/types.h>
| #endif
| #ifdef HAVE_SYS_STAT_H
| # include <sys/stat.h>
| #endif
| #ifdef STDC_HEADERS
| # include <stdlib.h>
| # include <stddef.h>
| #else
| # ifdef HAVE_STDLIB_H
| #  include <stdlib.h>
| # endif
| #endif
| #ifdef HAVE_STRING_H
| # if !defined STDC_HEADERS && defined HAVE_MEMORY_H
| #  include <memory.h>
| # endif
| # include <string.h>
| #endif
| #ifdef HAVE_STRINGS_H
| # include <strings.h>
| #endif
| #ifdef HAVE_INTTYPES_H
| # include <inttypes.h>
| #endif
| #ifdef HAVE_STDINT_H
| # include <stdint.h>
| #endif
| #ifdef HAVE_UNISTD_H
| # include <unistd.h>
| #endif
| int
| main ()
| {
| if (sizeof ((u_int64_t)))
| 	    return 0;
|   ;
|   return 0;
| }
configure:11984: result: yes
configure:11994: checking for uint8_t
configure:11994: gcc -c -g -O0 -m64 -DSF_VISIBILITY -fvisibility=hidden -ggdb -Wall -DLZMA -DGRE -DMPLS -DPPM_MGR -DINLINE_FAILOPEN -DDEBUG -DSOURCEFIRE -DENABLE_REACT -DENABLE_RESPOND -DENABLE_RESPONSE3 -DSF_WCHAR -DTARGET_BASED -DPERF_PROFILING -DSNORT_RELOAD -DNO_NON_ETHER_DECODER -DNORMALIZER -DACTIVE_RESPONSE -DFEAT_OPEN_APPID -DHAVE_LIBLUAJIT -I/usr/local/include   -fvisibility=hidden  -I/home/rtds-cybersec/repos/snort/snort-2.9.14.1/snort-2.9/src/dynamic-examples/include conftest.c >&5
configure:11994: $? = 0
configure:11994: gcc -c -g -O0 -m64 -DSF_VISIBILITY -fvisibility=hidden -ggdb -Wall -DLZMA -DGRE -DMPLS -DPPM_MGR -DINLINE_FAILOPEN -DDEBUG -DSOURCEFIRE -DENABLE_REACT -DENABLE_RESPOND -DENABLE_RESPONSE3 -DSF_WCHAR -DTARGET_BASED -DPERF_PROFILING -DSNORT_RELOAD -DNO_NON_ETHER_DECODER -DNORMALIZER -DACTIVE_RESPONSE -DFEAT_OPEN_APPID -DHAVE_LIBLUAJIT -I/usr/local/include   -fvisibility=hidden  -I/home/rtds-cybersec/repos/snort/snort-2.9.14.1/snort-2.9/src/dynamic-examples/include conftest.c >&5
conftest.c: In function 'main':
conftest.c:84:22: error: expected expression before ')' token
 if (sizeof ((uint8_t)))
                      ^
configure:11994: $? = 1
configure: failed program was:
| /* confdefs.h */
| #define PACKAGE_NAME "dpx"
| #define PACKAGE_TARNAME "dpx"
| #define PACKAGE_VERSION "1.7"
| #define PACKAGE_STRING "dpx 1.7"
| #define PACKAGE_BUGREPORT "snort-team@sourcefire.com"
| #define PACKAGE_URL ""
| #define PACKAGE "dpx"
| #define VERSION "1.7"
| #define STDC_HEADERS 1
| #define HAVE_SYS_TYPES_H 1
| #define HAVE_SYS_STAT_H 1
| #define HAVE_STDLIB_H 1
| #define HAVE_STRING_H 1
| #define HAVE_MEMORY_H 1
| #define HAVE_STRINGS_H 1
| #define HAVE_INTTYPES_H 1
| #define HAVE_STDINT_H 1
| #define HAVE_UNISTD_H 1
| #define HAVE_DLFCN_H 1
| #define LT_OBJDIR ".libs/"
| #define HAVE_VISIBILITY 1
| #define HAVE_INTTYPES_H 1
| #define HAVE_MEMORY_H 1
| #define HAVE_NETDB_H 1
| #define HAVE_NETINET_IN_H 1
| #define HAVE_STDINT_H 1
| #define HAVE_STDLIB_H 1
| #define HAVE_STRING_H 1
| #define HAVE_SYS_IOCTL_H 1
| #define HAVE_SYS_PARAM_H 1
| #define HAVE_SYS_SOCKET_H 1
| #define HAVE_SYS_TIME_H 1
| #define HAVE_UNISTD_H 1
| #define SIZEOF_CHAR 1
| #define SIZEOF_SHORT 2
| #define SIZEOF_INT 4
| #define SIZEOF_LONG_INT 8
| #define SIZEOF_LONG_LONG_INT 8
| #define SIZEOF_UNSIGNED_INT 4
| #define SIZEOF_UNSIGNED_LONG_INT 8
| #define SIZEOF_UNSIGNED_LONG_LONG_INT 8
| #define HAVE_U_INT8_T 1
| #define HAVE_U_INT16_T 1
| #define HAVE_U_INT32_T 1
| #define HAVE_U_INT64_T 1
| /* end confdefs.h.  */
| #include <stdio.h>
| #ifdef HAVE_SYS_TYPES_H
| # include <sys/types.h>
| #endif
| #ifdef HAVE_SYS_STAT_H
| # include <sys/stat.h>
| #endif
| #ifdef STDC_HEADERS
| # include <stdlib.h>
| # include <stddef.h>
| #else
| # ifdef HAVE_STDLIB_H
| #  include <stdlib.h>
| # endif
| #endif
| #ifdef HAVE_STRING_H
| # if !defined STDC_HEADERS && defined HAVE_MEMORY_H
| #  include <memory.h>
| # endif
| # include <string.h>
| #endif
| #ifdef HAVE_STRINGS_H
| # include <strings.h>
| #endif
| #ifdef HAVE_INTTYPES_H
| # include <inttypes.h>
| #endif
| #ifdef HAVE_STDINT_H
| # include <stdint.h>
| #endif
| #ifdef HAVE_UNISTD_H
| # include <unistd.h>
| #endif
| int
| main ()
| {
| if (sizeof ((uint8_t)))
| 	    return 0;
|   ;
|   return 0;
| }
configure:11994: result: yes
configure:12003: checking for uint16_t
configure:12003: gcc -c -g -O0 -m64 -DSF_VISIBILITY -fvisibility=hidden -ggdb -Wall -DLZMA -DGRE -DMPLS -DPPM_MGR -DINLINE_FAILOPEN -DDEBUG -DSOURCEFIRE -DENABLE_REACT -DENABLE_RESPOND -DENABLE_RESPONSE3 -DSF_WCHAR -DTARGET_BASED -DPERF_PROFILING -DSNORT_RELOAD -DNO_NON_ETHER_DECODER -DNORMALIZER -DACTIVE_RESPONSE -DFEAT_OPEN_APPID -DHAVE_LIBLUAJIT -I/usr/local/include   -fvisibility=hidden  -I/home/rtds-cybersec/repos/snort/snort-2.9.14.1/snort-2.9/src/dynamic-examples/include conftest.c >&5
configure:12003: $? = 0
configure:12003: gcc -c -g -O0 -m64 -DSF_VISIBILITY -fvisibility=hidden -ggdb -Wall -DLZMA -DGRE -DMPLS -DPPM_MGR -DINLINE_FAILOPEN -DDEBUG -DSOURCEFIRE -DENABLE_REACT -DENABLE_RESPOND -DENABLE_RESPONSE3 -DSF_WCHAR -DTARGET_BASED -DPERF_PROFILING -DSNORT_RELOAD -DNO_NON_ETHER_DECODER -DNORMALIZER -DACTIVE_RESPONSE -DFEAT_OPEN_APPID -DHAVE_LIBLUAJIT -I/usr/local/include   -fvisibility=hidden  -I/home/rtds-cybersec/repos/snort/snort-2.9.14.1/snort-2.9/src/dynamic-examples/include conftest.c >&5
conftest.c: In function 'main':
conftest.c:85:23: error: expected expression before ')' token
 if (sizeof ((uint16_t)))
                       ^
configure:12003: $? = 1
configure: failed program was:
| /* confdefs.h */
| #define PACKAGE_NAME "dpx"
| #define PACKAGE_TARNAME "dpx"
| #define PACKAGE_VERSION "1.7"
| #define PACKAGE_STRING "dpx 1.7"
| #define PACKAGE_BUGREPORT "snort-team@sourcefire.com"
| #define PACKAGE_URL ""
| #define PACKAGE "dpx"
| #define VERSION "1.7"
| #define STDC_HEADERS 1
| #define HAVE_SYS_TYPES_H 1
| #define HAVE_SYS_STAT_H 1
| #define HAVE_STDLIB_H 1
| #define HAVE_STRING_H 1
| #define HAVE_MEMORY_H 1
| #define HAVE_STRINGS_H 1
| #define HAVE_INTTYPES_H 1
| #define HAVE_STDINT_H 1
| #define HAVE_UNISTD_H 1
| #define HAVE_DLFCN_H 1
| #define LT_OBJDIR ".libs/"
| #define HAVE_VISIBILITY 1
| #define HAVE_INTTYPES_H 1
| #define HAVE_MEMORY_H 1
| #define HAVE_NETDB_H 1
| #define HAVE_NETINET_IN_H 1
| #define HAVE_STDINT_H 1
| #define HAVE_STDLIB_H 1
| #define HAVE_STRING_H 1
| #define HAVE_SYS_IOCTL_H 1
| #define HAVE_SYS_PARAM_H 1
| #define HAVE_SYS_SOCKET_H 1
| #define HAVE_SYS_TIME_H 1
| #define HAVE_UNISTD_H 1
| #define SIZEOF_CHAR 1
| #define SIZEOF_SHORT 2
| #define SIZEOF_INT 4
| #define SIZEOF_LONG_INT 8
| #define SIZEOF_LONG_LONG_INT 8
| #define SIZEOF_UNSIGNED_INT 4
| #define SIZEOF_UNSIGNED_LONG_INT 8
| #define SIZEOF_UNSIGNED_LONG_LONG_INT 8
| #define HAVE_U_INT8_T 1
| #define HAVE_U_INT16_T 1
| #define HAVE_U_INT32_T 1
| #define HAVE_U_INT64_T 1
| #define HAVE_UINT8_T 1
| /* end confdefs.h.  */
| #include <stdio.h>
| #ifdef HAVE_SYS_TYPES_H
| # include <sys/types.h>
| #endif
| #ifdef HAVE_SYS_STAT_H
| # include <sys/stat.h>
| #endif
| #ifdef STDC_HEADERS
| # include <stdlib.h>
| # include <stddef.h>
| #else
| # ifdef HAVE_STDLIB_H
| #  include <stdlib.h>
| # endif
| #endif
| #ifdef HAVE_STRING_H
| # if !defined STDC_HEADERS && defined HAVE_MEMORY_H
| #  include <memory.h>
| # endif
| # include <string.h>
| #endif
| #ifdef HAVE_STRINGS_H
| # include <strings.h>
| #endif
| #ifdef HAVE_INTTYPES_H
| # include <inttypes.h>
| #endif
| #ifdef HAVE_STDINT_H
| # include <stdint.h>
| #endif
| #ifdef HAVE_UNISTD_H
| # include <unistd.h>
| #endif
| int
| main ()
| {
| if (sizeof ((uint16_t)))
| 	    return 0;
|   ;
|   return 0;
| }
configure:12003: result: yes
configure:12012: checking for uint32_t
configure:12012: gcc -c -g -O0 -m64 -DSF_VISIBILITY -fvisibility=hidden -ggdb -Wall -DLZMA -DGRE -DMPLS -DPPM_MGR -DINLINE_FAILOPEN -DDEBUG -DSOURCEFIRE -DENABLE_REACT -DENABLE_RESPOND -DENABLE_RESPONSE3 -DSF_WCHAR -DTARGET_BASED -DPERF_PROFILING -DSNORT_RELOAD -DNO_NON_ETHER_DECODER -DNORMALIZER -DACTIVE_RESPONSE -DFEAT_OPEN_APPID -DHAVE_LIBLUAJIT -I/usr/local/include   -fvisibility=hidden  -I/home/rtds-cybersec/repos/snort/snort-2.9.14.1/snort-2.9/src/dynamic-examples/include conftest.c >&5
configure:12012: $? = 0
configure:12012: gcc -c -g -O0 -m64 -DSF_VISIBILITY -fvisibility=hidden -ggdb -Wall -DLZMA -DGRE -DMPLS -DPPM_MGR -DINLINE_FAILOPEN -DDEBUG -DSOURCEFIRE -DENABLE_REACT -DENABLE_RESPOND -DENABLE_RESPONSE3 -DSF_WCHAR -DTARGET_BASED -DPERF_PROFILING -DSNORT_RELOAD -DNO_NON_ETHER_DECODER -DNORMALIZER -DACTIVE_RESPONSE -DFEAT_OPEN_APPID -DHAVE_LIBLUAJIT -I/usr/local/include   -fvisibility=hidden  -I/home/rtds-cybersec/repos/snort/snort-2.9.14.1/snort-2.9/src/dynamic-examples/include conftest.c >&5
conftest.c: In function 'main':
conftest.c:86:23: error: expected expression before ')' token
 if (sizeof ((uint32_t)))
                       ^
configure:12012: $? = 1
configure: failed program was:
| /* confdefs.h */
| #define PACKAGE_NAME "dpx"
| #define PACKAGE_TARNAME "dpx"
| #define PACKAGE_VERSION "1.7"
| #define PACKAGE_STRING "dpx 1.7"
| #define PACKAGE_BUGREPORT "snort-team@sourcefire.com"
| #define PACKAGE_URL ""
| #define PACKAGE "dpx"
| #define VERSION "1.7"
| #define STDC_HEADERS 1
| #define HAVE_SYS_TYPES_H 1
| #define HAVE_SYS_STAT_H 1
| #define HAVE_STDLIB_H 1
| #define HAVE_STRING_H 1
| #define HAVE_MEMORY_H 1
| #define HAVE_STRINGS_H 1
| #define HAVE_INTTYPES_H 1
| #define HAVE_STDINT_H 1
| #define HAVE_UNISTD_H 1
| #define HAVE_DLFCN_H 1
| #define LT_OBJDIR ".libs/"
| #define HAVE_VISIBILITY 1
| #define HAVE_INTTYPES_H 1
| #define HAVE_MEMORY_H 1
| #define HAVE_NETDB_H 1
| #define HAVE_NETINET_IN_H 1
| #define HAVE_STDINT_H 1
| #define HAVE_STDLIB_H 1
| #define HAVE_STRING_H 1
| #define HAVE_SYS_IOCTL_H 1
| #define HAVE_SYS_PARAM_H 1
| #define HAVE_SYS_SOCKET_H 1
| #define HAVE_SYS_TIME_H 1
| #define HAVE_UNISTD_H 1
| #define SIZEOF_CHAR 1
| #define SIZEOF_SHORT 2
| #define SIZEOF_INT 4
| #define SIZEOF_LONG_INT 8
| #define SIZEOF_LONG_LONG_INT 8
| #define SIZEOF_UNSIGNED_INT 4
| #define SIZEOF_UNSIGNED_LONG_INT 8
| #define SIZEOF_UNSIGNED_LONG_LONG_INT 8
| #define HAVE_U_INT8_T 1
| #define HAVE_U_INT16_T 1
| #define HAVE_U_INT32_T 1
| #define HAVE_U_INT64_T 1
| #define HAVE_UINT8_T 1
| #define HAVE_UINT16_T 1
| /* end confdefs.h.  */
| #include <stdio.h>
| #ifdef HAVE_SYS_TYPES_H
| # include <sys/types.h>
| #endif
| #ifdef HAVE_SYS_STAT_H
| # include <sys/stat.h>
| #endif
| #ifdef STDC_HEADERS
| # include <stdlib.h>
| # include <stddef.h>
| #else
| # ifdef HAVE_STDLIB_H
| #  include <stdlib.h>
| # endif
| #endif
| #ifdef HAVE_STRING_H
| # if !defined STDC_HEADERS && defined HAVE_MEMORY_H
| #  include <memory.h>
| # endif
| # include <string.h>
| #endif
| #ifdef HAVE_STRINGS_H
| # include <strings.h>
| #endif
| #ifdef HAVE_INTTYPES_H
| # include <inttypes.h>
| #endif
| #ifdef HAVE_STDINT_H
| # include <stdint.h>
| #endif
| #ifdef HAVE_UNISTD_H
| # include <unistd.h>
| #endif
| int
| main ()
| {
| if (sizeof ((uint32_t)))
| 	    return 0;
|   ;
|   return 0;
| }
configure:12012: result: yes
configure:12021: checking for uint64_t
configure:12021: gcc -c -g -O0 -m64 -DSF_VISIBILITY -fvisibility=hidden -ggdb -Wall -DLZMA -DGRE -DMPLS -DPPM_MGR -DINLINE_FAILOPEN -DDEBUG -DSOURCEFIRE -DENABLE_REACT -DENABLE_RESPOND -DENABLE_RESPONSE3 -DSF_WCHAR -DTARGET_BASED -DPERF_PROFILING -DSNORT_RELOAD -DNO_NON_ETHER_DECODER -DNORMALIZER -DACTIVE_RESPONSE -DFEAT_OPEN_APPID -DHAVE_LIBLUAJIT -I/usr/local/include   -fvisibility=hidden  -I/home/rtds-cybersec/repos/snort/snort-2.9.14.1/snort-2.9/src/dynamic-examples/include conftest.c >&5
configure:12021: $? = 0
configure:12021: gcc -c -g -O0 -m64 -DSF_VISIBILITY -fvisibility=hidden -ggdb -Wall -DLZMA -DGRE -DMPLS -DPPM_MGR -DINLINE_FAILOPEN -DDEBUG -DSOURCEFIRE -DENABLE_REACT -DENABLE_RESPOND -DENABLE_RESPONSE3 -DSF_WCHAR -DTARGET_BASED -DPERF_PROFILING -DSNORT_RELOAD -DNO_NON_ETHER_DECODER -DNORMALIZER -DACTIVE_RESPONSE -DFEAT_OPEN_APPID -DHAVE_LIBLUAJIT -I/usr/local/include   -fvisibility=hidden  -I/home/rtds-cybersec/repos/snort/snort-2.9.14.1/snort-2.9/src/dynamic-examples/include conftest.c >&5
conftest.c: In function 'main':
conftest.c:87:23: error: expected expression before ')' token
 if (sizeof ((uint64_t)))
                       ^
configure:12021: $? = 1
configure: failed program was:
| /* confdefs.h */
| #define PACKAGE_NAME "dpx"
| #define PACKAGE_TARNAME "dpx"
| #define PACKAGE_VERSION "1.7"
| #define PACKAGE_STRING "dpx 1.7"
| #define PACKAGE_BUGREPORT "snort-team@sourcefire.com"
| #define PACKAGE_URL ""
| #define PACKAGE "dpx"
| #define VERSION "1.7"
| #define STDC_HEADERS 1
| #define HAVE_SYS_TYPES_H 1
| #define HAVE_SYS_STAT_H 1
| #define HAVE_STDLIB_H 1
| #define HAVE_STRING_H 1
| #define HAVE_MEMORY_H 1
| #define HAVE_STRINGS_H 1
| #define HAVE_INTTYPES_H 1
| #define HAVE_STDINT_H 1
| #define HAVE_UNISTD_H 1
| #define HAVE_DLFCN_H 1
| #define LT_OBJDIR ".libs/"
| #define HAVE_VISIBILITY 1
| #define HAVE_INTTYPES_H 1
| #define HAVE_MEMORY_H 1
| #define HAVE_NETDB_H 1
| #define HAVE_NETINET_IN_H 1
| #define HAVE_STDINT_H 1
| #define HAVE_STDLIB_H 1
| #define HAVE_STRING_H 1
| #define HAVE_SYS_IOCTL_H 1
| #define HAVE_SYS_PARAM_H 1
| #define HAVE_SYS_SOCKET_H 1
| #define HAVE_SYS_TIME_H 1
| #define HAVE_UNISTD_H 1
| #define SIZEOF_CHAR 1
| #define SIZEOF_SHORT 2
| #define SIZEOF_INT 4
| #define SIZEOF_LONG_INT 8
| #define SIZEOF_LONG_LONG_INT 8
| #define SIZEOF_UNSIGNED_INT 4
| #define SIZEOF_UNSIGNED_LONG_INT 8
| #define SIZEOF_UNSIGNED_LONG_LONG_INT 8
| #define HAVE_U_INT8_T 1
| #define HAVE_U_INT16_T 1
| #define HAVE_U_INT32_T 1
| #define HAVE_U_INT64_T 1
| #define HAVE_UINT8_T 1
| #define HAVE_UINT16_T 1
| #define HAVE_UINT32_T 1
| /* end confdefs.h.  */
| #include <stdio.h>
| #ifdef HAVE_SYS_TYPES_H
| # include <sys/types.h>
| #endif
| #ifdef HAVE_SYS_STAT_H
| # include <sys/stat.h>
| #endif
| #ifdef STDC_HEADERS
| # include <stdlib.h>
| # include <stddef.h>
| #else
| # ifdef HAVE_STDLIB_H
| #  include <stdlib.h>
| # endif
| #endif
| #ifdef HAVE_STRING_H
| # if !defined STDC_HEADERS && defined HAVE_MEMORY_H
| #  include <memory.h>
| # endif
| # include <string.h>
| #endif
| #ifdef HAVE_STRINGS_H
| # include <strings.h>
| #endif
| #ifdef HAVE_INTTYPES_H
| # include <inttypes.h>
| #endif
| #ifdef HAVE_STDINT_H
| # include <stdint.h>
| #endif
| #ifdef HAVE_UNISTD_H
| # include <unistd.h>
| #endif
| int
| main ()
| {
| if (sizeof ((uint64_t)))
| 	    return 0;
|   ;
|   return 0;
| }
configure:12021: result: yes
configure:12031: checking for int8_t
configure:12031: gcc -c -g -O0 -m64 -DSF_VISIBILITY -fvisibility=hidden -ggdb -Wall -DLZMA -DGRE -DMPLS -DPPM_MGR -DINLINE_FAILOPEN -DDEBUG -DSOURCEFIRE -DENABLE_REACT -DENABLE_RESPOND -DENABLE_RESPONSE3 -DSF_WCHAR -DTARGET_BASED -DPERF_PROFILING -DSNORT_RELOAD -DNO_NON_ETHER_DECODER -DNORMALIZER -DACTIVE_RESPONSE -DFEAT_OPEN_APPID -DHAVE_LIBLUAJIT -I/usr/local/include   -fvisibility=hidden  -I/home/rtds-cybersec/repos/snort/snort-2.9.14.1/snort-2.9/src/dynamic-examples/include conftest.c >&5
configure:12031: $? = 0
configure:12031: gcc -c -g -O0 -m64 -DSF_VISIBILITY -fvisibility=hidden -ggdb -Wall -DLZMA -DGRE -DMPLS -DPPM_MGR -DINLINE_FAILOPEN -DDEBUG -DSOURCEFIRE -DENABLE_REACT -DENABLE_RESPOND -DENABLE_RESPONSE3 -DSF_WCHAR -DTARGET_BASED -DPERF_PROFILING -DSNORT_RELOAD -DNO_NON_ETHER_DECODER -DNORMALIZER -DACTIVE_RESPONSE -DFEAT_OPEN_APPID -DHAVE_LIBLUAJIT -I/usr/local/include   -fvisibility=hidden  -I/home/rtds-cybersec/repos/snort/snort-2.9.14.1/snort-2.9/src/dynamic-examples/include conftest.c >&5
conftest.c: In function 'main':
conftest.c:88:21: error: expected expression before ')' token
 if (sizeof ((int8_t)))
                     ^
configure:12031: $? = 1
configure: failed program was:
| /* confdefs.h */
| #define PACKAGE_NAME "dpx"
| #define PACKAGE_TARNAME "dpx"
| #define PACKAGE_VERSION "1.7"
| #define PACKAGE_STRING "dpx 1.7"
| #define PACKAGE_BUGREPORT "snort-team@sourcefire.com"
| #define PACKAGE_URL ""
| #define PACKAGE "dpx"
| #define VERSION "1.7"
| #define STDC_HEADERS 1
| #define HAVE_SYS_TYPES_H 1
| #define HAVE_SYS_STAT_H 1
| #define HAVE_STDLIB_H 1
| #define HAVE_STRING_H 1
| #define HAVE_MEMORY_H 1
| #define HAVE_STRINGS_H 1
| #define HAVE_INTTYPES_H 1
| #define HAVE_STDINT_H 1
| #define HAVE_UNISTD_H 1
| #define HAVE_DLFCN_H 1
| #define LT_OBJDIR ".libs/"
| #define HAVE_VISIBILITY 1
| #define HAVE_INTTYPES_H 1
| #define HAVE_MEMORY_H 1
| #define HAVE_NETDB_H 1
| #define HAVE_NETINET_IN_H 1
| #define HAVE_STDINT_H 1
| #define HAVE_STDLIB_H 1
| #define HAVE_STRING_H 1
| #define HAVE_SYS_IOCTL_H 1
| #define HAVE_SYS_PARAM_H 1
| #define HAVE_SYS_SOCKET_H 1
| #define HAVE_SYS_TIME_H 1
| #define HAVE_UNISTD_H 1
| #define SIZEOF_CHAR 1
| #define SIZEOF_SHORT 2
| #define SIZEOF_INT 4
| #define SIZEOF_LONG_INT 8
| #define SIZEOF_LONG_LONG_INT 8
| #define SIZEOF_UNSIGNED_INT 4
| #define SIZEOF_UNSIGNED_LONG_INT 8
| #define SIZEOF_UNSIGNED_LONG_LONG_INT 8
| #define HAVE_U_INT8_T 1
| #define HAVE_U_INT16_T 1
| #define HAVE_U_INT32_T 1
| #define HAVE_U_INT64_T 1
| #define HAVE_UINT8_T 1
| #define HAVE_UINT16_T 1
| #define HAVE_UINT32_T 1
| #define HAVE_UINT64_T 1
| /* end confdefs.h.  */
| #include <stdio.h>
| #ifdef HAVE_SYS_TYPES_H
| # include <sys/types.h>
| #endif
| #ifdef HAVE_SYS_STAT_H
| # include <sys/stat.h>
| #endif
| #ifdef STDC_HEADERS
| # include <stdlib.h>
| # include <stddef.h>
| #else
| # ifdef HAVE_STDLIB_H
| #  include <stdlib.h>
| # endif
| #endif
| #ifdef HAVE_STRING_H
| # if !defined STDC_HEADERS && defined HAVE_MEMORY_H
| #  include <memory.h>
| # endif
| # include <string.h>
| #endif
| #ifdef HAVE_STRINGS_H
| # include <strings.h>
| #endif
| #ifdef HAVE_INTTYPES_H
| # include <inttypes.h>
| #endif
| #ifdef HAVE_STDINT_H
| # include <stdint.h>
| #endif
| #ifdef HAVE_UNISTD_H
| # include <unistd.h>
| #endif
| int
| main ()
| {
| if (sizeof ((int8_t)))
| 	    return 0;
|   ;
|   return 0;
| }
configure:12031: result: yes
configure:12040: checking for int16_t
configure:12040: gcc -c -g -O0 -m64 -DSF_VISIBILITY -fvisibility=hidden -ggdb -Wall -DLZMA -DGRE -DMPLS -DPPM_MGR -DINLINE_FAILOPEN -DDEBUG -DSOURCEFIRE -DENABLE_REACT -DENABLE_RESPOND -DENABLE_RESPONSE3 -DSF_WCHAR -DTARGET_BASED -DPERF_PROFILING -DSNORT_RELOAD -DNO_NON_ETHER_DECODER -DNORMALIZER -DACTIVE_RESPONSE -DFEAT_OPEN_APPID -DHAVE_LIBLUAJIT -I/usr/local/include   -fvisibility=hidden  -I/home/rtds-cybersec/repos/snort/snort-2.9.14.1/snort-2.9/src/dynamic-examples/include conftest.c >&5
configure:12040: $? = 0
configure:12040: gcc -c -g -O0 -m64 -DSF_VISIBILITY -fvisibility=hidden -ggdb -Wall -DLZMA -DGRE -DMPLS -DPPM_MGR -DINLINE_FAILOPEN -DDEBUG -DSOURCEFIRE -DENABLE_REACT -DENABLE_RESPOND -DENABLE_RESPONSE3 -DSF_WCHAR -DTARGET_BASED -DPERF_PROFILING -DSNORT_RELOAD -DNO_NON_ETHER_DECODER -DNORMALIZER -DACTIVE_RESPONSE -DFEAT_OPEN_APPID -DHAVE_LIBLUAJIT -I/usr/local/include   -fvisibility=hidden  -I/home/rtds-cybersec/repos/snort/snort-2.9.14.1/snort-2.9/src/dynamic-examples/include conftest.c >&5
conftest.c: In function 'main':
conftest.c:89:22: error: expected expression before ')' token
 if (sizeof ((int16_t)))
                      ^
configure:12040: $? = 1
configure: failed program was:
| /* confdefs.h */
| #define PACKAGE_NAME "dpx"
| #define PACKAGE_TARNAME "dpx"
| #define PACKAGE_VERSION "1.7"
| #define PACKAGE_STRING "dpx 1.7"
| #define PACKAGE_BUGREPORT "snort-team@sourcefire.com"
| #define PACKAGE_URL ""
| #define PACKAGE "dpx"
| #define VERSION "1.7"
| #define STDC_HEADERS 1
| #define HAVE_SYS_TYPES_H 1
| #define HAVE_SYS_STAT_H 1
| #define HAVE_STDLIB_H 1
| #define HAVE_STRING_H 1
| #define HAVE_MEMORY_H 1
| #define HAVE_STRINGS_H 1
| #define HAVE_INTTYPES_H 1
| #define HAVE_STDINT_H 1
| #define HAVE_UNISTD_H 1
| #define HAVE_DLFCN_H 1
| #define LT_OBJDIR ".libs/"
| #define HAVE_VISIBILITY 1
| #define HAVE_INTTYPES_H 1
| #define HAVE_MEMORY_H 1
| #define HAVE_NETDB_H 1
| #define HAVE_NETINET_IN_H 1
| #define HAVE_STDINT_H 1
| #define HAVE_STDLIB_H 1
| #define HAVE_STRING_H 1
| #define HAVE_SYS_IOCTL_H 1
| #define HAVE_SYS_PARAM_H 1
| #define HAVE_SYS_SOCKET_H 1
| #define HAVE_SYS_TIME_H 1
| #define HAVE_UNISTD_H 1
| #define SIZEOF_CHAR 1
| #define SIZEOF_SHORT 2
| #define SIZEOF_INT 4
| #define SIZEOF_LONG_INT 8
| #define SIZEOF_LONG_LONG_INT 8
| #define SIZEOF_UNSIGNED_INT 4
| #define SIZEOF_UNSIGNED_LONG_INT 8
| #define SIZEOF_UNSIGNED_LONG_LONG_INT 8
| #define HAVE_U_INT8_T 1
| #define HAVE_U_INT16_T 1
| #define HAVE_U_INT32_T 1
| #define HAVE_U_INT64_T 1
| #define HAVE_UINT8_T 1
| #define HAVE_UINT16_T 1
| #define HAVE_UINT32_T 1
| #define HAVE_UINT64_T 1
| #define HAVE_INT8_T 1
| /* end confdefs.h.  */
| #include <stdio.h>
| #ifdef HAVE_SYS_TYPES_H
| # include <sys/types.h>
| #endif
| #ifdef HAVE_SYS_STAT_H
| # include <sys/stat.h>
| #endif
| #ifdef STDC_HEADERS
| # include <stdlib.h>
| # include <stddef.h>
| #else
| # ifdef HAVE_STDLIB_H
| #  include <stdlib.h>
| # endif
| #endif
| #ifdef HAVE_STRING_H
| # if !defined STDC_HEADERS && defined HAVE_MEMORY_H
| #  include <memory.h>
| # endif
| # include <string.h>
| #endif
| #ifdef HAVE_STRINGS_H
| # include <strings.h>
| #endif
| #ifdef HAVE_INTTYPES_H
| # include <inttypes.h>
| #endif
| #ifdef HAVE_STDINT_H
| # include <stdint.h>
| #endif
| #ifdef HAVE_UNISTD_H
| # include <unistd.h>
| #endif
| int
| main ()
| {
| if (sizeof ((int16_t)))
| 	    return 0;
|   ;
|   return 0;
| }
configure:12040: result: yes
configure:12049: checking for int32_t
configure:12049: gcc -c -g -O0 -m64 -DSF_VISIBILITY -fvisibility=hidden -ggdb -Wall -DLZMA -DGRE -DMPLS -DPPM_MGR -DINLINE_FAILOPEN -DDEBUG -DSOURCEFIRE -DENABLE_REACT -DENABLE_RESPOND -DENABLE_RESPONSE3 -DSF_WCHAR -DTARGET_BASED -DPERF_PROFILING -DSNORT_RELOAD -DNO_NON_ETHER_DECODER -DNORMALIZER -DACTIVE_RESPONSE -DFEAT_OPEN_APPID -DHAVE_LIBLUAJIT -I/usr/local/include   -fvisibility=hidden  -I/home/rtds-cybersec/repos/snort/snort-2.9.14.1/snort-2.9/src/dynamic-examples/include conftest.c >&5
configure:12049: $? = 0
configure:12049: gcc -c -g -O0 -m64 -DSF_VISIBILITY -fvisibility=hidden -ggdb -Wall -DLZMA -DGRE -DMPLS -DPPM_MGR -DINLINE_FAILOPEN -DDEBUG -DSOURCEFIRE -DENABLE_REACT -DENABLE_RESPOND -DENABLE_RESPONSE3 -DSF_WCHAR -DTARGET_BASED -DPERF_PROFILING -DSNORT_RELOAD -DNO_NON_ETHER_DECODER -DNORMALIZER -DACTIVE_RESPONSE -DFEAT_OPEN_APPID -DHAVE_LIBLUAJIT -I/usr/local/include   -fvisibility=hidden  -I/home/rtds-cybersec/repos/snort/snort-2.9.14.1/snort-2.9/src/dynamic-examples/include conftest.c >&5
conftest.c: In function 'main':
conftest.c:90:22: error: expected expression before ')' token
 if (sizeof ((int32_t)))
                      ^
configure:12049: $? = 1
configure: failed program was:
| /* confdefs.h */
| #define PACKAGE_NAME "dpx"
| #define PACKAGE_TARNAME "dpx"
| #define PACKAGE_VERSION "1.7"
| #define PACKAGE_STRING "dpx 1.7"
| #define PACKAGE_BUGREPORT "snort-team@sourcefire.com"
| #define PACKAGE_URL ""
| #define PACKAGE "dpx"
| #define VERSION "1.7"
| #define STDC_HEADERS 1
| #define HAVE_SYS_TYPES_H 1
| #define HAVE_SYS_STAT_H 1
| #define HAVE_STDLIB_H 1
| #define HAVE_STRING_H 1
| #define HAVE_MEMORY_H 1
| #define HAVE_STRINGS_H 1
| #define HAVE_INTTYPES_H 1
| #define HAVE_STDINT_H 1
| #define HAVE_UNISTD_H 1
| #define HAVE_DLFCN_H 1
| #define LT_OBJDIR ".libs/"
| #define HAVE_VISIBILITY 1
| #define HAVE_INTTYPES_H 1
| #define HAVE_MEMORY_H 1
| #define HAVE_NETDB_H 1
| #define HAVE_NETINET_IN_H 1
| #define HAVE_STDINT_H 1
| #define HAVE_STDLIB_H 1
| #define HAVE_STRING_H 1
| #define HAVE_SYS_IOCTL_H 1
| #define HAVE_SYS_PARAM_H 1
| #define HAVE_SYS_SOCKET_H 1
| #define HAVE_SYS_TIME_H 1
| #define HAVE_UNISTD_H 1
| #define SIZEOF_CHAR 1
| #define SIZEOF_SHORT 2
| #define SIZEOF_INT 4
| #define SIZEOF_LONG_INT 8
| #define SIZEOF_LONG_LONG_INT 8
| #define SIZEOF_UNSIGNED_INT 4
| #define SIZEOF_UNSIGNED_LONG_INT 8
| #define SIZEOF_UNSIGNED_LONG_LONG_INT 8
| #define HAVE_U_INT8_T 1
| #define HAVE_U_INT16_T 1
| #define HAVE_U_INT32_T 1
| #define HAVE_U_INT64_T 1
| #define HAVE_UINT8_T 1
| #define HAVE_UINT16_T 1
| #define HAVE_UINT32_T 1
| #define HAVE_UINT64_T 1
| #define HAVE_INT8_T 1
| #define HAVE_INT16_T 1
| /* end confdefs.h.  */
| #include <stdio.h>
| #ifdef HAVE_SYS_TYPES_H
| # include <sys/types.h>
| #endif
| #ifdef HAVE_SYS_STAT_H
| # include <sys/stat.h>
| #endif
| #ifdef STDC_HEADERS
| # include <stdlib.h>
| # include <stddef.h>
| #else
| # ifdef HAVE_STDLIB_H
| #  include <stdlib.h>
| # endif
| #endif
| #ifdef HAVE_STRING_H
| # if !defined STDC_HEADERS && defined HAVE_MEMORY_H
| #  include <memory.h>
| # endif
| # include <string.h>
| #endif
| #ifdef HAVE_STRINGS_H
| # include <strings.h>
| #endif
| #ifdef HAVE_INTTYPES_H
| # include <inttypes.h>
| #endif
| #ifdef HAVE_STDINT_H
| # include <stdint.h>
| #endif
| #ifdef HAVE_UNISTD_H
| # include <unistd.h>
| #endif
| int
| main ()
| {
| if (sizeof ((int32_t)))
| 	    return 0;
|   ;
|   return 0;
| }
configure:12049: result: yes
configure:12058: checking for int64_t
configure:12058: gcc -c -g -O0 -m64 -DSF_VISIBILITY -fvisibility=hidden -ggdb -Wall -DLZMA -DGRE -DMPLS -DPPM_MGR -DINLINE_FAILOPEN -DDEBUG -DSOURCEFIRE -DENABLE_REACT -DENABLE_RESPOND -DENABLE_RESPONSE3 -DSF_WCHAR -DTARGET_BASED -DPERF_PROFILING -DSNORT_RELOAD -DNO_NON_ETHER_DECODER -DNORMALIZER -DACTIVE_RESPONSE -DFEAT_OPEN_APPID -DHAVE_LIBLUAJIT -I/usr/local/include   -fvisibility=hidden  -I/home/rtds-cybersec/repos/snort/snort-2.9.14.1/snort-2.9/src/dynamic-examples/include conftest.c >&5
configure:12058: $? = 0
configure:12058: gcc -c -g -O0 -m64 -DSF_VISIBILITY -fvisibility=hidden -ggdb -Wall -DLZMA -DGRE -DMPLS -DPPM_MGR -DINLINE_FAILOPEN -DDEBUG -DSOURCEFIRE -DENABLE_REACT -DENABLE_RESPOND -DENABLE_RESPONSE3 -DSF_WCHAR -DTARGET_BASED -DPERF_PROFILING -DSNORT_RELOAD -DNO_NON_ETHER_DECODER -DNORMALIZER -DACTIVE_RESPONSE -DFEAT_OPEN_APPID -DHAVE_LIBLUAJIT -I/usr/local/include   -fvisibility=hidden  -I/home/rtds-cybersec/repos/snort/snort-2.9.14.1/snort-2.9/src/dynamic-examples/include conftest.c >&5
conftest.c: In function 'main':
conftest.c:91:22: error: expected expression before ')' token
 if (sizeof ((int64_t)))
                      ^
configure:12058: $? = 1
configure: failed program was:
| /* confdefs.h */
| #define PACKAGE_NAME "dpx"
| #define PACKAGE_TARNAME "dpx"
| #define PACKAGE_VERSION "1.7"
| #define PACKAGE_STRING "dpx 1.7"
| #define PACKAGE_BUGREPORT "snort-team@sourcefire.com"
| #define PACKAGE_URL ""
| #define PACKAGE "dpx"
| #define VERSION "1.7"
| #define STDC_HEADERS 1
| #define HAVE_SYS_TYPES_H 1
| #define HAVE_SYS_STAT_H 1
| #define HAVE_STDLIB_H 1
| #define HAVE_STRING_H 1
| #define HAVE_MEMORY_H 1
| #define HAVE_STRINGS_H 1
| #define HAVE_INTTYPES_H 1
| #define HAVE_STDINT_H 1
| #define HAVE_UNISTD_H 1
| #define HAVE_DLFCN_H 1
| #define LT_OBJDIR ".libs/"
| #define HAVE_VISIBILITY 1
| #define HAVE_INTTYPES_H 1
| #define HAVE_MEMORY_H 1
| #define HAVE_NETDB_H 1
| #define HAVE_NETINET_IN_H 1
| #define HAVE_STDINT_H 1
| #define HAVE_STDLIB_H 1
| #define HAVE_STRING_H 1
| #define HAVE_SYS_IOCTL_H 1
| #define HAVE_SYS_PARAM_H 1
| #define HAVE_SYS_SOCKET_H 1
| #define HAVE_SYS_TIME_H 1
| #define HAVE_UNISTD_H 1
| #define SIZEOF_CHAR 1
| #define SIZEOF_SHORT 2
| #define SIZEOF_INT 4
| #define SIZEOF_LONG_INT 8
| #define SIZEOF_LONG_LONG_INT 8
| #define SIZEOF_UNSIGNED_INT 4
| #define SIZEOF_UNSIGNED_LONG_INT 8
| #define SIZEOF_UNSIGNED_LONG_LONG_INT 8
| #define HAVE_U_INT8_T 1
| #define HAVE_U_INT16_T 1
| #define HAVE_U_INT32_T 1
| #define HAVE_U_INT64_T 1
| #define HAVE_UINT8_T 1
| #define HAVE_UINT16_T 1
| #define HAVE_UINT32_T 1
| #define HAVE_UINT64_T 1
| #define HAVE_INT8_T 1
| #define HAVE_INT16_T 1
| #define HAVE_INT32_T 1
| /* end confdefs.h.  */
| #include <stdio.h>
| #ifdef HAVE_SYS_TYPES_H
| # include <sys/types.h>
| #endif
| #ifdef HAVE_SYS_STAT_H
| # include <sys/stat.h>
| #endif
| #ifdef STDC_HEADERS
| # include <stdlib.h>
| # include <stddef.h>
| #else
| # ifdef HAVE_STDLIB_H
| #  include <stdlib.h>
| # endif
| #endif
| #ifdef HAVE_STRING_H
| # if !defined STDC_HEADERS && defined HAVE_MEMORY_H
| #  include <memory.h>
| # endif
| # include <string.h>
| #endif
| #ifdef HAVE_STRINGS_H
| # include <strings.h>
| #endif
| #ifdef HAVE_INTTYPES_H
| # include <inttypes.h>
| #endif
| #ifdef HAVE_STDINT_H
| # include <stdint.h>
| #endif
| #ifdef HAVE_UNISTD_H
| # include <unistd.h>
| #endif
| int
| main ()
| {
| if (sizeof ((int64_t)))
| 	    return 0;
|   ;
|   return 0;
| }
configure:12058: result: yes
configure:12069: checking for boolean
configure:12069: gcc -c -g -O0 -m64 -DSF_VISIBILITY -fvisibility=hidden -ggdb -Wall -DLZMA -DGRE -DMPLS -DPPM_MGR -DINLINE_FAILOPEN -DDEBUG -DSOURCEFIRE -DENABLE_REACT -DENABLE_RESPOND -DENABLE_RESPONSE3 -DSF_WCHAR -DTARGET_BASED -DPERF_PROFILING -DSNORT_RELOAD -DNO_NON_ETHER_DECODER -DNORMALIZER -DACTIVE_RESPONSE -DFEAT_OPEN_APPID -DHAVE_LIBLUAJIT -I/usr/local/include   -fvisibility=hidden  -I/home/rtds-cybersec/repos/snort/snort-2.9.14.1/snort-2.9/src/dynamic-examples/include conftest.c >&5
conftest.c: In function 'main':
conftest.c:92:13: error: 'boolean' undeclared (first use in this function)
 if (sizeof (boolean))
             ^~~~~~~
conftest.c:92:13: note: each undeclared identifier is reported only once for each function it appears in
configure:12069: $? = 1
configure: failed program was:
| /* confdefs.h */
| #define PACKAGE_NAME "dpx"
| #define PACKAGE_TARNAME "dpx"
| #define PACKAGE_VERSION "1.7"
| #define PACKAGE_STRING "dpx 1.7"
| #define PACKAGE_BUGREPORT "snort-team@sourcefire.com"
| #define PACKAGE_URL ""
| #define PACKAGE "dpx"
| #define VERSION "1.7"
| #define STDC_HEADERS 1
| #define HAVE_SYS_TYPES_H 1
| #define HAVE_SYS_STAT_H 1
| #define HAVE_STDLIB_H 1
| #define HAVE_STRING_H 1
| #define HAVE_MEMORY_H 1
| #define HAVE_STRINGS_H 1
| #define HAVE_INTTYPES_H 1
| #define HAVE_STDINT_H 1
| #define HAVE_UNISTD_H 1
| #define HAVE_DLFCN_H 1
| #define LT_OBJDIR ".libs/"
| #define HAVE_VISIBILITY 1
| #define HAVE_INTTYPES_H 1
| #define HAVE_MEMORY_H 1
| #define HAVE_NETDB_H 1
| #define HAVE_NETINET_IN_H 1
| #define HAVE_STDINT_H 1
| #define HAVE_STDLIB_H 1
| #define HAVE_STRING_H 1
| #define HAVE_SYS_IOCTL_H 1
| #define HAVE_SYS_PARAM_H 1
| #define HAVE_SYS_SOCKET_H 1
| #define HAVE_SYS_TIME_H 1
| #define HAVE_UNISTD_H 1
| #define SIZEOF_CHAR 1
| #define SIZEOF_SHORT 2
| #define SIZEOF_INT 4
| #define SIZEOF_LONG_INT 8
| #define SIZEOF_LONG_LONG_INT 8
| #define SIZEOF_UNSIGNED_INT 4
| #define SIZEOF_UNSIGNED_LONG_INT 8
| #define SIZEOF_UNSIGNED_LONG_LONG_INT 8
| #define HAVE_U_INT8_T 1
| #define HAVE_U_INT16_T 1
| #define HAVE_U_INT32_T 1
| #define HAVE_U_INT64_T 1
| #define HAVE_UINT8_T 1
| #define HAVE_UINT16_T 1
| #define HAVE_UINT32_T 1
| #define HAVE_UINT64_T 1
| #define HAVE_INT8_T 1
| #define HAVE_INT16_T 1
| #define HAVE_INT32_T 1
| #define HAVE_INT64_T 1
| /* end confdefs.h.  */
| #include <stdio.h>
| #ifdef HAVE_SYS_TYPES_H
| # include <sys/types.h>
| #endif
| #ifdef HAVE_SYS_STAT_H
| # include <sys/stat.h>
| #endif
| #ifdef STDC_HEADERS
| # include <stdlib.h>
| # include <stddef.h>
| #else
| # ifdef HAVE_STDLIB_H
| #  include <stdlib.h>
| # endif
| #endif
| #ifdef HAVE_STRING_H
| # if !defined STDC_HEADERS && defined HAVE_MEMORY_H
| #  include <memory.h>
| # endif
| # include <string.h>
| #endif
| #ifdef HAVE_STRINGS_H
| # include <strings.h>
| #endif
| #ifdef HAVE_INTTYPES_H
| # include <inttypes.h>
| #endif
| #ifdef HAVE_STDINT_H
| # include <stdint.h>
| #endif
| #ifdef HAVE_UNISTD_H
| # include <unistd.h>
| #endif
| int
| main ()
| {
| if (sizeof (boolean))
| 	 return 0;
|   ;
|   return 0;
| }
configure:12069: result: no
configure:12083: checking for stdlib.h
configure:12083: result: yes
configure:12093: checking for GNU libc compatible malloc
configure:12117: gcc -o conftest -g -O0 -m64 -DSF_VISIBILITY -fvisibility=hidden -ggdb -Wall -DLZMA -DGRE -DMPLS -DPPM_MGR -DINLINE_FAILOPEN -DDEBUG -DSOURCEFIRE -DENABLE_REACT -DENABLE_RESPOND -DENABLE_RESPONSE3 -DSF_WCHAR -DTARGET_BASED -DPERF_PROFILING -DSNORT_RELOAD -DNO_NON_ETHER_DECODER -DNORMALIZER -DACTIVE_RESPONSE -DFEAT_OPEN_APPID -DHAVE_LIBLUAJIT -I/usr/local/include   -fvisibility=hidden  -I/home/rtds-cybersec/repos/snort/snort-2.9.14.1/snort-2.9/src/dynamic-examples/include  conftest.c  >&5
configure:12117: $? = 0
configure:12117: ./conftest
configure:12117: $? = 0
configure:12127: result: yes
configure:12154: checking for stdlib.h
configure:12154: result: yes
configure:12154: checking for unistd.h
configure:12154: result: yes
configure:12154: checking for sys/param.h
configure:12154: result: yes
configure:12174: checking for getpagesize
configure:12174: gcc -o conftest -g -O0 -m64 -DSF_VISIBILITY -fvisibility=hidden -ggdb -Wall -DLZMA -DGRE -DMPLS -DPPM_MGR -DINLINE_FAILOPEN -DDEBUG -DSOURCEFIRE -DENABLE_REACT -DENABLE_RESPOND -DENABLE_RESPONSE3 -DSF_WCHAR -DTARGET_BASED -DPERF_PROFILING -DSNORT_RELOAD -DNO_NON_ETHER_DECODER -DNORMALIZER -DACTIVE_RESPONSE -DFEAT_OPEN_APPID -DHAVE_LIBLUAJIT -I/usr/local/include   -fvisibility=hidden  -I/home/rtds-cybersec/repos/snort/snort-2.9.14.1/snort-2.9/src/dynamic-examples/include  conftest.c  >&5
configure:12174: $? = 0
configure:12174: result: yes
configure:12183: checking for working mmap
configure:12330: gcc -o conftest -g -O0 -m64 -DSF_VISIBILITY -fvisibility=hidden -ggdb -Wall -DLZMA -DGRE -DMPLS -DPPM_MGR -DINLINE_FAILOPEN -DDEBUG -DSOURCEFIRE -DENABLE_REACT -DENABLE_RESPOND -DENABLE_RESPONSE3 -DSF_WCHAR -DTARGET_BASED -DPERF_PROFILING -DSNORT_RELOAD -DNO_NON_ETHER_DECODER -DNORMALIZER -DACTIVE_RESPONSE -DFEAT_OPEN_APPID -DHAVE_LIBLUAJIT -I/usr/local/include   -fvisibility=hidden  -I/home/rtds-cybersec/repos/snort/snort-2.9.14.1/snort-2.9/src/dynamic-examples/include  conftest.c  >&5
configure:12330: $? = 0
configure:12330: ./conftest
configure:12330: $? = 0
configure:12340: result: yes
configure:12365: checking for gethostbyname
configure:12365: gcc -o conftest -g -O0 -m64 -DSF_VISIBILITY -fvisibility=hidden -ggdb -Wall -DLZMA -DGRE -DMPLS -DPPM_MGR -DINLINE_FAILOPEN -DDEBUG -DSOURCEFIRE -DENABLE_REACT -DENABLE_RESPOND -DENABLE_RESPONSE3 -DSF_WCHAR -DTARGET_BASED -DPERF_PROFILING -DSNORT_RELOAD -DNO_NON_ETHER_DECODER -DNORMALIZER -DACTIVE_RESPONSE -DFEAT_OPEN_APPID -DHAVE_LIBLUAJIT -I/usr/local/include   -fvisibility=hidden  -I/home/rtds-cybersec/repos/snort/snort-2.9.14.1/snort-2.9/src/dynamic-examples/include  conftest.c  >&5
configure:12365: $? = 0
configure:12365: result: yes
configure:12365: checking for getpagesize
configure:12365: result: yes
configure:12365: checking for memset
configure:12365: gcc -o conftest -g -O0 -m64 -DSF_VISIBILITY -fvisibility=hidden -ggdb -Wall -DLZMA -DGRE -DMPLS -DPPM_MGR -DINLINE_FAILOPEN -DDEBUG -DSOURCEFIRE -DENABLE_REACT -DENABLE_RESPOND -DENABLE_RESPONSE3 -DSF_WCHAR -DTARGET_BASED -DPERF_PROFILING -DSNORT_RELOAD -DNO_NON_ETHER_DECODER -DNORMALIZER -DACTIVE_RESPONSE -DFEAT_OPEN_APPID -DHAVE_LIBLUAJIT -I/usr/local/include   -fvisibility=hidden  -I/home/rtds-cybersec/repos/snort/snort-2.9.14.1/snort-2.9/src/dynamic-examples/include  conftest.c  >&5
conftest.c:88:6: warning: conflicting types for built-in function 'memset' [-Wbuiltin-declaration-mismatch]
 char memset ();
      ^~~~~~
configure:12365: $? = 0
configure:12365: result: yes
configure:12365: checking for munmap
configure:12365: gcc -o conftest -g -O0 -m64 -DSF_VISIBILITY -fvisibility=hidden -ggdb -Wall -DLZMA -DGRE -DMPLS -DPPM_MGR -DINLINE_FAILOPEN -DDEBUG -DSOURCEFIRE -DENABLE_REACT -DENABLE_RESPOND -DENABLE_RESPONSE3 -DSF_WCHAR -DTARGET_BASED -DPERF_PROFILING -DSNORT_RELOAD -DNO_NON_ETHER_DECODER -DNORMALIZER -DACTIVE_RESPONSE -DFEAT_OPEN_APPID -DHAVE_LIBLUAJIT -I/usr/local/include   -fvisibility=hidden  -I/home/rtds-cybersec/repos/snort/snort-2.9.14.1/snort-2.9/src/dynamic-examples/include  conftest.c  >&5
configure:12365: $? = 0
configure:12365: result: yes
configure:12365: checking for socket
configure:12365: gcc -o conftest -g -O0 -m64 -DSF_VISIBILITY -fvisibility=hidden -ggdb -Wall -DLZMA -DGRE -DMPLS -DPPM_MGR -DINLINE_FAILOPEN -DDEBUG -DSOURCEFIRE -DENABLE_REACT -DENABLE_RESPOND -DENABLE_RESPONSE3 -DSF_WCHAR -DTARGET_BASED -DPERF_PROFILING -DSNORT_RELOAD -DNO_NON_ETHER_DECODER -DNORMALIZER -DACTIVE_RESPONSE -DFEAT_OPEN_APPID -DHAVE_LIBLUAJIT -I/usr/local/include   -fvisibility=hidden  -I/home/rtds-cybersec/repos/snort/snort-2.9.14.1/snort-2.9/src/dynamic-examples/include  conftest.c  >&5
configure:12365: $? = 0
configure:12365: result: yes
configure:12365: checking for strchr
configure:12365: gcc -o conftest -g -O0 -m64 -DSF_VISIBILITY -fvisibility=hidden -ggdb -Wall -DLZMA -DGRE -DMPLS -DPPM_MGR -DINLINE_FAILOPEN -DDEBUG -DSOURCEFIRE -DENABLE_REACT -DENABLE_RESPOND -DENABLE_RESPONSE3 -DSF_WCHAR -DTARGET_BASED -DPERF_PROFILING -DSNORT_RELOAD -DNO_NON_ETHER_DECODER -DNORMALIZER -DACTIVE_RESPONSE -DFEAT_OPEN_APPID -DHAVE_LIBLUAJIT -I/usr/local/include   -fvisibility=hidden  -I/home/rtds-cybersec/repos/snort/snort-2.9.14.1/snort-2.9/src/dynamic-examples/include  conftest.c  >&5
conftest.c:91:6: warning: conflicting types for built-in function 'strchr' [-Wbuiltin-declaration-mismatch]
 char strchr ();
      ^~~~~~
configure:12365: $? = 0
configure:12365: result: yes
configure:12365: checking for strcspn
configure:12365: gcc -o conftest -g -O0 -m64 -DSF_VISIBILITY -fvisibility=hidden -ggdb -Wall -DLZMA -DGRE -DMPLS -DPPM_MGR -DINLINE_FAILOPEN -DDEBUG -DSOURCEFIRE -DENABLE_REACT -DENABLE_RESPOND -DENABLE_RESPONSE3 -DSF_WCHAR -DTARGET_BASED -DPERF_PROFILING -DSNORT_RELOAD -DNO_NON_ETHER_DECODER -DNORMALIZER -DACTIVE_RESPONSE -DFEAT_OPEN_APPID -DHAVE_LIBLUAJIT -I/usr/local/include   -fvisibility=hidden  -I/home/rtds-cybersec/repos/snort/snort-2.9.14.1/snort-2.9/src/dynamic-examples/include  conftest.c  >&5
conftest.c:92:6: warning: conflicting types for built-in function 'strcspn' [-Wbuiltin-declaration-mismatch]
 char strcspn ();
      ^~~~~~~
configure:12365: $? = 0
configure:12365: result: yes
configure:12365: checking for strdup
configure:12365: gcc -o conftest -g -O0 -m64 -DSF_VISIBILITY -fvisibility=hidden -ggdb -Wall -DLZMA -DGRE -DMPLS -DPPM_MGR -DINLINE_FAILOPEN -DDEBUG -DSOURCEFIRE -DENABLE_REACT -DENABLE_RESPOND -DENABLE_RESPONSE3 -DSF_WCHAR -DTARGET_BASED -DPERF_PROFILING -DSNORT_RELOAD -DNO_NON_ETHER_DECODER -DNORMALIZER -DACTIVE_RESPONSE -DFEAT_OPEN_APPID -DHAVE_LIBLUAJIT -I/usr/local/include   -fvisibility=hidden  -I/home/rtds-cybersec/repos/snort/snort-2.9.14.1/snort-2.9/src/dynamic-examples/include  conftest.c  >&5
conftest.c:93:6: warning: conflicting types for built-in function 'strdup' [-Wbuiltin-declaration-mismatch]
 char strdup ();
      ^~~~~~
configure:12365: $? = 0
configure:12365: result: yes
configure:12365: checking for strerror
configure:12365: gcc -o conftest -g -O0 -m64 -DSF_VISIBILITY -fvisibility=hidden -ggdb -Wall -DLZMA -DGRE -DMPLS -DPPM_MGR -DINLINE_FAILOPEN -DDEBUG -DSOURCEFIRE -DENABLE_REACT -DENABLE_RESPOND -DENABLE_RESPONSE3 -DSF_WCHAR -DTARGET_BASED -DPERF_PROFILING -DSNORT_RELOAD -DNO_NON_ETHER_DECODER -DNORMALIZER -DACTIVE_RESPONSE -DFEAT_OPEN_APPID -DHAVE_LIBLUAJIT -I/usr/local/include   -fvisibility=hidden  -I/home/rtds-cybersec/repos/snort/snort-2.9.14.1/snort-2.9/src/dynamic-examples/include  conftest.c  >&5
configure:12365: $? = 0
configure:12365: result: yes
configure:12365: checking for strrchr
configure:12365: gcc -o conftest -g -O0 -m64 -DSF_VISIBILITY -fvisibility=hidden -ggdb -Wall -DLZMA -DGRE -DMPLS -DPPM_MGR -DINLINE_FAILOPEN -DDEBUG -DSOURCEFIRE -DENABLE_REACT -DENABLE_RESPOND -DENABLE_RESPONSE3 -DSF_WCHAR -DTARGET_BASED -DPERF_PROFILING -DSNORT_RELOAD -DNO_NON_ETHER_DECODER -DNORMALIZER -DACTIVE_RESPONSE -DFEAT_OPEN_APPID -DHAVE_LIBLUAJIT -I/usr/local/include   -fvisibility=hidden  -I/home/rtds-cybersec/repos/snort/snort-2.9.14.1/snort-2.9/src/dynamic-examples/include  conftest.c  >&5
conftest.c:95:6: warning: conflicting types for built-in function 'strrchr' [-Wbuiltin-declaration-mismatch]
 char strrchr ();
      ^~~~~~~
configure:12365: $? = 0
configure:12365: result: yes
configure:12365: checking for strstr
configure:12365: gcc -o conftest -g -O0 -m64 -DSF_VISIBILITY -fvisibility=hidden -ggdb -Wall -DLZMA -DGRE -DMPLS -DPPM_MGR -DINLINE_FAILOPEN -DDEBUG -DSOURCEFIRE -DENABLE_REACT -DENABLE_RESPOND -DENABLE_RESPONSE3 -DSF_WCHAR -DTARGET_BASED -DPERF_PROFILING -DSNORT_RELOAD -DNO_NON_ETHER_DECODER -DNORMALIZER -DACTIVE_RESPONSE -DFEAT_OPEN_APPID -DHAVE_LIBLUAJIT -I/usr/local/include   -fvisibility=hidden  -I/home/rtds-cybersec/repos/snort/snort-2.9.14.1/snort-2.9/src/dynamic-examples/include  conftest.c  >&5
conftest.c:96:6: warning: conflicting types for built-in function 'strstr' [-Wbuiltin-declaration-mismatch]
 char strstr ();
      ^~~~~~
configure:12365: $? = 0
configure:12365: result: yes
configure:12365: checking for strtoul
configure:12365: gcc -o conftest -g -O0 -m64 -DSF_VISIBILITY -fvisibility=hidden -ggdb -Wall -DLZMA -DGRE -DMPLS -DPPM_MGR -DINLINE_FAILOPEN -DDEBUG -DSOURCEFIRE -DENABLE_REACT -DENABLE_RESPOND -DENABLE_RESPONSE3 -DSF_WCHAR -DTARGET_BASED -DPERF_PROFILING -DSNORT_RELOAD -DNO_NON_ETHER_DECODER -DNORMALIZER -DACTIVE_RESPONSE -DFEAT_OPEN_APPID -DHAVE_LIBLUAJIT -I/usr/local/include   -fvisibility=hidden  -I/home/rtds-cybersec/repos/snort/snort-2.9.14.1/snort-2.9/src/dynamic-examples/include  conftest.c  >&5
configure:12365: $? = 0
configure:12365: result: yes
configure:12489: checking that generated files are newer than configure
configure:12495: result: done
configure:12518: creating ./config.status

## ---------------------- ##
## Running config.status. ##
## ---------------------- ##

This file was extended by dpx config.status 1.7, which was
generated by GNU Autoconf 2.69.  Invocation command line was

  CONFIG_FILES    = 
  CONFIG_HEADERS  = 
  CONFIG_LINKS    = 
  CONFIG_COMMANDS = 
  $ ./config.status 

on rtds-cybersec1

config.status:1137: creating Makefile
config.status:1137: creating src/Makefile
config.status:1137: creating test/Makefile
config.status:1137: creating config.h
config.status:1318: config.h is unchanged
config.status:1366: executing depfiles commands
config.status:1366: executing libtool commands

## ---------------- ##
## Cache variables. ##
## ---------------- ##

ac_cv_build=x86_64-unknown-linux-gnu
ac_cv_c_compiler_gnu=yes
ac_cv_env_CC_set=
ac_cv_env_CC_value=
ac_cv_env_CFLAGS_set=
ac_cv_env_CFLAGS_value=
ac_cv_env_CPPFLAGS_set=
ac_cv_env_CPPFLAGS_value=
ac_cv_env_CPP_set=
ac_cv_env_CPP_value=
ac_cv_env_LDFLAGS_set=
ac_cv_env_LDFLAGS_value=
ac_cv_env_LIBS_set=
ac_cv_env_LIBS_value=
ac_cv_env_build_alias_set=
ac_cv_env_build_alias_value=
ac_cv_env_host_alias_set=
ac_cv_env_host_alias_value=
ac_cv_env_target_alias_set=
ac_cv_env_target_alias_value=
ac_cv_func_gethostbyname=yes
ac_cv_func_getpagesize=yes
ac_cv_func_malloc_0_nonnull=yes
ac_cv_func_memset=yes
ac_cv_func_mmap_fixed_mapped=yes
ac_cv_func_munmap=yes
ac_cv_func_socket=yes
ac_cv_func_strchr=yes
ac_cv_func_strcspn=yes
ac_cv_func_strdup=yes
ac_cv_func_strerror=yes
ac_cv_func_strrchr=yes
ac_cv_func_strstr=yes
ac_cv_func_strtoul=yes
ac_cv_header_dlfcn_h=yes
ac_cv_header_inttypes_h=yes
ac_cv_header_memory_h=yes
ac_cv_header_netdb_h=yes
ac_cv_header_netinet_in_h=yes
ac_cv_header_stdc=yes
ac_cv_header_stdint_h=yes
ac_cv_header_stdlib_h=yes
ac_cv_header_string_h=yes
ac_cv_header_strings_h=yes
ac_cv_header_sys_ioctl_h=yes
ac_cv_header_sys_param_h=yes
ac_cv_header_sys_socket_h=yes
ac_cv_header_sys_stat_h=yes
ac_cv_header_sys_time_h=yes
ac_cv_header_sys_types_h=yes
ac_cv_header_unistd_h=yes
ac_cv_host=x86_64-unknown-linux-gnu
ac_cv_objext=o
ac_cv_path_EGREP='/usr/bin/grep -E'
ac_cv_path_FGREP='/usr/bin/grep -F'
ac_cv_path_GREP=/usr/bin/grep
ac_cv_path_SED=/usr/bin/sed
ac_cv_path_install='/usr/bin/install -c'
ac_cv_path_mkdir=/usr/bin/mkdir
ac_cv_prog_AWK=gawk
ac_cv_prog_CPP='gcc -E'
ac_cv_prog_ac_ct_AR=ar
ac_cv_prog_ac_ct_CC=gcc
ac_cv_prog_ac_ct_OBJDUMP=objdump
ac_cv_prog_ac_ct_RANLIB=ranlib
ac_cv_prog_ac_ct_STRIP=strip
ac_cv_prog_cc_c89=
ac_cv_prog_cc_g=yes
ac_cv_prog_make_make_set=yes
ac_cv_sizeof_char=1
ac_cv_sizeof_int=4
ac_cv_sizeof_long_int=8
ac_cv_sizeof_long_long_int=8
ac_cv_sizeof_short=2
ac_cv_sizeof_unsigned_int=4
ac_cv_sizeof_unsigned_long_int=8
ac_cv_sizeof_unsigned_long_long_int=8
ac_cv_type_boolean=no
ac_cv_type_int16_t=yes
ac_cv_type_int32_t=yes
ac_cv_type_int64_t=yes
ac_cv_type_int8_t=yes
ac_cv_type_u_int16_t=yes
ac_cv_type_u_int32_t=yes
ac_cv_type_u_int64_t=yes
ac_cv_type_u_int8_t=yes
ac_cv_type_uint16_t=yes
ac_cv_type_uint32_t=yes
ac_cv_type_uint64_t=yes
ac_cv_type_uint8_t=yes
am_cv_CC_dependencies_compiler_type=none
am_cv_make_support_nested_variables=yes
gl_cv_cc_visibility=yes
lt_cv_ar_at_file=@
lt_cv_archive_cmds_need_lc=no
lt_cv_deplibs_check_method=pass_all
lt_cv_file_magic_cmd='$MAGIC_CMD'
lt_cv_file_magic_test_file=
lt_cv_ld_reload_flag=-r
lt_cv_nm_interface='BSD nm'
lt_cv_objdir=.libs
lt_cv_path_LD=/opt/rh/devtoolset-8/root/usr/libexec/gcc/x86_64-redhat-linux/8/ld
lt_cv_path_NM='/opt/rh/devtoolset-8/root/usr/bin/nm -B'
lt_cv_path_mainfest_tool=no
lt_cv_prog_compiler_c_o=yes
lt_cv_prog_compiler_pic='-fPIC -DPIC'
lt_cv_prog_compiler_pic_works=yes
lt_cv_prog_compiler_rtti_exceptions=no
lt_cv_prog_compiler_static_works=no
lt_cv_prog_gnu_ld=yes
lt_cv_sharedlib_from_linklib_cmd='printf %s\n'
lt_cv_shlibpath_overrides_runpath=no
lt_cv_sys_global_symbol_pipe='sed -n -e '\''s/^.*[	 ]\([ABCDGIRSTW][ABCDGIRSTW]*\)[	 ][	 ]*\([_A-Za-z][_A-Za-z0-9]*\)$/\1 \2 \2/p'\'' | sed '\''/ __gnu_lto/d'\'''
lt_cv_sys_global_symbol_to_c_name_address='sed -n -e '\''s/^: \([^ ]*\)[ ]*$/  {\"\1\", (void *) 0},/p'\'' -e '\''s/^[ABCDGIRSTW]* \([^ ]*\) \([^ ]*\)$/  {"\2", (void *) \&\2},/p'\'''
lt_cv_sys_global_symbol_to_c_name_address_lib_prefix='sed -n -e '\''s/^: \([^ ]*\)[ ]*$/  {\"\1\", (void *) 0},/p'\'' -e '\''s/^[ABCDGIRSTW]* \([^ ]*\) \(lib[^ ]*\)$/  {"\2", (void *) \&\2},/p'\'' -e '\''s/^[ABCDGIRSTW]* \([^ ]*\) \([^ ]*\)$/  {"lib\2", (void *) \&\2},/p'\'''
lt_cv_sys_global_symbol_to_cdecl='sed -n -e '\''s/^T .* \(.*\)$/extern int \1();/p'\'' -e '\''s/^[ABCDGIRSTW]* .* \(.*\)$/extern char \1;/p'\'''
lt_cv_sys_max_cmd_len=1572864
lt_cv_to_host_file_cmd=func_convert_file_noop
lt_cv_to_tool_file_cmd=func_convert_file_noop

## ----------------- ##
## Output variables. ##
## ----------------- ##

ACLOCAL='${SHELL} /home/rtds-cybersec/repos/snort/snort-2.9.14.1/dpx-1.7/missing aclocal-1.13'
AMDEPBACKSLASH='\'
AMDEP_FALSE='#'
AMDEP_TRUE=''
AMTAR='$${TAR-tar}'
AM_BACKSLASH='\'
AM_DEFAULT_V='$(AM_DEFAULT_VERBOSITY)'
AM_DEFAULT_VERBOSITY='1'
AM_V='$(V)'
AR='ar'
AUTOCONF='${SHELL} /home/rtds-cybersec/repos/snort/snort-2.9.14.1/dpx-1.7/missing autoconf'
AUTOHEADER='${SHELL} /home/rtds-cybersec/repos/snort/snort-2.9.14.1/dpx-1.7/missing autoheader'
AUTOMAKE='${SHELL} /home/rtds-cybersec/repos/snort/snort-2.9.14.1/dpx-1.7/missing automake-1.13'
AWK='gawk'
CC='gcc'
CCDEPMODE='depmode=none'
CFLAGS='-g -O0 -m64 -DSF_VISIBILITY -fvisibility=hidden -ggdb -Wall -DLZMA -DGRE -DMPLS -DPPM_MGR -DINLINE_FAILOPEN -DDEBUG -DSOURCEFIRE -DENABLE_REACT -DENABLE_RESPOND -DENABLE_RESPONSE3 -DSF_WCHAR -DTARGET_BASED -DPERF_PROFILING -DSNORT_RELOAD -DNO_NON_ETHER_DECODER -DNORMALIZER -DACTIVE_RESPONSE -DFEAT_OPEN_APPID -DHAVE_LIBLUAJIT -I/usr/local/include   -fvisibility=hidden'
CPP='gcc -E'
CPPFLAGS=' -I/home/rtds-cybersec/repos/snort/snort-2.9.14.1/snort-2.9/src/dynamic-examples/include'
CYGPATH_W='echo'
DEFS='-DHAVE_CONFIG_H'
DEPDIR='.deps'
DLLTOOL='false'
DSYMUTIL=''
DUMPBIN=''
ECHO_C=''
ECHO_N='-n'
ECHO_T=''
EGREP='/usr/bin/grep -E'
EXEEXT=''
FGREP='/usr/bin/grep -F'
GREP='/usr/bin/grep'
INSTALL_DATA='${INSTALL} -m 644'
INSTALL_PROGRAM='${INSTALL}'
INSTALL_SCRIPT='${INSTALL}'
INSTALL_STRIP_PROGRAM='$(install_sh) -c -s'
LD='/opt/rh/devtoolset-8/root/usr/libexec/gcc/x86_64-redhat-linux/8/ld -m elf_x86_64'
LDFLAGS=''
LIBOBJS=''
LIBS=''
LIBTOOL='$(SHELL) $(top_builddir)/libtool'
LIPO=''
LN_S='ln -s'
LTLIBOBJS=''
MAKEINFO='${SHELL} /home/rtds-cybersec/repos/snort/snort-2.9.14.1/dpx-1.7/missing makeinfo'
MANIFEST_TOOL=':'
MKDIR_P='/usr/bin/mkdir -p'
NM='/opt/rh/devtoolset-8/root/usr/bin/nm -B'
NMEDIT=''
OBJDUMP='objdump'
OBJEXT='o'
OTOOL64=''
OTOOL=''
PACKAGE='dpx'
PACKAGE_BUGREPORT='snort-team@sourcefire.com'
PACKAGE_NAME='dpx'
PACKAGE_STRING='dpx 1.7'
PACKAGE_TARNAME='dpx'
PACKAGE_URL=''
PACKAGE_VERSION='1.7'
PATH_SEPARATOR=':'
RANLIB='ranlib'
SED='/usr/bin/sed'
SET_MAKE=''
SHELL='/bin/sh'
SOURCE='/home/rtds-cybersec/repos/snort/snort-2.9.14.1/snort-2.9/src/dynamic-examples/include'
STRIP='strip'
VERSION='1.7'
ac_ct_AR='ar'
ac_ct_CC='gcc'
ac_ct_DUMPBIN=''
am__EXEEXT_FALSE=''
am__EXEEXT_TRUE='#'
am__fastdepCC_FALSE=''
am__fastdepCC_TRUE='#'
am__include='include'
am__isrc=''
am__leading_dot='.'
am__nodep='_no'
am__quote=''
am__tar='$${TAR-tar} chof - "$$tardir"'
am__untar='$${TAR-tar} xf -'
bindir='${exec_prefix}/bin'
build='x86_64-unknown-linux-gnu'
build_alias=''
build_cpu='x86_64'
build_os='linux-gnu'
build_vendor='unknown'
datadir='${datarootdir}'
datarootdir='${prefix}/share'
docdir='${datarootdir}/doc/${PACKAGE_TARNAME}'
dvidir='${docdir}'
exec_prefix='${prefix}'
host='x86_64-unknown-linux-gnu'
host_alias=''
host_cpu='x86_64'
host_os='linux-gnu'
host_vendor='unknown'
htmldir='${docdir}'
includedir='${prefix}/include'
infodir='${datarootdir}/info'
install_sh='${SHELL} /home/rtds-cybersec/repos/snort/snort-2.9.14.1/dpx-1.7/install-sh'
libdir='${exec_prefix}/lib'
libexecdir='${exec_prefix}/libexec'
localedir='${datarootdir}/locale'
localstatedir='${prefix}/var'
mandir='${datarootdir}/man'
mkdir_p='$(MKDIR_P)'
oldincludedir='/usr/include'
pdfdir='${docdir}'
prefix='/home/rtds-cybersec/repos/snort/snort-2.9.14.1/dpx-1.7'
program_transform_name='s,x,x,'
psdir='${docdir}'
sbindir='${exec_prefix}/sbin'
sharedstatedir='${prefix}/com'
sysconfdir='${prefix}/etc'
target_alias=''

## ----------- ##
## confdefs.h. ##
## ----------- ##

/* confdefs.h */
#define PACKAGE_NAME "dpx"
#define PACKAGE_TARNAME "dpx"
#define PACKAGE_VERSION "1.7"
#define PACKAGE_STRING "dpx 1.7"
#define PACKAGE_BUGREPORT "snort-team@sourcefire.com"
#define PACKAGE_URL ""
#define PACKAGE "dpx"
#define VERSION "1.7"
#define STDC_HEADERS 1
#define HAVE_SYS_TYPES_H 1
#define HAVE_SYS_STAT_H 1
#define HAVE_STDLIB_H 1
#define HAVE_STRING_H 1
#define HAVE_MEMORY_H 1
#define HAVE_STRINGS_H 1
#define HAVE_INTTYPES_H 1
#define HAVE_STDINT_H 1
#define HAVE_UNISTD_H 1
#define HAVE_DLFCN_H 1
#define LT_OBJDIR ".libs/"
#define HAVE_VISIBILITY 1
#define HAVE_INTTYPES_H 1
#define HAVE_MEMORY_H 1
#define HAVE_NETDB_H 1
#define HAVE_NETINET_IN_H 1
#define HAVE_STDINT_H 1
#define HAVE_STDLIB_H 1
#define HAVE_STRING_H 1
#define HAVE_SYS_IOCTL_H 1
#define HAVE_SYS_PARAM_H 1
#define HAVE_SYS_SOCKET_H 1
#define HAVE_SYS_TIME_H 1
#define HAVE_UNISTD_H 1
#define SIZEOF_CHAR 1
#define SIZEOF_SHORT 2
#define SIZEOF_INT 4
#define SIZEOF_LONG_INT 8
#define SIZEOF_LONG_LONG_INT 8
#define SIZEOF_UNSIGNED_INT 4
#define SIZEOF_UNSIGNED_LONG_INT 8
#define SIZEOF_UNSIGNED_LONG_LONG_INT 8
#define HAVE_U_INT8_T 1
#define HAVE_U_INT16_T 1
#define HAVE_U_INT32_T 1
#define HAVE_U_INT64_T 1
#define HAVE_UINT8_T 1
#define HAVE_UINT16_T 1
#define HAVE_UINT32_T 1
#define HAVE_UINT64_T 1
#define HAVE_INT8_T 1
#define HAVE_INT16_T 1
#define HAVE_INT32_T 1
#define HAVE_INT64_T 1
#define HAVE_STDLIB_H 1
#define HAVE_MALLOC 1
#define HAVE_STDLIB_H 1
#define HAVE_UNISTD_H 1
#define HAVE_SYS_PARAM_H 1
#define HAVE_GETPAGESIZE 1
#define HAVE_MMAP 1
#define HAVE_GETHOSTBYNAME 1
#define HAVE_GETPAGESIZE 1
#define HAVE_MEMSET 1
#define HAVE_MUNMAP 1
#define HAVE_SOCKET 1
#define HAVE_STRCHR 1
#define HAVE_STRCSPN 1
#define HAVE_STRDUP 1
#define HAVE_STRERROR 1
#define HAVE_STRRCHR 1
#define HAVE_STRSTR 1
#define HAVE_STRTOUL 1

configure: exit 0
