This file contains any messages produced by compilers while
running configure, to aid debugging if configure makes a mistake.

It was created by snort configure 2.9.14.1, which was
generated by GNU Autoconf 2.69.  Invocation command line was

  $ ./configure --enable-gdb --enable-debug --disable-reload-error-restart --enable-build-dynamic-examples --enable-dependency-tracking --enable-zlib --enable-active-response --enable-reload --enable-react --enable-flexresp3 --enable-inline

## --------- ##
## Platform. ##
## --------- ##

hostname = rtds-cybersec1
uname -m = x86_64
uname -r = 3.10.0-1127.13.1.el7.x86_64
uname -s = Linux
uname -v = #1 SMP Fri Jun 12 14:34:17 EDT 2020

/usr/bin/uname -p = x86_64
/bin/uname -X     = unknown

/bin/arch              = x86_64
/usr/bin/arch -k       = unknown
/usr/convex/getsysinfo = unknown
/usr/bin/hostinfo      = unknown
/bin/machine           = unknown
/usr/bin/oslevel       = unknown
/bin/universe          = unknown

PATH: /opt/Qt/5.13.1/gcc_64/bin
PATH: /opt/Qt/Tools/QtCreator/bin
PATH: /usr/local/ssl/bin
PATH: /home/rtds-cybersec/eclipse
PATH: /opt/rh/rh-python36/root/usr/bin
PATH: /opt/Qt/5.13.1/gcc_64/bin
PATH: /opt/rh/python27/root/usr/bin
PATH: /opt/rh/devtoolset-8/root/usr/bin
PATH: /opt/Qt/Tools/QtCreator/bin
PATH: /usr/local/ssl/bin
PATH: /home/rtds-cybersec/eclipse
PATH: /usr/lib64/qt-3.3/bin
PATH: /usr/local/bin
PATH: /usr/local/sbin
PATH: /usr/bin
PATH: /usr/sbin
PATH: /bin
PATH: /sbin
PATH: /var/lib/snapd/snap/bin
PATH: /home/rtds-cybersec/repos/bake
PATH: /home/rtds-cybersec/.local/bin
PATH: /home/rtds-cybersec/bin
PATH: /home/rtds-cybersec/repos/bake


## ----------- ##
## Core tests. ##
## ----------- ##

configure:2790: checking for a BSD-compatible install
configure:2858: result: /usr/bin/install -c
configure:2869: checking whether build environment is sane
configure:2924: result: yes
configure:3075: checking for a thread-safe mkdir -p
configure:3114: result: /usr/bin/mkdir -p
configure:3121: checking for gawk
configure:3137: found /usr/bin/gawk
configure:3148: result: gawk
configure:3159: checking whether make sets $(MAKE)
configure:3181: result: yes
configure:3210: checking whether make supports nested variables
configure:3227: result: yes
configure:3326: checking for style of include used by make
configure:3354: result: GNU
configure:3425: checking for gcc
configure:3441: found /opt/rh/devtoolset-8/root/usr/bin/gcc
configure:3452: result: gcc
configure:3681: checking for C compiler version
configure:3690: gcc --version >&5
gcc (GCC) 8.3.1 20190311 (Red Hat 8.3.1-3)
Copyright (C) 2018 Free Software Foundation, Inc.
This is free software; see the source for copying conditions.  There is NO
warranty; not even for MERCHANTABILITY or FITNESS FOR A PARTICULAR PURPOSE.

configure:3701: $? = 0
configure:3690: gcc -v >&5
Using built-in specs.
COLLECT_GCC=gcc
COLLECT_LTO_WRAPPER=/opt/rh/devtoolset-8/root/usr/libexec/gcc/x86_64-redhat-linux/8/lto-wrapper
Target: x86_64-redhat-linux
Configured with: ../configure --enable-bootstrap --enable-languages=c,c++,fortran,lto --prefix=/opt/rh/devtoolset-8/root/usr --mandir=/opt/rh/devtoolset-8/root/usr/share/man --infodir=/opt/rh/devtoolset-8/root/usr/share/info --with-bugurl=http://bugzilla.redhat.com/bugzilla --enable-shared --enable-threads=posix --enable-checking=release --enable-multilib --with-system-zlib --enable-__cxa_atexit --disable-libunwind-exceptions --enable-gnu-unique-object --enable-linker-build-id --with-gcc-major-version-only --with-linker-hash-style=gnu --with-default-libstdcxx-abi=gcc4-compatible --enable-plugin --enable-initfini-array --with-isl=/builddir/build/BUILD/gcc-8.3.1-20190311/obj-x86_64-redhat-linux/isl-install --disable-libmpx --enable-gnu-indirect-function --with-tune=generic --with-arch_32=x86-64 --build=x86_64-redhat-linux
Thread model: posix
gcc version 8.3.1 20190311 (Red Hat 8.3.1-3) (GCC) 
configure:3701: $? = 0
configure:3690: gcc -V >&5
gcc: error: unrecognized command line option '-V'
gcc: fatal error: no input files
compilation terminated.
configure:3701: $? = 1
configure:3690: gcc -qversion >&5
gcc: error: unrecognized command line option '-qversion'; did you mean '--version'?
gcc: fatal error: no input files
compilation terminated.
configure:3701: $? = 1
configure:3721: checking whether the C compiler works
configure:3743: gcc    conftest.c  >&5
configure:3747: $? = 0
configure:3795: result: yes
configure:3798: checking for C compiler default output file name
configure:3800: result: a.out
configure:3806: checking for suffix of executables
configure:3813: gcc -o conftest    conftest.c  >&5
configure:3817: $? = 0
configure:3839: result: 
configure:3861: checking whether we are cross compiling
configure:3869: gcc -o conftest    conftest.c  >&5
configure:3873: $? = 0
configure:3880: ./conftest
configure:3884: $? = 0
configure:3899: result: no
configure:3904: checking for suffix of object files
configure:3926: gcc -c   conftest.c >&5
configure:3930: $? = 0
configure:3951: result: o
configure:3955: checking whether we are using the GNU C compiler
configure:3974: gcc -c   conftest.c >&5
configure:3974: $? = 0
configure:3983: result: yes
configure:3992: checking whether gcc accepts -g
configure:4012: gcc -c -g  conftest.c >&5
configure:4012: $? = 0
configure:4053: result: yes
configure:4070: checking for gcc option to accept ISO C89
configure:4133: gcc  -c -g -O2  conftest.c >&5
configure:4133: $? = 0
configure:4146: result: none needed
configure:4168: checking dependency style of gcc
configure:4279: result: gcc3
configure:4298: checking for gcc option to accept ISO C99
configure:4447: gcc  -c -g -O2  conftest.c >&5
configure:4447: $? = 0
configure:4460: result: none needed
configure:4568: checking for gcc option to accept ISO Standard C
configure:4579: result: none needed
configure:4634: checking for gcc
configure:4661: result: gcc
configure:4890: checking for C compiler version
configure:4899: gcc --version >&5
gcc (GCC) 8.3.1 20190311 (Red Hat 8.3.1-3)
Copyright (C) 2018 Free Software Foundation, Inc.
This is free software; see the source for copying conditions.  There is NO
warranty; not even for MERCHANTABILITY or FITNESS FOR A PARTICULAR PURPOSE.

configure:4910: $? = 0
configure:4899: gcc -v >&5
Using built-in specs.
COLLECT_GCC=gcc
COLLECT_LTO_WRAPPER=/opt/rh/devtoolset-8/root/usr/libexec/gcc/x86_64-redhat-linux/8/lto-wrapper
Target: x86_64-redhat-linux
Configured with: ../configure --enable-bootstrap --enable-languages=c,c++,fortran,lto --prefix=/opt/rh/devtoolset-8/root/usr --mandir=/opt/rh/devtoolset-8/root/usr/share/man --infodir=/opt/rh/devtoolset-8/root/usr/share/info --with-bugurl=http://bugzilla.redhat.com/bugzilla --enable-shared --enable-threads=posix --enable-checking=release --enable-multilib --with-system-zlib --enable-__cxa_atexit --disable-libunwind-exceptions --enable-gnu-unique-object --enable-linker-build-id --with-gcc-major-version-only --with-linker-hash-style=gnu --with-default-libstdcxx-abi=gcc4-compatible --enable-plugin --enable-initfini-array --with-isl=/builddir/build/BUILD/gcc-8.3.1-20190311/obj-x86_64-redhat-linux/isl-install --disable-libmpx --enable-gnu-indirect-function --with-tune=generic --with-arch_32=x86-64 --build=x86_64-redhat-linux
Thread model: posix
gcc version 8.3.1 20190311 (Red Hat 8.3.1-3) (GCC) 
configure:4910: $? = 0
configure:4899: gcc -V >&5
gcc: error: unrecognized command line option '-V'
gcc: fatal error: no input files
compilation terminated.
configure:4910: $? = 1
configure:4899: gcc -qversion >&5
gcc: error: unrecognized command line option '-qversion'; did you mean '--version'?
gcc: fatal error: no input files
compilation terminated.
configure:4910: $? = 1
configure:4914: checking whether we are using the GNU C compiler
configure:4942: result: yes
configure:4951: checking whether gcc accepts -g
configure:5012: result: yes
configure:5029: checking for gcc option to accept ISO C89
configure:5105: result: none needed
configure:5127: checking dependency style of gcc
configure:5238: result: gcc3
configure:5282: checking build system type
configure:5296: result: x86_64-unknown-linux-gnu
configure:5316: checking host system type
configure:5329: result: x86_64-unknown-linux-gnu
configure:5370: checking how to print strings
configure:5397: result: printf
configure:5418: checking for a sed that does not truncate output
configure:5482: result: /usr/bin/sed
configure:5500: checking for grep that handles long lines and -e
configure:5558: result: /usr/bin/grep
configure:5563: checking for egrep
configure:5625: result: /usr/bin/grep -E
configure:5630: checking for fgrep
configure:5692: result: /usr/bin/grep -F
configure:5727: checking for ld used by gcc
configure:5794: result: /opt/rh/devtoolset-8/root/usr/libexec/gcc/x86_64-redhat-linux/8/ld
configure:5801: checking if the linker (/opt/rh/devtoolset-8/root/usr/libexec/gcc/x86_64-redhat-linux/8/ld) is GNU ld
configure:5816: result: yes
configure:5828: checking for BSD- or MS-compatible name lister (nm)
configure:5877: result: /opt/rh/devtoolset-8/root/usr/bin/nm -B
configure:6007: checking the name lister (/opt/rh/devtoolset-8/root/usr/bin/nm -B) interface
configure:6014: gcc -c -g -O2  conftest.c >&5
configure:6017: /opt/rh/devtoolset-8/root/usr/bin/nm -B "conftest.o"
configure:6020: output
0000000000000000 B some_variable
configure:6027: result: BSD nm
configure:6030: checking whether ln -s works
configure:6034: result: yes
configure:6042: checking the maximum length of command line arguments
configure:6172: result: 1572864
configure:6189: checking whether the shell understands some XSI constructs
configure:6199: result: yes
configure:6203: checking whether the shell understands "+="
configure:6209: result: yes
configure:6244: checking how to convert x86_64-unknown-linux-gnu file names to x86_64-unknown-linux-gnu format
configure:6284: result: func_convert_file_noop
configure:6291: checking how to convert x86_64-unknown-linux-gnu file names to toolchain format
configure:6311: result: func_convert_file_noop
configure:6318: checking for /opt/rh/devtoolset-8/root/usr/libexec/gcc/x86_64-redhat-linux/8/ld option to reload object files
configure:6325: result: -r
configure:6399: checking for objdump
configure:6415: found /opt/rh/devtoolset-8/root/usr/bin/objdump
configure:6426: result: objdump
configure:6458: checking how to recognize dependent libraries
configure:6660: result: pass_all
configure:6745: checking for dlltool
configure:6775: result: no
configure:6805: checking how to associate runtime and link libraries
configure:6832: result: printf %s\n
configure:6893: checking for ar
configure:6909: found /opt/rh/devtoolset-8/root/usr/bin/ar
configure:6920: result: ar
configure:6957: checking for archiver @FILE support
configure:6974: gcc -c -g -O2  conftest.c >&5
configure:6974: $? = 0
configure:6977: ar cru libconftest.a @conftest.lst >&5
configure:6980: $? = 0
configure:6985: ar cru libconftest.a @conftest.lst >&5
ar: conftest.o: No such file or directory
configure:6988: $? = 1
configure:7000: result: @
configure:7058: checking for strip
configure:7074: found /opt/rh/devtoolset-8/root/usr/bin/strip
configure:7085: result: strip
configure:7157: checking for ranlib
configure:7173: found /opt/rh/devtoolset-8/root/usr/bin/ranlib
configure:7184: result: ranlib
configure:7286: checking command to parse /opt/rh/devtoolset-8/root/usr/bin/nm -B output from gcc object
configure:7406: gcc -c -g -O2  conftest.c >&5
configure:7409: $? = 0
configure:7413: /opt/rh/devtoolset-8/root/usr/bin/nm -B conftest.o \| sed -n -e 's/^.*[ ]\([ABCDGIRSTW][ABCDGIRSTW]*\)[ ][ ]*\([_A-Za-z][_A-Za-z0-9]*\)$/\1 \2 \2/p' | sed '/ __gnu_lto/d' \> conftest.nm
configure:7416: $? = 0
configure:7482: gcc -o conftest -g -O2   conftest.c conftstm.o >&5
configure:7485: $? = 0
configure:7523: result: ok
configure:7560: checking for sysroot
configure:7590: result: no
configure:7667: gcc -c -g -O2  conftest.c >&5
configure:7670: $? = 0
configure:7846: checking for mt
configure:7876: result: no
configure:7896: checking if : is a manifest tool
configure:7902: : '-?'
configure:7910: result: no
configure:8552: checking how to run the C preprocessor
configure:8583: gcc -E  conftest.c
configure:8583: $? = 0
configure:8597: gcc -E  conftest.c
conftest.c:11:10: fatal error: ac_nonexistent.h: No such file or directory
 #include <ac_nonexistent.h>
          ^~~~~~~~~~~~~~~~~~
compilation terminated.
configure:8597: $? = 1
configure: failed program was:
| /* confdefs.h */
| #define PACKAGE_NAME "snort"
| #define PACKAGE_TARNAME "snort"
| #define PACKAGE_VERSION "2.9.14.1"
| #define PACKAGE_STRING "snort 2.9.14.1"
| #define PACKAGE_BUGREPORT ""
| #define PACKAGE_URL ""
| #define PACKAGE "snort"
| #define VERSION "2.9.14.1"
| /* end confdefs.h.  */
| #include <ac_nonexistent.h>
configure:8622: result: gcc -E
configure:8642: gcc -E  conftest.c
configure:8642: $? = 0
configure:8656: gcc -E  conftest.c
conftest.c:11:10: fatal error: ac_nonexistent.h: No such file or directory
 #include <ac_nonexistent.h>
          ^~~~~~~~~~~~~~~~~~
compilation terminated.
configure:8656: $? = 1
configure: failed program was:
| /* confdefs.h */
| #define PACKAGE_NAME "snort"
| #define PACKAGE_TARNAME "snort"
| #define PACKAGE_VERSION "2.9.14.1"
| #define PACKAGE_STRING "snort 2.9.14.1"
| #define PACKAGE_BUGREPORT ""
| #define PACKAGE_URL ""
| #define PACKAGE "snort"
| #define VERSION "2.9.14.1"
| /* end confdefs.h.  */
| #include <ac_nonexistent.h>
configure:8685: checking for ANSI C header files
configure:8705: gcc -c -g -O2  conftest.c >&5
configure:8705: $? = 0
configure:8778: gcc -o conftest -g -O2   conftest.c  >&5
configure:8778: $? = 0
configure:8778: ./conftest
configure:8778: $? = 0
configure:8789: result: yes
configure:8802: checking for sys/types.h
configure:8802: gcc -c -g -O2  conftest.c >&5
configure:8802: $? = 0
configure:8802: result: yes
configure:8802: checking for sys/stat.h
configure:8802: gcc -c -g -O2  conftest.c >&5
configure:8802: $? = 0
configure:8802: result: yes
configure:8802: checking for stdlib.h
configure:8802: gcc -c -g -O2  conftest.c >&5
configure:8802: $? = 0
configure:8802: result: yes
configure:8802: checking for string.h
configure:8802: gcc -c -g -O2  conftest.c >&5
configure:8802: $? = 0
configure:8802: result: yes
configure:8802: checking for memory.h
configure:8802: gcc -c -g -O2  conftest.c >&5
configure:8802: $? = 0
configure:8802: result: yes
configure:8802: checking for strings.h
configure:8802: gcc -c -g -O2  conftest.c >&5
configure:8802: $? = 0
configure:8802: result: yes
configure:8802: checking for inttypes.h
configure:8802: gcc -c -g -O2  conftest.c >&5
configure:8802: $? = 0
configure:8802: result: yes
configure:8802: checking for stdint.h
configure:8802: gcc -c -g -O2  conftest.c >&5
configure:8802: $? = 0
configure:8802: result: yes
configure:8802: checking for unistd.h
configure:8802: gcc -c -g -O2  conftest.c >&5
configure:8802: $? = 0
configure:8802: result: yes
configure:8816: checking for dlfcn.h
configure:8816: gcc -c -g -O2  conftest.c >&5
configure:8816: $? = 0
configure:8816: result: yes
configure:9022: checking for objdir
configure:9037: result: .libs
configure:9304: checking if gcc supports -fno-rtti -fno-exceptions
configure:9322: gcc -c -g -O2  -fno-rtti -fno-exceptions conftest.c >&5
cc1: warning: command line option '-fno-rtti' is valid for C++/ObjC++ but not for C
configure:9326: $? = 0
configure:9339: result: no
configure:9666: checking for gcc option to produce PIC
configure:9673: result: -fPIC -DPIC
configure:9681: checking if gcc PIC flag -fPIC -DPIC works
configure:9699: gcc -c -g -O2  -fPIC -DPIC -DPIC conftest.c >&5
configure:9703: $? = 0
configure:9716: result: yes
configure:9745: checking if gcc static flag -static works
configure:9773: result: no
configure:9788: checking if gcc supports -c -o file.o
configure:9809: gcc -c -g -O2  -o out/conftest2.o conftest.c >&5
configure:9813: $? = 0
configure:9835: result: yes
configure:9843: checking if gcc supports -c -o file.o
configure:9890: result: yes
configure:9923: checking whether the gcc linker (/opt/rh/devtoolset-8/root/usr/libexec/gcc/x86_64-redhat-linux/8/ld -m elf_x86_64) supports shared libraries
configure:11076: result: yes
configure:11113: checking whether -lc should be explicitly linked in
configure:11121: gcc -c -g -O2  conftest.c >&5
configure:11124: $? = 0
configure:11139: gcc -shared  -fPIC -DPIC conftest.o  -v -Wl,-soname -Wl,conftest -o conftest 2\>\&1 \| /usr/bin/grep  -lc  \>/dev/null 2\>\&1
configure:11142: $? = 0
configure:11156: result: no
configure:11316: checking dynamic linker characteristics
configure:11827: gcc -o conftest -g -O2   -Wl,-rpath -Wl,/foo conftest.c  >&5
configure:11827: $? = 0
configure:12053: result: GNU/Linux ld.so
configure:12160: checking how to hardcode library paths into programs
configure:12185: result: immediate
configure:12725: checking whether stripping libraries is possible
configure:12730: result: yes
configure:12765: checking if libtool supports shared libraries
configure:12767: result: yes
configure:12770: checking whether to build shared libraries
configure:12791: result: yes
configure:12794: checking whether to build static libraries
configure:12798: result: yes
configure:12878: checking for ranlib
configure:12905: result: ranlib
configure:12927: checking whether byte ordering is bigendian
configure:12942: gcc -c -g -O2  conftest.c >&5
conftest.c:24:9: error: unknown type name 'not'
         not a universal capable compiler
         ^~~
conftest.c:24:15: error: expected '=', ',', ';', 'asm' or '__attribute__' before 'universal'
         not a universal capable compiler
               ^~~~~~~~~
conftest.c:24:15: error: unknown type name 'universal'
configure:12942: $? = 1
configure: failed program was:
| /* confdefs.h */
| #define PACKAGE_NAME "snort"
| #define PACKAGE_TARNAME "snort"
| #define PACKAGE_VERSION "2.9.14.1"
| #define PACKAGE_STRING "snort 2.9.14.1"
| #define PACKAGE_BUGREPORT ""
| #define PACKAGE_URL ""
| #define PACKAGE "snort"
| #define VERSION "2.9.14.1"
| #define STDC_HEADERS 1
| #define HAVE_SYS_TYPES_H 1
| #define HAVE_SYS_STAT_H 1
| #define HAVE_STDLIB_H 1
| #define HAVE_STRING_H 1
| #define HAVE_MEMORY_H 1
| #define HAVE_STRINGS_H 1
| #define HAVE_INTTYPES_H 1
| #define HAVE_STDINT_H 1
| #define HAVE_UNISTD_H 1
| #define HAVE_DLFCN_H 1
| #define LT_OBJDIR ".libs/"
| /* end confdefs.h.  */
| #ifndef __APPLE_CC__
| 	       not a universal capable compiler
| 	     #endif
| 	     typedef int dummy;
| 
configure:12987: gcc -c -g -O2  conftest.c >&5
configure:12987: $? = 0
configure:13005: gcc -c -g -O2  conftest.c >&5
conftest.c: In function 'main':
conftest.c:30:4: error: unknown type name 'not'; did you mean 'ino_t'?
    not big endian
    ^~~
    ino_t
conftest.c:30:12: error: expected '=', ',', ';', 'asm' or '__attribute__' before 'endian'
    not big endian
            ^~~~~~
configure:13005: $? = 1
configure: failed program was:
| /* confdefs.h */
| #define PACKAGE_NAME "snort"
| #define PACKAGE_TARNAME "snort"
| #define PACKAGE_VERSION "2.9.14.1"
| #define PACKAGE_STRING "snort 2.9.14.1"
| #define PACKAGE_BUGREPORT ""
| #define PACKAGE_URL ""
| #define PACKAGE "snort"
| #define VERSION "2.9.14.1"
| #define STDC_HEADERS 1
| #define HAVE_SYS_TYPES_H 1
| #define HAVE_SYS_STAT_H 1
| #define HAVE_STDLIB_H 1
| #define HAVE_STRING_H 1
| #define HAVE_MEMORY_H 1
| #define HAVE_STRINGS_H 1
| #define HAVE_INTTYPES_H 1
| #define HAVE_STDINT_H 1
| #define HAVE_UNISTD_H 1
| #define HAVE_DLFCN_H 1
| #define LT_OBJDIR ".libs/"
| /* end confdefs.h.  */
| #include <sys/types.h>
| 		#include <sys/param.h>
| 
| int
| main ()
| {
| #if BYTE_ORDER != BIG_ENDIAN
| 		 not big endian
| 		#endif
| 
|   ;
|   return 0;
| }
configure:13133: result: no
configure:13155: checking for inline
configure:13171: gcc -c -g -O2  conftest.c >&5
configure:13171: $? = 0
configure:13179: result: inline
configure:13260: checking for pkg-config
configure:13278: found /usr/bin/pkg-config
configure:13290: result: /usr/bin/pkg-config
configure:13315: checking pkg-config is at least version 0.9.0
configure:13318: result: yes
configure:13328: checking for GLIB
configure:13335: $PKG_CONFIG --exists --print-errors "glib-2.0"
configure:13338: $? = 0
configure:13352: $PKG_CONFIG --exists --print-errors "glib-2.0"
configure:13355: $? = 0
configure:13393: result: yes

## ---------------- ##
## Cache variables. ##
## ---------------- ##

ac_cv_build=x86_64-unknown-linux-gnu
ac_cv_c_bigendian=no
ac_cv_c_compiler_gnu=yes
ac_cv_c_inline=inline
ac_cv_env_CC_set=
ac_cv_env_CC_value=
ac_cv_env_CFLAGS_set=
ac_cv_env_CFLAGS_value=
ac_cv_env_CPPFLAGS_set=
ac_cv_env_CPPFLAGS_value=
ac_cv_env_CPP_set=
ac_cv_env_CPP_value=
ac_cv_env_GLIB_CFLAGS_set=
ac_cv_env_GLIB_CFLAGS_value=
ac_cv_env_GLIB_LIBS_set=
ac_cv_env_GLIB_LIBS_value=
ac_cv_env_LDFLAGS_set=
ac_cv_env_LDFLAGS_value=
ac_cv_env_LIBS_set=
ac_cv_env_LIBS_value=
ac_cv_env_PKG_CONFIG_LIBDIR_set=
ac_cv_env_PKG_CONFIG_LIBDIR_value=
ac_cv_env_PKG_CONFIG_PATH_set=set
ac_cv_env_PKG_CONFIG_PATH_value=/usr/local/lib/pkgconfig:/usr/local/lib64/pkgconfig:/usr/local/lib/pkgconfig:/usr/local/lib64/pkgconfig:/opt/rh/rh-python36/root/usr/lib64/pkgconfig:/opt/rh/python27/root/usr/lib64/pkgconfig:/opt/rh/devtoolset-8/root/usr/lib64/pkgconfig
ac_cv_env_PKG_CONFIG_set=
ac_cv_env_PKG_CONFIG_value=
ac_cv_env_SIGNAL_SNORT_DUMP_STATS_set=
ac_cv_env_SIGNAL_SNORT_DUMP_STATS_value=
ac_cv_env_SIGNAL_SNORT_READ_ATTR_TBL_set=
ac_cv_env_SIGNAL_SNORT_READ_ATTR_TBL_value=
ac_cv_env_SIGNAL_SNORT_RELOAD_set=
ac_cv_env_SIGNAL_SNORT_RELOAD_value=
ac_cv_env_SIGNAL_SNORT_ROTATE_STATS_set=
ac_cv_env_SIGNAL_SNORT_ROTATE_STATS_value=
ac_cv_env_build_alias_set=
ac_cv_env_build_alias_value=
ac_cv_env_host_alias_set=
ac_cv_env_host_alias_value=
ac_cv_env_luajit_CFLAGS_set=
ac_cv_env_luajit_CFLAGS_value=
ac_cv_env_luajit_LIBS_set=
ac_cv_env_luajit_LIBS_value=
ac_cv_env_target_alias_set=
ac_cv_env_target_alias_value=
ac_cv_header_dlfcn_h=yes
ac_cv_header_inttypes_h=yes
ac_cv_header_memory_h=yes
ac_cv_header_stdc=yes
ac_cv_header_stdint_h=yes
ac_cv_header_stdlib_h=yes
ac_cv_header_string_h=yes
ac_cv_header_strings_h=yes
ac_cv_header_sys_stat_h=yes
ac_cv_header_sys_types_h=yes
ac_cv_header_unistd_h=yes
ac_cv_host=x86_64-unknown-linux-gnu
ac_cv_objext=o
ac_cv_path_EGREP='/usr/bin/grep -E'
ac_cv_path_FGREP='/usr/bin/grep -F'
ac_cv_path_GREP=/usr/bin/grep
ac_cv_path_SED=/usr/bin/sed
ac_cv_path_ac_pt_PKG_CONFIG=/usr/bin/pkg-config
ac_cv_path_install='/usr/bin/install -c'
ac_cv_path_mkdir=/usr/bin/mkdir
ac_cv_prog_AWK=gawk
ac_cv_prog_CPP='gcc -E'
ac_cv_prog_ac_ct_AR=ar
ac_cv_prog_ac_ct_CC=gcc
ac_cv_prog_ac_ct_OBJDUMP=objdump
ac_cv_prog_ac_ct_RANLIB=ranlib
ac_cv_prog_ac_ct_STRIP=strip
ac_cv_prog_cc_c89=
ac_cv_prog_cc_c99=
ac_cv_prog_cc_g=yes
ac_cv_prog_cc_stdc=
ac_cv_prog_make_make_set=yes
am_cv_CC_dependencies_compiler_type=gcc3
am_cv_make_support_nested_variables=yes
lt_cv_ar_at_file=@
lt_cv_archive_cmds_need_lc=no
lt_cv_deplibs_check_method=pass_all
lt_cv_file_magic_cmd='$MAGIC_CMD'
lt_cv_file_magic_test_file=
lt_cv_ld_reload_flag=-r
lt_cv_nm_interface='BSD nm'
lt_cv_objdir=.libs
lt_cv_path_LD=/opt/rh/devtoolset-8/root/usr/libexec/gcc/x86_64-redhat-linux/8/ld
lt_cv_path_NM='/opt/rh/devtoolset-8/root/usr/bin/nm -B'
lt_cv_path_mainfest_tool=no
lt_cv_prog_compiler_c_o=yes
lt_cv_prog_compiler_pic='-fPIC -DPIC'
lt_cv_prog_compiler_pic_works=yes
lt_cv_prog_compiler_rtti_exceptions=no
lt_cv_prog_compiler_static_works=no
lt_cv_prog_gnu_ld=yes
lt_cv_sharedlib_from_linklib_cmd='printf %s\n'
lt_cv_shlibpath_overrides_runpath=no
lt_cv_sys_global_symbol_pipe='sed -n -e '\''s/^.*[	 ]\([ABCDGIRSTW][ABCDGIRSTW]*\)[	 ][	 ]*\([_A-Za-z][_A-Za-z0-9]*\)$/\1 \2 \2/p'\'' | sed '\''/ __gnu_lto/d'\'''
lt_cv_sys_global_symbol_to_c_name_address='sed -n -e '\''s/^: \([^ ]*\)[ ]*$/  {\"\1\", (void *) 0},/p'\'' -e '\''s/^[ABCDGIRSTW]* \([^ ]*\) \([^ ]*\)$/  {"\2", (void *) \&\2},/p'\'''
lt_cv_sys_global_symbol_to_c_name_address_lib_prefix='sed -n -e '\''s/^: \([^ ]*\)[ ]*$/  {\"\1\", (void *) 0},/p'\'' -e '\''s/^[ABCDGIRSTW]* \([^ ]*\) \(lib[^ ]*\)$/  {"\2", (void *) \&\2},/p'\'' -e '\''s/^[ABCDGIRSTW]* \([^ ]*\) \([^ ]*\)$/  {"lib\2", (void *) \&\2},/p'\'''
lt_cv_sys_global_symbol_to_cdecl='sed -n -e '\''s/^T .* \(.*\)$/extern int \1();/p'\'' -e '\''s/^[ABCDGIRSTW]* .* \(.*\)$/extern char \1;/p'\'''
lt_cv_sys_max_cmd_len=1572864
lt_cv_to_host_file_cmd=func_convert_file_noop
lt_cv_to_tool_file_cmd=func_convert_file_noop
pkg_cv_GLIB_CFLAGS='-I/usr/local/include/glib-2.0 -I/usr/local/lib/glib-2.0/include -I/usr/local/include  '
pkg_cv_GLIB_LIBS='-L/usr/local/lib -lglib-2.0  '

## ----------------- ##
## Output variables. ##
## ----------------- ##

ACLOCAL='${SHELL} /home/rtds-cybersec/repos/snort/snort-2.9_RTDS/snort-2.9/missing aclocal-1.13'
AMDEPBACKSLASH='\'
AMDEP_FALSE='#'
AMDEP_TRUE=''
AMTAR='$${TAR-tar}'
AM_BACKSLASH='\'
AM_DEFAULT_V='$(AM_DEFAULT_VERBOSITY)'
AM_DEFAULT_VERBOSITY='1'
AM_V='$(V)'
AR='ar'
AUTOCONF='${SHELL} /home/rtds-cybersec/repos/snort/snort-2.9_RTDS/snort-2.9/missing autoconf'
AUTOHEADER='${SHELL} /home/rtds-cybersec/repos/snort/snort-2.9_RTDS/snort-2.9/missing autoheader'
AUTOMAKE='${SHELL} /home/rtds-cybersec/repos/snort/snort-2.9_RTDS/snort-2.9/missing automake-1.13'
AWK='gawk'
BUILD_BUFFER_DUMP_FALSE=''
BUILD_BUFFER_DUMP_TRUE=''
BUILD_CONTROL_SOCKET_FALSE=''
BUILD_CONTROL_SOCKET_TRUE=''
BUILD_DYNAMIC_EXAMPLES_FALSE=''
BUILD_DYNAMIC_EXAMPLES_TRUE=''
BUILD_HA_FALSE=''
BUILD_HA_TRUE=''
BUILD_OPENSSL_MD5_FALSE=''
BUILD_OPENSSL_MD5_TRUE=''
BUILD_OPENSSL_SHA_FALSE=''
BUILD_OPENSSL_SHA_TRUE=''
BUILD_PROCPIDSTATS_FALSE=''
BUILD_PROCPIDSTATS_TRUE=''
BUILD_REACT_FALSE=''
BUILD_REACT_TRUE=''
BUILD_RESPOND3_FALSE=''
BUILD_RESPOND3_TRUE=''
BUILD_SIDE_CHANNEL_FALSE=''
BUILD_SIDE_CHANNEL_TRUE=''
BUILD_SNORT_RELOAD_FALSE=''
BUILD_SNORT_RELOAD_TRUE=''
BUILD_SNPRINTF_FALSE=''
BUILD_SNPRINTF_TRUE=''
CC='gcc'
CCDEPMODE='depmode=gcc3'
CCONFIGFLAGS=''
CFLAGS='-g -O2'
CONFIGFLAGS=''
CPP='gcc -E'
CPPFLAGS=''
CYGPATH_W='echo'
DEFS=''
DEPDIR='.deps'
DLLTOOL='false'
DSYMUTIL=''
DUMPBIN=''
ECHO_C=''
ECHO_N='-n'
ECHO_T=''
EGREP='/usr/bin/grep -E'
EXEEXT=''
FEAT_FILE_INSPECT_FALSE=''
FEAT_FILE_INSPECT_TRUE=''
FEAT_OPEN_APPID_FALSE=''
FEAT_OPEN_APPID_TRUE=''
FGREP='/usr/bin/grep -F'
GLIB_CFLAGS='-I/usr/local/include/glib-2.0 -I/usr/local/lib/glib-2.0/include -I/usr/local/include  '
GLIB_LIBS='-L/usr/local/lib -lglib-2.0  '
GREP='/usr/bin/grep'
HAVE_INTEL_SOFT_CPM_FALSE=''
HAVE_INTEL_SOFT_CPM_TRUE=''
HAVE_LZMA_FALSE=''
HAVE_LZMA_TRUE=''
HAVE_SHARED_REP_FALSE=''
HAVE_SHARED_REP_TRUE=''
HAVE_TARGET_BASED_FALSE=''
HAVE_TARGET_BASED_TRUE=''
ICONFIGFLAGS=''
INCLUDES=''
INSTALL_DATA='${INSTALL} -m 644'
INSTALL_PROGRAM='${INSTALL}'
INSTALL_SCRIPT='${INSTALL}'
INSTALL_STRIP_PROGRAM='$(install_sh) -c -s'
LD='/opt/rh/devtoolset-8/root/usr/libexec/gcc/x86_64-redhat-linux/8/ld -m elf_x86_64'
LDFLAGS=''
LEX=''
LIBOBJS=''
LIBS=''
LIBTOOL='$(SHELL) $(top_builddir)/libtool'
LIPO=''
LN_S='ln -s'
LTLIBOBJS=''
LUA_CFLAGS=''
LUA_LIBS=''
MAKEINFO='${SHELL} /home/rtds-cybersec/repos/snort/snort-2.9_RTDS/snort-2.9/missing makeinfo'
MANIFEST_TOOL=':'
MKDIR_P='/usr/bin/mkdir -p'
NM='/opt/rh/devtoolset-8/root/usr/bin/nm -B'
NMEDIT=''
OBJDUMP='objdump'
OBJEXT='o'
OTOOL64=''
OTOOL=''
PACKAGE='snort'
PACKAGE_BUGREPORT=''
PACKAGE_NAME='snort'
PACKAGE_STRING='snort 2.9.14.1'
PACKAGE_TARNAME='snort'
PACKAGE_URL=''
PACKAGE_VERSION='2.9.14.1'
PATH_SEPARATOR=':'
PKG_CONFIG='/usr/bin/pkg-config'
PKG_CONFIG_LIBDIR=''
PKG_CONFIG_PATH='/usr/local/lib/pkgconfig:/usr/local/lib/pkgconfig:/usr/local/lib64/pkgconfig:/usr/local/lib/pkgconfig:/usr/local/lib64/pkgconfig:/opt/rh/rh-python36/root/usr/lib64/pkgconfig:/opt/rh/python27/root/usr/lib64/pkgconfig:/opt/rh/devtoolset-8/root/usr/lib64/pkgconfig'
RANLIB='ranlib'
SED='/usr/bin/sed'
SET_MAKE=''
SHELL='/bin/sh'
SIGNAL_SNORT_DUMP_STATS=''
SIGNAL_SNORT_READ_ATTR_TBL=''
SIGNAL_SNORT_RELOAD=''
SIGNAL_SNORT_ROTATE_STATS=''
SO_WITH_STATIC_LIB_FALSE=''
SO_WITH_STATIC_LIB_TRUE=''
STRIP='strip'
VERSION='2.9.14.1'
XCCFLAGS=''
YACC=''
ac_ct_AR='ar'
ac_ct_CC='gcc'
ac_ct_DUMPBIN=''
am__EXEEXT_FALSE=''
am__EXEEXT_TRUE=''
am__fastdepCC_FALSE='#'
am__fastdepCC_TRUE=''
am__include='include'
am__isrc=''
am__leading_dot='.'
am__nodep='_no'
am__quote=''
am__tar='$${TAR-tar} chof - "$$tardir"'
am__untar='$${TAR-tar} xf -'
bindir='${exec_prefix}/bin'
build='x86_64-unknown-linux-gnu'
build_alias=''
build_cpu='x86_64'
build_os='linux-gnu'
build_vendor='unknown'
datadir='${datarootdir}'
datarootdir='${prefix}/share'
docdir='${datarootdir}/doc/${PACKAGE_TARNAME}'
dvidir='${docdir}'
exec_prefix='NONE'
extra_incl=''
host='x86_64-unknown-linux-gnu'
host_alias=''
host_cpu='x86_64'
host_os='linux-gnu'
host_vendor='unknown'
htmldir='${docdir}'
includedir='${prefix}/include'
infodir='${datarootdir}/info'
install_sh='${SHELL} /home/rtds-cybersec/repos/snort/snort-2.9_RTDS/snort-2.9/install-sh'
libdir='${exec_prefix}/lib'
libexecdir='${exec_prefix}/libexec'
localedir='${datarootdir}/locale'
localstatedir='${prefix}/var'
luajit_CFLAGS=''
luajit_LIBS=''
mandir='${datarootdir}/man'
mkdir_p='$(MKDIR_P)'
oldincludedir='/usr/include'
pdfdir='${docdir}'
prefix='NONE'
program_transform_name='s,x,x,'
psdir='${docdir}'
sbindir='${exec_prefix}/sbin'
sharedstatedir='${prefix}/com'
sysconfdir='${prefix}/etc'
target_alias=''

## ----------- ##
## confdefs.h. ##
## ----------- ##

/* confdefs.h */
#define PACKAGE_NAME "snort"
#define PACKAGE_TARNAME "snort"
#define PACKAGE_VERSION "2.9.14.1"
#define PACKAGE_STRING "snort 2.9.14.1"
#define PACKAGE_BUGREPORT ""
#define PACKAGE_URL ""
#define PACKAGE "snort"
#define VERSION "2.9.14.1"
#define STDC_HEADERS 1
#define HAVE_SYS_TYPES_H 1
#define HAVE_SYS_STAT_H 1
#define HAVE_STDLIB_H 1
#define HAVE_STRING_H 1
#define HAVE_MEMORY_H 1
#define HAVE_STRINGS_H 1
#define HAVE_INTTYPES_H 1
#define HAVE_STDINT_H 1
#define HAVE_UNISTD_H 1
#define HAVE_DLFCN_H 1
#define LT_OBJDIR ".libs/"

configure: exit 2
