This is pdfTeX, Version 3.14159265-2.6-1.40.18 (TeX Live 2017/Debian) (preloaded format=latex 2020.4.1)  22 JUL 2020 16:25
entering extended mode
 restricted \write18 enabled.
 %&-line parsing enabled.
**\AtBeginDocument{\RequirePackage{pslatex}} \def\PSLATEXTMP{\futurelet\PSLATEX
TMP\PSLATEXTMPB} \def\PSLATEXTMPB{\ifx\PSLATEXTMP\nonstopmode\else\input\fi} \P
SLATEXTMP snort_manual.tex
(./snort_manual.tex (/usr/share/texlive/texmf-dist/tex/latex/base/report.cls
Document Class: report 2014/09/29 v1.4h Standard LaTeX document class
(/usr/share/texlive/texmf-dist/tex/latex/base/size10.clo
File: size10.clo 2014/09/29 v1.4h Standard LaTeX file (size option)
)
\c@part=\count79
\c@chapter=\count80
\c@section=\count81
\c@subsection=\count82
\c@subsubsection=\count83
\c@paragraph=\count84
\c@subparagraph=\count85
\c@figure=\count86
\c@table=\count87
\abovecaptionskip=\skip41
\belowcaptionskip=\skip42
\bibindent=\dimen102
)
(/usr/share/texlive/texmf-dist/tex/latex/base/inputenc.sty
Package: inputenc 2015/03/17 v1.2c Input encoding file
\inpenc@prehook=\toks14
\inpenc@posthook=\toks15

(/usr/share/texlive/texmf-dist/tex/latex/base/latin1.def
File: latin1.def 2015/03/17 v1.2c Input encoding file
))
(/usr/share/texlive/texmf-dist/tex/latex/geometry/geometry.sty
Package: geometry 2010/09/12 v5.6 Page Geometry

(/usr/share/texlive/texmf-dist/tex/latex/graphics/keyval.sty
Package: keyval 2014/10/28 v1.15 key=value parser (DPC)
\KV@toks@=\toks16
)
(/usr/share/texlive/texmf-dist/tex/generic/oberdiek/ifpdf.sty
Package: ifpdf 2017/03/15 v3.2 Provides the ifpdf switch
)
(/usr/share/texlive/texmf-dist/tex/generic/oberdiek/ifvtex.sty
Package: ifvtex 2016/05/16 v1.6 Detect VTeX and its facilities (HO)
Package ifvtex Info: VTeX not detected.
)
(/usr/share/texlive/texmf-dist/tex/generic/ifxetex/ifxetex.sty
Package: ifxetex 2010/09/12 v0.6 Provides ifxetex conditional
)
\Gm@cnth=\count88
\Gm@cntv=\count89
\c@Gm@tempcnt=\count90
\Gm@bindingoffset=\dimen103
\Gm@wd@mp=\dimen104
\Gm@odd@mp=\dimen105
\Gm@even@mp=\dimen106
\Gm@layoutwidth=\dimen107
\Gm@layoutheight=\dimen108
\Gm@layouthoffset=\dimen109
\Gm@layoutvoffset=\dimen110
\Gm@dimlist=\toks17
)
(/usr/share/texlive/texmf-dist/tex/latex/tools/longtable.sty
Package: longtable 2014/10/28 v4.11 Multi-page Table package (DPC)
\LTleft=\skip43
\LTright=\skip44
\LTpre=\skip45
\LTpost=\skip46
\LTchunksize=\count91
\LTcapwidth=\dimen111
\LT@head=\box26
\LT@firsthead=\box27
\LT@foot=\box28
\LT@lastfoot=\box29
\LT@cols=\count92
\LT@rows=\count93
\c@LT@tables=\count94
\c@LT@chunks=\count95
\LT@p@ftn=\toks18
)
(/usr/share/texlive/texmf-dist/tex/latex/url/url.sty
\Urlmuskip=\muskip10
Package: url 2013/09/16  ver 3.4  Verb mode for urls, etc.
)
(/usr/share/texmf/tex/latex/html/html.sty
Package: html 1999/07/19 v1.38 hypertext commands for latex2html (nd, hws, rrm)

\c@lpart=\count96
\c@lchapter=\count97
\c@lsection=\count98
\c@lsubsection=\count99
\c@lsubsubsection=\count100
\c@lparagraph=\count101
\c@lsubparagraph=\count102
\c@lsubsubparagraph=\count103
\ptrfile=\write3
)
\c@slistnum=\count104
\c@subslistnum=\count105
\c@subsublistnum=\count106
\savepar=\box30

(/usr/share/texlive/texmf-dist/tex/generic/babel/babel.sty
Package: babel 2018/02/14 3.18 The Babel package

(/usr/share/texlive/texmf-dist/tex/generic/babel/switch.def
File: switch.def 2018/02/14 3.18 Babel switching mechanism
)
(/usr/share/texlive/texmf-dist/tex/generic/babel-english/english.ldf
Language: english 2017/06/06 v3.3r English support from the babel system

(/usr/share/texlive/texmf-dist/tex/generic/babel/babel.def
File: babel.def 2018/02/14 3.18 Babel common definitions
\babel@savecnt=\count107
\U@D=\dimen112

(/usr/share/texlive/texmf-dist/tex/generic/babel/txtbabel.def)
\bbl@dirlevel=\count108
)
\l@british = a dialect from \language\l@english 
\l@UKenglish = a dialect from \language\l@english 
\l@canadian = a dialect from \language\l@american 
\l@australian = a dialect from \language\l@british 
\l@newzealand = a dialect from \language\l@british 
))
(./snort_manual.aux)
\openout1 = `snort_manual.aux'.

LaTeX Font Info:    Checking defaults for OML/cmm/m/it on input line 102.
LaTeX Font Info:    ... okay on input line 102.
LaTeX Font Info:    Checking defaults for T1/cmr/m/n on input line 102.
LaTeX Font Info:    ... okay on input line 102.
LaTeX Font Info:    Checking defaults for OT1/cmr/m/n on input line 102.
LaTeX Font Info:    ... okay on input line 102.
LaTeX Font Info:    Checking defaults for OMS/cmsy/m/n on input line 102.
LaTeX Font Info:    ... okay on input line 102.
LaTeX Font Info:    Checking defaults for OMX/cmex/m/n on input line 102.
LaTeX Font Info:    ... okay on input line 102.
LaTeX Font Info:    Checking defaults for U/cmr/m/n on input line 102.
LaTeX Font Info:    ... okay on input line 102.

(/usr/share/texlive/texmf-dist/tex/latex/pslatex/pslatex.sty
Package: pslatex 1996/07/24 v1.2 pslatex emulation (DPC)
LaTeX Font Info:    Redeclaring symbol font `operators' on input line 65.
LaTeX Font Info:    Overwriting symbol font `operators' in version `normal'
(Font)                  OT1/cmr/m/n --> OT1/ptmcm/m/n on input line 65.
LaTeX Font Info:    Overwriting symbol font `operators' in version `bold'
(Font)                  OT1/cmr/bx/n --> OT1/ptmcm/m/n on input line 65.
LaTeX Font Info:    Redeclaring symbol font `letters' on input line 66.
LaTeX Font Info:    Overwriting symbol font `letters' in version `normal'
(Font)                  OML/cmm/m/it --> OML/ptmcm/m/it on input line 66.
LaTeX Font Info:    Overwriting symbol font `letters' in version `bold'
(Font)                  OML/cmm/b/it --> OML/ptmcm/m/it on input line 66.
LaTeX Font Info:    Redeclaring symbol font `symbols' on input line 67.
LaTeX Font Info:    Overwriting symbol font `symbols' in version `normal'
(Font)                  OMS/cmsy/m/n --> OMS/pzccm/m/n on input line 67.
LaTeX Font Info:    Overwriting symbol font `symbols' in version `bold'
(Font)                  OMS/cmsy/b/n --> OMS/pzccm/m/n on input line 67.
LaTeX Font Info:    Redeclaring symbol font `largesymbols' on input line 68.
LaTeX Font Info:    Overwriting symbol font `largesymbols' in version `normal'
(Font)                  OMX/cmex/m/n --> OMX/psycm/m/n on input line 68.
LaTeX Font Info:    Overwriting symbol font `largesymbols' in version `bold'
(Font)                  OMX/cmex/m/n --> OMX/psycm/m/n on input line 68.
\symbold=\mathgroup4
\symitalic=\mathgroup5
LaTeX Font Info:    Redeclaring math alphabet \mathbf on input line 74.
LaTeX Font Info:    Overwriting math alphabet `\mathbf' in version `normal'
(Font)                  OT1/cmr/bx/n --> OT1/ptm/bx/n on input line 74.
LaTeX Font Info:    Overwriting math alphabet `\mathbf' in version `bold'
(Font)                  OT1/cmr/bx/n --> OT1/ptm/bx/n on input line 74.
LaTeX Font Info:    Redeclaring math alphabet \mathit on input line 75.
LaTeX Font Info:    Overwriting math alphabet `\mathit' in version `normal'
(Font)                  OT1/cmr/m/it --> OT1/ptm/m/it on input line 75.
LaTeX Font Info:    Overwriting math alphabet `\mathit' in version `bold'
(Font)                  OT1/cmr/bx/it --> OT1/ptm/m/it on input line 75.
)
*geometry* driver: auto-detecting
*geometry* detected driver: dvips

Package geometry Warning: The marginal notes overrun the paper.
     Add 3.73001pt and more to the right margin.

*geometry* verbose mode - [ preamble ] result:
* driver: dvips
* paper: letterpaper
* layout: <same size as paper>
* layoutoffset:(h,v)=(0.0pt,0.0pt)
* modes: 
* h-part:(L,W,R)=(72.26999pt, 469.75502pt, 72.26999pt)
* v-part:(T,H,B)=(72.26999pt, 686.565pt, 36.135pt)
* \paperwidth=614.295pt
* \paperheight=794.96999pt
* \textwidth=469.75502pt
* \textheight=686.565pt
* \oddsidemargin=0.0pt
* \evensidemargin=0.0pt
* \topmargin=-37.0pt
* \headheight=12.0pt
* \headsep=25.0pt
* \topskip=10.0pt
* \footskip=30.0pt
* \marginparwidth=65.0pt
* \marginparsep=11.0pt
* \columnsep=10.0pt
* \skip\footins=9.0pt plus 4.0pt minus 2.0pt
* \hoffset=0.0pt
* \voffset=0.0pt
* \mag=1000
* \@twocolumnfalse
* \@twosidefalse
* \@mparswitchfalse
* \@reversemarginfalse
* (1in=72.27pt=25.4mm, 1cm=28.453pt)

LaTeX Font Info:    Try loading font information for OT1+ptmcm on input line 10
8.
(/usr/share/texlive/texmf-dist/tex/latex/psnfss/ot1ptmcm.fd
File: ot1ptmcm.fd 2000/01/03 Fontinst v1.801 font definitions for OT1/ptmcm.
)
LaTeX Font Info:    Try loading font information for OML+ptmcm on input line 10
8.

(/usr/share/texlive/texmf-dist/tex/latex/psnfss/omlptmcm.fd
File: omlptmcm.fd 2000/01/03 Fontinst v1.801 font definitions for OML/ptmcm.
)
LaTeX Font Info:    Try loading font information for OMS+pzccm on input line 10
8.

(/usr/share/texlive/texmf-dist/tex/latex/psnfss/omspzccm.fd
File: omspzccm.fd 2000/01/03 Fontinst v1.801 font definitions for OMS/pzccm.
)
LaTeX Font Info:    Try loading font information for OMX+psycm on input line 10
8.

(/usr/share/texlive/texmf-dist/tex/latex/psnfss/omxpsycm.fd
File: omxpsycm.fd 2000/01/03 Fontinst v1.801 font definitions for OMX/psycm.
)
LaTeX Font Info:    Font shape `OT1/ptm/bx/n' in size <17.28> not available
(Font)              Font shape `OT1/ptm/b/n' tried instead on input line 108.
LaTeX Font Info:    Font shape `OT1/ptm/bx/n' in size <12> not available
(Font)              Font shape `OT1/ptm/b/n' tried instead on input line 108.
LaTeX Font Info:    Font shape `OT1/ptm/bx/n' in size <10> not available
(Font)              Font shape `OT1/ptm/b/n' tried instead on input line 108.
LaTeX Font Info:    Font shape `OMS/ptm/m/n' in size <12> not available
(Font)              Font shape `OMS/pzccm/m/n' tried instead on input line 108.

LaTeX Font Info:    Font shape `OT1/ptm/bx/n' in size <9> not available
(Font)              Font shape `OT1/ptm/b/n' tried instead on input line 108.
LaTeX Font Info:    Font shape `OT1/ptm/bx/n' in size <7> not available
(Font)              Font shape `OT1/ptm/b/n' tried instead on input line 108.
 [1

]
LaTeX Font Info:    Font shape `OMS/ptm/m/n' in size <10> not available
(Font)              Font shape `OMS/pzccm/m/n' tried instead on input line 112.

 [1]
LaTeX Font Info:    Font shape `OT1/ptm/bx/n' in size <24.88> not available
(Font)              Font shape `OT1/ptm/b/n' tried instead on input line 120.

(./snort_manual.toc
LaTeX Font Info:    Font shape `OT1/ptm/bx/n' in size <7.4> not available
(Font)              Font shape `OT1/ptm/b/n' tried instead on input line 3.
LaTeX Font Info:    Font shape `OT1/ptm/bx/n' in size <6> not available
(Font)              Font shape `OT1/ptm/b/n' tried instead on input line 3.
 [2

] [3] [4] [5] [6] [7])
\tf@toc=\write4
\openout4 = `snort_manual.toc'.

 [8]
Chapter 1.
LaTeX Font Info:    Font shape `OT1/ptm/bx/n' in size <20.74> not available
(Font)              Font shape `OT1/ptm/b/n' tried instead on input line 122.
LaTeX Font Info:    Font shape `OT1/ptm/bx/n' in size <14.4> not available
(Font)              Font shape `OT1/ptm/b/n' tried instead on input line 134.
[9

]
LaTeX Font Info:    Font shape `OT1/phv/m/n' will be
(Font)              scaled to size 8.99994pt on input line 221.
LaTeX Font Info:    Font shape `OT1/phv/m/n' will be
(Font)              scaled to size 22.39185pt on input line 221.
LaTeX Font Info:    Font shape `OT1/phv/m/n' will be
(Font)              scaled to size 12.9599pt on input line 221.
LaTeX Font Info:    Font shape `OT1/ptm/bx/n' in size <10.95> not available
(Font)              Font shape `OT1/ptm/b/n' tried instead on input line 221.
LaTeX Font Info:    Font shape `OT1/ptm/bx/n' in size <8> not available
(Font)              Font shape `OT1/ptm/b/n' tried instead on input line 221.
 [10] [11]
Overfull \hbox (3.31364pt too wide) in paragraph at lines 375--380
[]\OT1/ptm/m/n/10 To send alerts to sys-log, use the -s switch. The de-fault fa
-cil-i-ties for the sys-log alert-ing mech-a-nism are LOG[]AUTHPRIV
 []

[12] [13] [14] [15] [16] [17] [18] [19] [20] [21] [22] [23] [24]
Overfull \hbox (0.665pt too wide) in paragraph at lines 1387--1387
 [] 
 []


Overfull \hbox (21.99596pt too wide) in paragraph at lines 1415--1457
[][] 
 []

[25]
Underfull \hbox (badness 10000) in paragraph at lines 1460--1464

 []

[26]
LaTeX Font Info:    Try loading font information for OMS+pcr on input line 1549
.
 (/usr/share/texlive/texmf-dist/tex/latex/psnfss/omspcr.fd
File: omspcr.fd 
)
LaTeX Font Info:    Font shape `OMS/pcr/m/n' in size <10> not available
(Font)              Font shape `OMS/cmsy/m/n' tried instead on input line 1549.

 [27]
Chapter 2.
[28

] [29] [30] [31]
Underfull \hbox (badness 10000) in paragraph at lines 1940--1940
[]|\OT1/pcr/m/n/10 config decode[]esp: [enable |
 []


Underfull \vbox (badness 10000) detected at line 1945
 []


Underfull \hbox (badness 10000) in paragraph at lines 1947--1947
[]|\OT1/pcr/m/n/10 config detection: [search-method
 []


Underfull \hbox (badness 2564) in paragraph at lines 1952--1957
[]\OT1/ptm/m/n/10 Queued match search meth-ods - Matches are
 []


Underfull \hbox (badness 1622) in paragraph at lines 1960--1961
\OT1/ptm/m/n/10 word Trie (low mem-ory, mod-er-ate per-for-
 []


Underfull \hbox (badness 1107) in paragraph at lines 1961--1962
[]\OT1/pcr/m/n/10 ac-split \OT1/ptm/m/n/10 - Aho-Corasick Full with ANY-
 []


Underfull \hbox (badness 1205) in paragraph at lines 1961--1962
\OT1/ptm/m/n/10 ANY port group eval-u-ated sep-a-rately (low
 []


Underfull \hbox (badness 4531) in paragraph at lines 1961--1962
\OT1/ptm/m/n/10 mem-ory, high per-for-mance). Note this
 []


Underfull \hbox (badness 10000) in paragraph at lines 1961--1962
\OT1/ptm/m/n/10 is short-hand for \OT1/pcr/m/n/10 search-method ac,
 []


Underfull \hbox (badness 1173) in paragraph at lines 1979--1980
[]\OT1/pcr/m/n/10 acs \OT1/ptm/m/n/10 - Aho-Corasick Sparse (high mem-ory,
 []


Underfull \hbox (badness 3838) in paragraph at lines 1980--1981
[]\OT1/pcr/m/n/10 ac-banded \OT1/ptm/m/n/10 - Aho-Corasick Banded (high
 []


Underfull \hbox (badness 7433) in paragraph at lines 1981--1982
[]\OT1/pcr/m/n/10 ac-sparsebands \OT1/ptm/m/n/10 - Aho-Corasick Sparse-
 []


Underfull \hbox (badness 10000) in paragraph at lines 1987--1987
[]|\OT1/pcr/m/n/10 config detection: [split-any-any]
 []


Underfull \hbox (badness 10000) in paragraph at lines 1987--1987
\OT1/pcr/m/n/10 [search-optimize] [max-pattern-len
 []


Underfull \hbox (badness 10000) in paragraph at lines 2029--2029
[]|\OT1/pcr/m/n/10 config detection:
 []


Underfull \hbox (badness 10000) in paragraph at lines 2029--2029
\OT1/pcr/m/n/10 [no[]stream[]inserts]
 []


Underfull \hbox (badness 10000) in paragraph at lines 2029--2029
\OT1/pcr/m/n/10 [max[]queue[]events <int>]
 []


Underfull \hbox (badness 10000) in paragraph at lines 2029--2029
\OT1/pcr/m/n/10 [enable-single-rule-group]
 []


Underfull \hbox (badness 10000) in paragraph at lines 2056--2056
[]|\OT1/pcr/m/n/10 config detection: [debug]
 []


Underfull \hbox (badness 10000) in paragraph at lines 2056--2056
\OT1/pcr/m/n/10 [debug-print-nocontent-rule-tests]
 []


Overfull \hbox (13.12408pt too wide) in paragraph at lines 2056--2056
\OT1/pcr/m/n/10 [debug-print-rule-group-build-details]
 []


Overfull \hbox (2.92413pt too wide) in paragraph at lines 2056--2056
\OT1/pcr/m/n/10 [debug-print-rule-groups-uncompiled]
 []


Underfull \hbox (badness 10000) in paragraph at lines 2056--2056
\OT1/pcr/m/n/10 [debug-print-rule-groups-compiled]
 []


Underfull \hbox (badness 10000) in paragraph at lines 2056--2056
\OT1/pcr/m/n/10 [debug-print-fast-pattern]
 []


Underfull \hbox (badness 2237) in paragraph at lines 2085--2088
[]\OT1/ptm/m/n/10 Prints a warn-ing if the num-ber of source or
 []


Underfull \hbox (badness 4967) in paragraph at lines 2085--2088
\OT1/ptm/m/n/10 des-ti-na-tion ports used in a rule ex-ceed the
 []


Underfull \hbox (badness 1286) in paragraph at lines 2085--2088
\OT1/pcr/m/n/10 bleedover-port-limit \OT1/ptm/m/n/10 forc-ing the rule to be
 []


Underfull \hbox (badness 1348) in paragraph at lines 2096--2100
[]|\OT1/ptm/m/n/10 Disables failopen thread that al-lows in-line traf-fic to pa
ss
 []


Underfull \hbox (badness 2635) in paragraph at lines 2096--2100
\OT1/ptm/m/n/10 while Snort is start-ing up. Only use-ful if Snort was
 []


Underfull \hbox (badness 10000) in paragraph at lines 2096--2100
\OT1/ptm/m/n/10 con-fig-ured with --enable-inline-init-failopen. (\OT1/pcr/m/n/
10 snort
 []


Overfull \hbox (3.5242pt too wide) in paragraph at lines 2114--2114
[]|\OT1/pcr/m/n/10 config disable[]tcpopt[]obsolete[]alerts| 
 []


Overfull \hbox (3.5242pt too wide) in paragraph at lines 2141--2141
[]|\OT1/pcr/m/n/10 config enable[]decode[]oversized[]alerts| 
 []


Underfull \hbox (badness 10000) in paragraph at lines 2199--2199
[]|\OT1/pcr/m/n/10 config event[]filter: memcap
 []


Underfull \hbox (badness 10000) in paragraph at lines 2203--2204
[]|\OT1/pcr/m/n/10 config event[]queue: [max[]queue
 []


Underfull \hbox (badness 10000) in paragraph at lines 2203--2204
\OT1/pcr/m/n/10 <num>] [log <num>] [order[]events
 []


Underfull \hbox (badness 10000) in paragraph at lines 2221--2221
[]|\OT1/pcr/m/n/10 config ignore[]ports: <proto>
 []


Underfull \hbox (badness 10000) in paragraph at lines 2230--2232
[]|\OT1/pcr/m/n/10 config ipv6[]frag:
 []


Underfull \hbox (badness 10000) in paragraph at lines 2230--2232
\OT1/pcr/m/n/10 [bsd[]icmp[]frag[]alert on|off]
 []


Underfull \hbox (badness 10000) in paragraph at lines 2230--2232
\OT1/pcr/m/n/10 [, bad[]ipv6[]frag[]alert on|off]
 []


Underfull \hbox (badness 10000) in paragraph at lines 2230--2232
\OT1/pcr/m/n/10 [, frag[]timeout <secs>] [,
 []


Overfull \hbox (12.22418pt too wide) in paragraph at lines 2267--2267
[]|\OT1/pcr/m/n/10 config max[]attribute[]services[]per[]host:
 []


Underfull \hbox (badness 10000) in paragraph at lines 2276--2276
[]|\OT1/pcr/m/n/10 config max[]mpls[]labelchain[]len:
 []


Underfull \hbox (badness 10000) in paragraph at lines 2281--2281
[]|\OT1/pcr/m/n/10 config max[]ip6[]extensions:
 []

[32] [33] [34] [35] [36]
Underfull \hbox (badness 10000) in paragraph at lines 2289--2289
[]|\OT1/pcr/m/n/10 config mpls[]payload[]type:
 []


Underfull \hbox (badness 10000) in paragraph at lines 2311--2311
[]|\OT1/pcr/m/n/10 config pcre[]match[]limit:
 []


Underfull \hbox (badness 10000) in paragraph at lines 2318--2318
[]|\OT1/pcr/m/n/10 config pcre[]match[]limit[]recursion:
 []


Underfull \hbox (badness 10000) in paragraph at lines 2329--2329
[]|\OT1/pcr/m/n/10 config policy[]version:
 []


Underfull \hbox (badness 10000) in paragraph at lines 2329--2329
\OML/ptmcm/m/it/10 <$\OT1/pcr/m/n/10 base-version-string$\OML/ptmcm/m/it/10 >$
 []


Underfull \hbox (badness 10000) in paragraph at lines 2347--2348
[]|\OT1/pcr/m/n/10 config protected[]content:
 []


Underfull \hbox (badness 5359) in paragraph at lines 2360--2362
[]|\OT1/ptm/m/n/10 Adds a new ref-er-ence sys-tem to Snort, e.g.: myref
 []


Underfull \hbox (badness 10000) in paragraph at lines 2371--2371
[]|\OT1/pcr/m/n/10 config response: [attempts
 []

[37]
Underfull \hbox (badness 10000) in paragraph at lines 2402--2402
[]|\OT1/pcr/m/n/10 config tagged[]packet[]limit:
 []


Underfull \hbox (badness 10000) in paragraph at lines 2439--2439
[]|\OT1/pcr/m/n/10 config policy[]mode:
 []


Underfull \hbox (badness 6316) in paragraph at lines 2439--2441
[]|\OT1/ptm/m/n/10 Sets the pol-icy mode to ei-ther \OT1/pcr/m/n/10 passive\OT1
/ptm/m/n/10 , \OT1/pcr/m/n/10 inline \OT1/ptm/m/n/10 or
 []


Underfull \hbox (badness 10000) in paragraph at lines 2446--2446
[]|\OT1/pcr/m/n/10 config tunnel[]verdicts:
 []

[38] [39] [40] [41] [42]
Overfull \hbox (3.95944pt too wide) in paragraph at lines 2769--2860
 [] 
 []

[43]
Overfull \hbox (60.05917pt too wide) in paragraph at lines 2873--2908
 [] 
 []

[44] [45]
Underfull \hbox (badness 3547) in paragraph at lines 3058--3059
[]|\OT1/ptm/m/n/10 Windows 2000, Win-dows XP, Win-dows
 []


Underfull \hbox (badness 10000) in paragraph at lines 3100--3100
[]|\OT1/pcr/m/n/10 require[]3whs [<number
 []


Underfull \hbox (badness 10000) in paragraph at lines 3162--3162
[]|\OT1/pcr/m/n/10 small[]segments <number>
 []


Underfull \hbox (badness 10000) in paragraph at lines 3162--3162
\OT1/pcr/m/n/10 bytes <number> [ignore[]ports
 []


Underfull \hbox (badness 10000) in paragraph at lines 3174--3174
[]|\OT1/pcr/m/n/10 ports <client|server|both>
 []


Underfull \hbox (badness 10000) in paragraph at lines 3185--3185
[]|\OT1/pcr/m/n/10 protocol
 []


Underfull \hbox (badness 10000) in paragraph at lines 3185--3185
\OT1/pcr/m/n/10 <client|server|both>
 []


Underfull \hbox (badness 2005) in paragraph at lines 3188--3195
\OT1/ptm/m/n/10 de-fault set-tings are \OT1/pcr/m/n/10 ports client ftp telnet 
smtp nameserver
 []


Underfull \hbox (badness 10000) in paragraph at lines 3188--3195
\OT1/pcr/m/n/10 dns http pop3 sunrpc dcerpc netbios-ssn imap login shell
 []


Underfull \vbox (badness 10000) detected at line 3215
 []

[46] [47] [48] [49] [50] [51] [52] [53] [54] [55] [56] [57] [58] [59] [60]
Overfull \hbox (0.665pt too wide) in paragraph at lines 4169--4169
 [] 
 []


Overfull \hbox (0.665pt too wide) in paragraph at lines 4203--4203
 [] 
 []


Overfull \hbox (0.665pt too wide) in paragraph at lines 4218--4218
 [] 
 []


Overfull \hbox (0.665pt too wide) in paragraph at lines 4236--4236
 [] 
 []

[61]
Overfull \hbox (0.665pt too wide) in paragraph at lines 4257--4257
 [] 
 []

[62]

LaTeX Warning: `h' float specifier changed to `ht'.

[63]

LaTeX Warning: `h' float specifier changed to `ht'.

[64] [65]
Overfull \hbox (0.665pt too wide) in paragraph at lines 4672--4672
 [] 
 []

[66]
Overfull \hbox (0.665pt too wide) in paragraph at lines 4744--4744
 [] 
 []

[67]
Overfull \hbox (70.34254pt too wide) in paragraph at lines 4823--4823
 []\OT1/pcr/m/n/10 <script>document.write(unescape(unescape("%48%65%6C%6C%6F%2C
%20%73%6E%6F%72%74%20%74%65%61%6D%21")));[] 
 []


Overfull \hbox (5.63063pt too wide) in paragraph at lines 4825--4827
[]\OT1/ptm/m/n/10 The above javascript will gen-er-ate the pre-pro-ces-sor aler
t with SID 9 and GIDF 120 when \OT1/pcr/m/n/10 normalize[]javascript
 []


Overfull \hbox (106.04237pt too wide) in paragraph at lines 4838--4838
 []\OT1/pcr/m/n/10 String.fromCharCode(0x48, 0x65, 0x6c, 0x6c, 111, 44, 32, 115
, 110, 111, 114, 116, 32, 116, 101, 97, 109, 33)[] 
 []

[68]
Overfull \hbox (24.44276pt too wide) in paragraph at lines 4876--4876
 []\OT1/pcr/m/n/10 xff_headers { [ x-forwarded-highest-priority 1 ] [ x-forward
ed-second-highest-priority 2 ] \[] 
 []


Overfull \hbox (0.665pt too wide) in paragraph at lines 4920--4920
 [] 
 []

[69]
Overfull \hbox (0.665pt too wide) in paragraph at lines 4960--4960
 [] 
 []

[70] [71] [72] [73]
Overfull \hbox (0.665pt too wide) in paragraph at lines 5295--5295
 [] 
 []


Overfull \hbox (0.665pt too wide) in paragraph at lines 5311--5311
 [] 
 []


Overfull \hbox (0.665pt too wide) in paragraph at lines 5329--5329
 [] 
 []

[74] [75] [76] [77] [78]
Overfull \hbox (32.58084pt too wide) in paragraph at lines 5703--5705
[]\OT1/ptm/m/n/10 Max SMTP ses-sions log-ging email head-ers at any given time 
= mem-cap/(1024 + 1024 + 1024 + \OT1/pcr/m/n/10 email[]hdrs[]log[]depth\OT1/ptm
/m/n/10 ) 
 []

[79] [80]
Overfull \hbox (39.31042pt too wide) in paragraph at lines 5804--5808
[]\OT1/ptm/m/n/10 Disables the POP pre-pro-ces-sor in a con-fig. This is use-fu
l when spec-i-fy-ing the de-cod-ing depths such as \OT1/pcr/m/n/10 b64[]decode[
]depth\OT1/ptm/m/n/10 ,
 []

[81]
Overfull \hbox (62.01253pt too wide) in paragraph at lines 5897--5900
[]\OT1/ptm/m/n/10 max pop ses-sion = \OT1/pcr/m/n/10 memcap \OT1/ptm/m/n/10 /(2
 * max of (\OT1/pcr/m/n/10 b64[]decode[]depth\OT1/ptm/m/n/10 , \OT1/pcr/m/n/10 
uu[]decode[]depth\OT1/ptm/m/n/10 , \OT1/pcr/m/n/10 qp[]decode[]depth \OT1/ptm/m
/n/10 or \OT1/pcr/m/n/10 bitenc[]decode[]depth\OT1/ptm/m/n/10 )) 
 []

[82] [83]
Overfull \hbox (67.01225pt too wide) in paragraph at lines 6067--6070
[]\OT1/ptm/m/n/10 max imap ses-sion = \OT1/pcr/m/n/10 memcap \OT1/ptm/m/n/10 /(
2 * max of (\OT1/pcr/m/n/10 b64[]decode[]depth\OT1/ptm/m/n/10 , \OT1/pcr/m/n/10
 uu[]decode[]depth\OT1/ptm/m/n/10 , \OT1/pcr/m/n/10 qp[]decode[]depth \OT1/ptm/
m/n/10 or \OT1/pcr/m/n/10 bitenc[]decode[]depth\OT1/ptm/m/n/10 )) 
 []

[84] [85]
Overfull \hbox (0.665pt too wide) in paragraph at lines 6181--6181
 [] 
 []

[86] [87] [88]
Overfull \hbox (0.26102pt too wide) in paragraph at lines 6418--6424
\OT1/ptm/m/n/10 a for-mat us-ing YYYYM-MD-DHH-mmss[.uuu]. Some oth-ers ac-cept 
a for-mat us-ing YYYYMMDDHHmmss[+|-
 []

[89] [90] [91] [92] [93] [94] [95] [96]
Underfull \hbox (badness 10000) in paragraph at lines 7050--7052

 []

[97] [98]
Underfull \hbox (badness 10000) in paragraph at lines 7303--7307

 []


Underfull \hbox (badness 10000) in paragraph at lines 7314--7316

 []

[99]
Overfull \hbox (6.78113pt too wide) in paragraph at lines 7423--7425
[]\OT1/ptm/m/n/10 Stands for connection-oriented DCE/RPC. Alert on events re-la
ted to connection-oriented DCE/RPC
 []

[100]
Overfull \hbox (7.60341pt too wide) in paragraph at lines 7500--7500
[]    \OT1/pcr/m/n/8 preprocessor dcerpc2: memcap 50000, events [memcap, smb, c
o, cl], max_frag_len 14440, smb_fingerprint_policy both[] 
 []


Underfull \hbox (badness 10000) in paragraph at lines 7552--7553
[]\OT1/pcr/m/n/10 detect [smb [139,445], tcp 135,
 []


Underfull \hbox (badness 10000) in paragraph at lines 7552--7553
\OT1/pcr/m/n/10 udp 135, rpc-over-http-server
 []


Underfull \hbox (badness 10000) in paragraph at lines 7556--7557
[]\OT1/pcr/m/n/10 autodetect [tcp 1025:, udp 1025:,
 []


Overfull \hbox (29.02025pt too wide) in paragraph at lines 7535--7573
[][] 
 []

[101] [102] [103] [104]
Underfull \hbox (badness 10000) in paragraph at lines 7835--7836

 []


Underfull \vbox (badness 10000) detected at line 7853
 []


Underfull \vbox (badness 10000) detected at line 7963
 []


Underfull \hbox (badness 5563) in paragraph at lines 8039--8047
[]|\OT1/ptm/m/n/10 There are some com-mands that can be used that can be con-si
d-ered un-usual in
 []


Underfull \hbox (badness 7486) in paragraph at lines 8039--8047
\OT1/ptm/m/n/10 the con-text they are used. These in-clude some of the trans-ac
-tion com-mands
 []


Underfull \hbox (badness 10000) in paragraph at lines 8039--8047
\OT1/ptm/m/n/10 such as: \OT1/pcr/m/n/10 SMB[]COM[]TRANSACTION / TRANS[]READ[]N
MPIPE SMB[]COM[]TRANSACTION /
 []


Underfull \hbox (badness 10000) in paragraph at lines 8039--8047
\OT1/pcr/m/n/10 TRANS[]WRITE[]NMPIPE SMB[]COM[]TRANSACTION2 / TRANS2[]OPEN2 SMB
[]COM[]NT[]TRANSACT
 []

[105] [106]
Underfull \vbox (badness 10000) detected at line 8131
 []

[107]
Underfull \vbox (badness 10000) detected at line 8156
 []


Underfull \hbox (badness 10000) in paragraph at lines 8187--8222

 []

[108]
LaTeX Font Info:    Try loading font information for OML+ptm on input line 8248
.
 (/usr/share/texlive/texmf-dist/tex/latex/psnfss/omlptm.fd
File: omlptm.fd 
)
LaTeX Font Info:    Font shape `OML/ptm/m/n' in size <10> not available
(Font)              Font shape `OML/cmm/m/it' tried instead on input line 8248.

 [109]
Overfull \hbox (0.665pt too wide) in paragraph at lines 8311--8311
 [] 
 []


Underfull \hbox (badness 10000) in paragraph at lines 8319--8324

 []


Underfull \hbox (badness 10000) in paragraph at lines 8364--8365

 []

[110] [111] [112] [113]
Overfull \hbox (22.665pt too wide) in paragraph at lines 8688--8688
 [] 
 []

[114] [115] [116]
Underfull \hbox (badness 10000) in paragraph at lines 8971--8972

 []

[117]
Underfull \hbox (badness 10000) in paragraph at lines 8993--8994
[]\OT1/pcr/m/n/10 methods \OMS/cmsy/m/n/10 f \OT1/pcr/m/n/10 invite cancel ack 
bye
 []


Overfull \hbox (8.62035pt too wide) in paragraph at lines 8979--9014
[][] 
 []

[118] [119]
Underfull \vbox (badness 10000) detected at line 9242
 []

[120]
Underfull \hbox (badness 10000) in paragraph at lines 9282--9289

 []

[121]
Underfull \hbox (badness 10000) in paragraph at lines 9316--9319

 []


Underfull \hbox (badness 10000) in paragraph at lines 9327--9330

 []


Underfull \hbox (badness 10000) in paragraph at lines 9344--9346

 []


Underfull \hbox (badness 10000) in paragraph at lines 9365--9368

 []


Underfull \hbox (badness 10000) in paragraph at lines 9386--9387

 []


Underfull \hbox (badness 10000) in paragraph at lines 9388--9389

 []


Underfull \hbox (badness 10000) in paragraph at lines 9389--9390

 []

[122]
Underfull \hbox (badness 10000) in paragraph at lines 9408--9409

 []

[123] [124]
Underfull \vbox (badness 10000) detected at line 9618
 []

[125]
Underfull \hbox (badness 10000) in paragraph at lines 9737--9740

 []


Underfull \hbox (badness 10000) in paragraph at lines 9746--9749

 []

[126]
Underfull \hbox (badness 10000) in paragraph at lines 9750--9753

 []


Underfull \hbox (badness 10000) in paragraph at lines 9754--9757

 []


Underfull \hbox (badness 10000) in paragraph at lines 9758--9760

 []


Overfull \hbox (3.62416pt too wide) in paragraph at lines 9796--9799
[]\OT1/ptm/m/n/10 When the de-coder is en-abled and con-fig-ured, the de-coder 
strips the GTP head-ers and parses the un-der-ly-ing IP/TCP/UDP
 []

[127]
Underfull \vbox (badness 10000) detected at line 9899
 []


Overfull \vbox (7.94354pt too high) has occurred while \output is active []


[128]
Underfull \vbox (badness 10000) detected at line 9912
 []


Underfull \hbox (badness 10000) in paragraph at lines 9942--9945

 []


Underfull \vbox (badness 10000) detected at line 10005
 []

[129] [130] [131]
Underfull \hbox (badness 10000) in paragraph at lines 10253--10256

 []


Underfull \vbox (badness 10000) detected at line 10315
 []

[132] [133] [134]
Underfull \hbox (badness 10000) in paragraph at lines 10623--10626

 []

[135] [136]
Underfull \vbox (badness 10000) detected at line 10835
 []

[137]
Overfull \hbox (1.13083pt too wide) in paragraph at lines 10919--10924
[]\OT1/ptm/m/n/10 This op-tion makes the pre-pro-ces-sor val-i-date the check-s
ums con-tained in DNP3 Link-Layer Frames. Frames
 []

[138] [139] [140]
Underfull \vbox (badness 10000) detected at line 11139
 []

[141]
Underfull \hbox (badness 10000) in paragraph at lines 11208--11209
[]\OT1/pcr/m/n/10 app[]detector[]dir \OMS/cmsy/m/n/10 f
 []


Overfull \hbox (25.42024pt too wide) in paragraph at lines 11203--11218
[][] 
 []

[142] [143] [144] [145]
Overfull \hbox (19.08502pt too wide) in paragraph at lines 11560--11563
[]\OT1/ptm/m/n/10 See \OT1/pcr/m/n/10 README.decode\OT1/ptm/m/n/10 , \OT1/pcr/m
/n/10 README.gre \OT1/ptm/m/n/10 and the var-i-ous pre-pro-ces-sor READMEs for 
de-scrip-tions of the rules in \OT1/pcr/m/n/10 decoder.rules
 []


LaTeX Warning: `h' float specifier changed to `ht'.

[146] [147]
Underfull \hbox (badness 10000) in paragraph at lines 11733--11733
[]\OT1/pcr/m/n/10 track by[]src | by[]dst |
 []


Underfull \hbox (badness 10000) in paragraph at lines 11758--11758
[]\OT1/pcr/m/n/10 new[]action alert | drop |
 []

[148]
Overfull \hbox (6.95938pt too wide) in paragraph at lines 11862--11911
 [] 
 []

[149] [150] [151] [152] [153] [154] [155] [156] [157] [158] [159] [160]
[161] [162] [163] [164] [165] [166] [167] [168] [169] [170] [171]
Underfull \vbox (badness 10000) detected at line 13553
 []

[172]
Underfull \hbox (badness 10000) in paragraph at lines 13574--13575
[]|\OT1/pcr/m/n/10 dynamicpreprocessor $\OT1/ptmcm/m/n/10 [$ \OT1/pcr/m/n/10 fi
le
 []


Underfull \hbox (badness 10000) in paragraph at lines 13574--13575
\OML/ptmcm/m/it/10 <$\OT1/pcr/m/n/10 shared library path$\OML/ptmcm/m/it/10 >$ 
$\OMS/pzccm/m/n/10 j$
 []


Underfull \hbox (badness 10000) in paragraph at lines 13574--13575
\OT1/pcr/m/n/10 directory $\OML/ptmcm/m/it/10 <$\OT1/pcr/m/n/10 directory of
 []


Underfull \hbox (badness 3078) in paragraph at lines 13577--13585
[]|\OT1/ptm/m/n/10 Tells snort to load the dy-namic pre-pro-ces-sor shared li-b
rary (if
 []


Underfull \hbox (badness 1845) in paragraph at lines 13577--13585
\OT1/ptm/m/n/10 file is used) or all dy-namic pre-pro-ces-sor shared li-braries
 (if di-
 []


Underfull \hbox (badness 3019) in paragraph at lines 13577--13585
\OT1/ptm/m/n/10 rec-tory is used). Spec-ify \OT1/pcr/m/n/10 file\OT1/ptm/m/n/10
 , fol-lowed by the full or rel-
 []


Underfull \hbox (badness 2538) in paragraph at lines 13577--13585
\OT1/ptm/m/n/10 a-tive path to the shared li-brary. Or, spec-ify \OT1/pcr/m/n/1
0 directory\OT1/ptm/m/n/10 , fol-
 []


Underfull \hbox (badness 1259) in paragraph at lines 13577--13585
\OT1/ptm/m/n/10 lowed by the full or rel-a-tive path to a di-rec-tory of pre-pr
o-ces-sor
 []


Underfull \hbox (badness 10000) in paragraph at lines 13587--13588
[]|\OT1/pcr/m/n/10 dynamicengine $\OT1/ptmcm/m/n/10 [$ \OT1/pcr/m/n/10 file $\O
ML/ptmcm/m/it/10 <$\OT1/pcr/m/n/10 shared
 []


Underfull \hbox (badness 10000) in paragraph at lines 13587--13588
\OT1/pcr/m/n/10 library path$\OML/ptmcm/m/it/10 >$ $\OMS/pzccm/m/n/10 j$ \OT1/p
cr/m/n/10 directory
 []


Underfull \hbox (badness 10000) in paragraph at lines 13587--13588
\OML/ptmcm/m/it/10 <$\OT1/pcr/m/n/10 directory of shared
 []


Underfull \hbox (badness 10000) in paragraph at lines 13599--13600
[]|\OT1/pcr/m/n/10 dynamicdetection $\OT1/ptmcm/m/n/10 [$ \OT1/pcr/m/n/10 file
 []


Underfull \hbox (badness 10000) in paragraph at lines 13599--13600
\OML/ptmcm/m/it/10 <$\OT1/pcr/m/n/10 shared library path$\OML/ptmcm/m/it/10 >$ 
$\OMS/pzccm/m/n/10 j$
 []


Underfull \hbox (badness 10000) in paragraph at lines 13599--13600
\OT1/pcr/m/n/10 directory $\OML/ptmcm/m/it/10 <$\OT1/pcr/m/n/10 directory of
 []


Underfull \vbox (badness 10000) detected at line 13612
 []

[173] [174] [175]
LaTeX Font Info:    Font shape `OT1/pcr/bx/n' in size <10> not available
(Font)              Font shape `OT1/pcr/b/n' tried instead on input line 13788.

 [176] [177] [178] [179] [180] [181]
Chapter 3.
[182

] [183] [184] [185] [186] [187] [188] [189] [190] [191] [192] [193]
[194]
Overfull \hbox (16.85472pt too wide) in paragraph at lines 15274--15276
[]\OT1/ptm/m/n/10 As this key-word is a mod-i-fier to the pre-vi-ous \OT1/pcr/m
/n/10 content \OT1/ptm/m/n/10 key-word, there must be a con-tent in the rule be
-fore 'http[]client[]body'
 []

[195]
Overfull \hbox (18.71515pt too wide) in paragraph at lines 15351--15355
[]\OT1/ptm/m/n/10 As this key-word is a mod-i-fier to the pre-vi-ous \OT1/pcr/m
/n/10 content \OT1/ptm/m/n/10 key-word, there must be a con-tent in the rule be
-fore \OT1/pcr/m/n/10 http[]raw[]cookie
 []

[196]
Overfull \hbox (18.71515pt too wide) in paragraph at lines 15421--15423
[]\OT1/ptm/m/n/10 As this key-word is a mod-i-fier to the pre-vi-ous \OT1/pcr/m
/n/10 content \OT1/ptm/m/n/10 key-word, there must be a con-tent in the rule be
-fore \OT1/pcr/m/n/10 http[]raw[]header
 []

[197]
Overfull \hbox (3.41522pt too wide) in paragraph at lines 15515--15517
[]\OT1/ptm/m/n/10 As this key-word is a mod-i-fier to the pre-vi-ous \OT1/pcr/m
/n/10 content \OT1/ptm/m/n/10 key-word, there must be a con-tent in the rule be
-fore \OT1/pcr/m/n/10 http[]raw[]uri
 []

[198]
Overfull \hbox (13.61517pt too wide) in paragraph at lines 15545--15547
[]\OT1/ptm/m/n/10 As this key-word is a mod-i-fier to the pre-vi-ous \OT1/pcr/m
/n/10 content \OT1/ptm/m/n/10 key-word, there must be a con-tent in the rule be
-fore \OT1/pcr/m/n/10 http[]stat[]code
 []


Overfull \hbox (8.5152pt too wide) in paragraph at lines 15579--15581
[]\OT1/ptm/m/n/10 As this key-word is a mod-i-fier to the pre-vi-ous \OT1/pcr/m
/n/10 content \OT1/ptm/m/n/10 key-word, there must be a con-tent in the rule be
-fore \OT1/pcr/m/n/10 http[]stat[]msg
 []

[199]
Overfull \hbox (81.04234pt too wide) in paragraph at lines 15661--15661
[]    \OT1/pcr/m/n/10 http_encode:[uri|header|cookie], [!][<utf8|double_encode|
non_ascii|uencode|bare_byte|ascii|iis_encode>];[] 
 []


Overfull \hbox (45.34251pt too wide) in paragraph at lines 15667--15667
[]    \OT1/pcr/m/n/10 alert tcp any any -> any any (msg:"UTF8/UEncode Encoding 
present"; http_encode:uri,utf8|uencode;)[] 
 []

[200] [201]
Overfull \hbox (14.74266pt too wide) in paragraph at lines 15768--15768
[]\OT1/pcr/m/n/10 alert tcp any any -> any 80 (content:"ABCDEFGH"; content:"IJK
LMNO"; nocase; fast_pattern:only;)[] 
 []


LaTeX Warning: `h' float specifier changed to `ht'.

[202] [203]
Underfull \hbox (badness 3179) in paragraph at lines 16064--16067
[]\OT1/ptm/m/n/10 Match nor-mal-ized HTTP re-quest or HTTP re-sponse header (Si
m-i-lar to
 []


Underfull \hbox (badness 1675) in paragraph at lines 16067--16068
[]\OT1/ptm/m/n/10 For SIP mes-sage, match SIP header for re-quest or re-sponse 
(Sim-i-lar to
 []


Underfull \hbox (badness 1430) in paragraph at lines 16071--16074
[]\OT1/ptm/m/n/10 Match un-nor-mal-ized HTTP re-quest or HTTP re-sponse header 
(Sim-i-lar to
 []


Underfull \hbox (badness 3168) in paragraph at lines 16081--16084
[]\OT1/ptm/m/n/10 Match nor-mal-ized HTTP re-quest or HTTP re-sponse cookie (Si
m-i-lar to
 []


Underfull \hbox (badness 1424) in paragraph at lines 16087--16090
[]\OT1/ptm/m/n/10 Match un-nor-mal-ized HTTP re-quest or HTTP re-sponse cookie 
(Sim-i-lar to
 []

[204]
Overfull \hbox (9.64268pt too wide) in paragraph at lines 16125--16125
[]    \OT1/pcr/m/n/10 alert tcp any any -> any 80 (content:"/foo.php?id="; pcre
:"/\/foo.php?id=[0-9]{1,10}/iU";)[] 
 []


Overfull \hbox (65.74242pt too wide) in paragraph at lines 16167--16167
[]        \OT1/pcr/m/n/10 alert tcp any any -> any any(msg:"Absolute Match"; pk
t_data; content:"BLAH"; offset:0; depth:10;)[] 
 []

[205] [206]
Overfull \hbox (30.04259pt too wide) in paragraph at lines 16216--16216
[]\OT1/pcr/m/n/10 alert tcp any any -> any any(msg:"Absolute Match"; file_data;
 content:"BLAH"; offset:0; depth:10;)[] 
 []


Overfull \hbox (50.44249pt too wide) in paragraph at lines 16216--16216
[]\OT1/pcr/m/n/10 The following rule searches for content "foo" within the file
_data buffer and content "bar" within the[] 
 []


Overfull \hbox (14.74266pt too wide) in paragraph at lines 16216--16216
[]\OT1/pcr/m/n/10 entire packet payload. The rule option pkt_data will reset th
e cursor used for detection to the[] 
 []


Overfull \hbox (24.94261pt too wide) in paragraph at lines 16216--16216
[]\OT1/pcr/m/n/10 alert tcp any any -> any any(msg:"FILE DATA"; file_data; cont
ent:"foo"; pkt_data; content:"bar";)[] 
 []

[207]
Overfull \hbox (2.95544pt too wide) in paragraph at lines 16292--16294
[]\OT1/ptm/m/n/10 This op-tion does not take any ar-gu-ments. The rule op-tion 
\OT1/pcr/m/n/10 base64[]decode \OT1/ptm/m/n/10 needs to be spec-i-fied be-fore 
the \OT1/pcr/m/n/10 base64[]data
 []

[208]
LaTeX Font Info:    Font shape `OMS/ptm/m/it' in size <10> not available
(Font)              Font shape `OMS/pzccm/m/n' tried instead on input line 1641
1.
 [209] [210] [211] [212] [213]
Overfull \hbox (24.94261pt too wide) in paragraph at lines 16803--16803
[]        \OT1/pcr/m/n/10 byte_math: bytes 2, offset 0, oper -, rvalue 100, res
ult var, relative, bitmask 0x7FF0; \[] 
 []

[214]
Overfull \hbox (4.54271pt too wide) in paragraph at lines 16803--16803
[]        \OT1/pcr/m/n/10 byte_math: bytes 5, offset 0, oper +, rvalue extracte
d_val, result var, string hex; \[] 
 []


Overfull \hbox (177.94188pt too wide) in paragraph at lines 16842--16842
[]    \OT1/pcr/m/n/10 asn1:[bitstring_overflow][, double_overflow][, oversize_l
ength <value>][, absolute_offset <value>|relative_offset <value>];[] 
 []


Overfull \hbox (1.37294pt too wide) in paragraph at lines 16844--16889
[][] 
 []

[215] [216] [217] [218] [219] [220] [221] [222]
Overfull \hbox (16.0711pt too wide) in paragraph at lines 17526--17531
\OT1/ptm/m/n/10 The \OT1/pcr/m/n/10 flowbits \OT1/ptm/m/n/10 key-word is used i
n con-junc-tion with con-ver-sa-tion track-ing from the Ses-sion pre-pro-ces-so
r (see Section2.2.2[]).
 []

[223]
Overfull \hbox (24.94261pt too wide) in paragraph at lines 17545--17545
[]    \OT1/pcr/m/n/10 flowbits:[set|setx|unset|toggle|isset|isnotset|noalert|re
set][, <bits/bats>][, <GROUP_NAME>];[] 
 []

[224] [225]
Overfull \hbox (9.64268pt too wide) in paragraph at lines 17668--17668
[]   \OT1/pcr/m/n/10 flowbits:isnotset, bit1&bit2 => If both bit1 and bit2 are 
set, return true, otherwise false[] 
 []

[226] [227] [228] [229] [230] [231] [232] [233]
Underfull \hbox (badness 10000) in paragraph at lines 18340--18340
[]\OT1/pcr/m/n/10 track
 []


Overfull \hbox (7.82965pt too wide) in paragraph at lines 18435--18435
[]|\OT1/pcr/m/n/10 detection[]filter| 
 []

[234]
Overfull \hbox (6.95938pt too wide) in paragraph at lines 18474--18510
 [] 
 []


LaTeX Warning: `h' float specifier changed to `ht'.

[235] [236] [237] [238] [239] [240] [241]
Chapter 4.
[242

]
Overfull \hbox (39.8704pt too wide) in paragraph at lines 19017--19019
\OT1/ptm/m/n/10 A dy-namic rule should use any of the fol-low-ing data struc-tu
res. The fol-low-ing struc-tures are de-fined in \OT1/pcr/m/n/10 sf[]snort[]plu
gin[]api.h\OT1/ptm/m/n/10 . 
 []

[243] [244] [245] [246] [247] [248]
Overfull \hbox (55.04262pt too wide) in paragraph at lines 19411--19411
 []    \OT1/pcr/m/n/10 u_int32_t value;      /* Value to compare value against,
 for checkValue, or extracted value */[] 
 []

[249]
Overfull \hbox (202.94191pt too wide) in paragraph at lines 19444--19444
 []    \OT1/pcr/m/n/10 u_int32_t flags;            /* can be used to negate loo
p results, specifies                                 * relative. */[] 
 []

[250] [251]
Overfull \hbox (0.665pt too wide) in paragraph at lines 19672--19672
 [] 
 []

[252]
Overfull \hbox (59.61073pt too wide) in paragraph at lines 19677--19681
\OT1/ptm/m/n/10 Each dy-namic rules li-brary must de-fine the fol-low-ing func-
tions. Ex-am-ples are de-fined in the file \OT1/pcr/m/n/10 sfnort[]dynamic[]det
ection[]lib.c\OT1/ptm/m/n/10 .
 []

[253] [254] [255]
Overfull \hbox (22.53069pt too wide) in paragraph at lines 19872--19874
[]\OT1/ptm/m/n/10 Define the \OT1/ptm/m/it/10 FlowFlags \OT1/ptm/m/n/10 struc-t
ure and its cor-re-spond-ing \OT1/ptm/m/it/10 RuleOp-tion\OT1/ptm/m/n/10 . Per 
the text ver-sion, flow is from[]server,established. 
 []

[256] [257]
Chapter 5.
[258

] [259] [260] [261] [262] [263]
Overfull \hbox (0.665pt too wide) in paragraph at lines 20425--20425
 [] 
 []


Overfull \hbox (70.84239pt too wide) in paragraph at lines 20460--20460
[]   \OT1/pcr/m/n/10 ./snort -A cmg -k none -Q --daq-dir=<dir> --daq dump -r <p
cap> -c snort.conf --buffer-dump-alert=<file>[] 
 []


Overfull \hbox (40.24254pt too wide) in paragraph at lines 20460--20460
[]   \OT1/pcr/m/n/10 ./snort -A cmg -k none -Q --daq-dir=<dir> --daq dump -r <p
cap> -c snort.conf --buffer-dump=<file>[] 
 []

[264] [265]
Overfull \vbox (19.7418pt too high) has occurred while \output is active []


[266] [267] [268

] (./snort_manual.aux) ) 
Here is how much of TeX's memory you used:
 2271 strings out of 494831
 30981 string characters out of 6178406
 142349 words of memory out of 5000000
 5596 multiletter control sequences out of 15000+600000
 41268 words of font info for 97 fonts, out of 8000000 for 9000
 61 hyphenation exceptions out of 8191
 29i,15n,23p,778b,436s stack positions out of 5000i,500n,10000p,200000b,80000s

Output written on snort_manual.dvi (269 pages, 1034032 bytes).
